TN:
SF:/home/jovan/Documents/VS-2/SketchIt/SketchIt/server/game.cpp
FN:108,122,_ZN4Game20broadcastProfilePicsEv
FN:123,129,_ZN4Game7endGameEv
FN:132,176,_ZN4Game8nextTurnEv
FN:178,191,_ZN4Game12formatScoresEv
FN:19,21,_ZN4GameD0Ev
FN:19,21,_ZN4GameD2Ev
FN:193,203,_ZN4Game12updateScoresEv
FN:204,237,_ZN4Game16removeFromScoresEPK6Playeri
FN:23,29,_ZN4Game9startGameEv
FN:239,248,_ZN4Game14onWordSelectedERK7QString
FN:250,258,_ZN4Game19newPlayerRoundReadyEv
FN:260,282,_ZN4Game7endTurnEv
FN:284,303,_ZN4Game16startHangmanGameEv
FN:305,313,_ZN4Game16revealNextLetterEv
FN:31,54,_ZN4Game11handleGuessERK7QString
FN:57,67,_ZN4Game21sendPlayerScoreUpdateEP6Player
FN:6,17,_ZN4GameC2EP7ManagerP7QObject
FN:70,89,_ZN4Game14broadcastToAllERK7QStringP6Player
FN:92,106,_ZN4Game15broadcastSignalERK7QString
FNDA:0,_ZN4Game20broadcastProfilePicsEv
FNDA:0,_ZN4Game7endGameEv
FNDA:0,_ZN4Game8nextTurnEv
FNDA:0,_ZN4Game12formatScoresEv
FNDA:0,_ZN4GameD0Ev
FNDA:0,_ZN4GameD2Ev
FNDA:0,_ZN4Game12updateScoresEv
FNDA:0,_ZN4Game16removeFromScoresEPK6Playeri
FNDA:0,_ZN4Game9startGameEv
FNDA:0,_ZN4Game14onWordSelectedERK7QString
FNDA:0,_ZN4Game19newPlayerRoundReadyEv
FNDA:0,_ZN4Game7endTurnEv
FNDA:0,_ZN4Game16startHangmanGameEv
FNDA:0,_ZN4Game16revealNextLetterEv
FNDA:0,_ZN4Game11handleGuessERK7QString
FNDA:0,_ZN4Game21sendPlayerScoreUpdateEP6Player
FNDA:0,_ZN4GameC2EP7ManagerP7QObject
FNDA:0,_ZN4Game14broadcastToAllERK7QStringP6Player
FNDA:0,_ZN4Game15broadcastSignalERK7QString
FNF:19
FNH:0
DA:6,0
DA:7,0
DA:9,0
DA:10,0
DA:12,0
DA:13,0
DA:14,0
DA:15,0
DA:17,0
DA:19,0
DA:21,0
DA:23,0
DA:25,0
DA:26,0
DA:28,0
DA:29,0
DA:31,0
DA:33,0
DA:34,0
DA:35,0
DA:36,0
DA:37,0
DA:38,0
DA:39,0
DA:41,0
DA:43,0
DA:45,0
DA:47,0
DA:48,0
DA:49,0
DA:50,0
DA:54,0
DA:57,0
DA:59,0
DA:60,0
DA:61,0
DA:63,0
DA:64,0
DA:66,0
DA:67,0
DA:70,0
DA:72,0
DA:74,0
DA:76,0
DA:77,0
DA:78,0
DA:80,0
DA:81,0
DA:84,0
DA:89,0
DA:92,0
DA:94,0
DA:96,0
DA:97,0
DA:100,0
DA:101,0
DA:104,0
DA:106,0
DA:108,0
DA:110,0
DA:112,0
DA:113,0
DA:114,0
DA:115,0
DA:116,0
DA:118,0
DA:119,0
DA:121,0
DA:122,0
DA:123,0
DA:124,0
DA:125,0
DA:127,0
DA:129,0
DA:132,0
DA:135,0
DA:136,0
DA:139,0
DA:142,0
DA:144,0
DA:145,0
DA:147,0
DA:149,0
DA:152,0
DA:154,0
DA:155,0
DA:157,0
DA:158,0
DA:159,0
DA:163,0
DA:165,0
DA:166,0
DA:167,0
DA:169,0
DA:170,0
DA:173,0
DA:174,0
DA:176,0
DA:178,0
DA:179,0
DA:180,0
DA:181,0
DA:182,0
DA:183,0
DA:185,0
DA:186,0
DA:190,0
DA:191,0
DA:193,0
DA:195,0
DA:196,0
DA:197,0
DA:198,0
DA:199,0
DA:200,0
DA:203,0
DA:204,0
DA:206,0
DA:208,0
DA:209,0
DA:212,0
DA:213,0
DA:214,0
DA:216,0
DA:220,0
DA:221,0
DA:224,0
DA:226,0
DA:227,0
DA:228,0
DA:231,0
DA:232,0
DA:233,0
DA:239,0
DA:241,0
DA:242,0
DA:243,0
DA:244,0
DA:246,0
DA:247,0
DA:248,0
DA:250,0
DA:252,0
DA:253,0
DA:255,0
DA:256,0
DA:258,0
DA:260,0
DA:264,0
DA:265,0
DA:266,0
DA:267,0
DA:270,0
DA:271,0
DA:272,0
DA:275,0
DA:276,0
DA:277,0
DA:279,0
DA:281,0
DA:282,0
DA:284,0
DA:285,0
DA:286,0
DA:287,0
DA:290,0
DA:291,0
DA:292,0
DA:294,0
DA:295,0
DA:296,0
DA:299,0
DA:300,0
DA:301,0
DA:303,0
DA:305,0
DA:306,0
DA:307,0
DA:308,0
DA:309,0
DA:311,0
DA:313,0
LF:182
LH:0
end_of_record
TN:
SF:/home/jovan/Documents/VS-2/SketchIt/SketchIt/server/hangman.cpp
FN:25,32,_ZN7Hangman16revealNextLetterEv
FN:34,36,_ZNK7Hangman15getRevealedWordB5cxx11Ev
FN:38,40,_ZNK7Hangman10isCompleteEv
FN:6,23,_ZN7HangmanC2ERKNSt7__cxx1112basic_stringIcSt11char_traitsIcESaIcEEEiP7QObject
FNDA:24,_ZN7Hangman16revealNextLetterEv
FNDA:24,_ZNK7Hangman15getRevealedWordB5cxx11Ev
FNDA:18,_ZNK7Hangman10isCompleteEv
FNDA:24,_ZN7HangmanC2ERKNSt7__cxx1112basic_stringIcSt11char_traitsIcESaIcEEEiP7QObject
FNF:4
FNH:4
DA:6,24
DA:7,72
DA:10,60
DA:11,42
DA:16,18
DA:17,18
DA:19,18
DA:20,18
DA:21,18
DA:23,24
DA:25,24
DA:26,24
DA:27,24
DA:28,24
DA:29,24
DA:32,24
DA:34,24
DA:35,24
DA:38,18
DA:39,18
LF:20
LH:20
end_of_record
TN:
SF:/home/jovan/Documents/VS-2/SketchIt/SketchIt/server/hangman.h
FNF:0
FNH:0
LF:0
LH:0
end_of_record
TN:
SF:/home/jovan/Documents/VS-2/SketchIt/SketchIt/server/leaderboard.cpp
FN:103,122,_ZN11Leaderboard27ensureLeaderboardFileExistsEv
FN:13,51,_ZN11Leaderboard17updateLeaderboardER4QMapIP6PlayeriE
FN:5,10,_ZN11LeaderboardC2EP7QObject
FN:53,64,_ZN11Leaderboard21getLeaderboardResultsEv
FN:59,61,_ZZN11Leaderboard21getLeaderboardResultsEvENKUlRKSt4pairI7QStringiES4_E_clES4_S4_
FN:66,90,_ZN11Leaderboard14importFromJsonEv
FN:92,101,_ZN11Leaderboard15getUserDataPathEv
FNDA:90,_ZN11Leaderboard27ensureLeaderboardFileExistsEv
FNDA:12,_ZN11Leaderboard17updateLeaderboardER4QMapIP6PlayeriE
FNDA:90,_ZN11LeaderboardC2EP7QObject
FNDA:18,_ZN11Leaderboard21getLeaderboardResultsEv
FNDA:2298,_ZZN11Leaderboard21getLeaderboardResultsEvENKUlRKSt4pairI7QStringiES4_E_clES4_S4_
FNDA:90,_ZN11Leaderboard14importFromJsonEv
FNDA:90,_ZN11Leaderboard15getUserDataPathEv
FNF:7
FNH:7
DA:5,90
DA:6,90
DA:8,90
DA:9,90
DA:10,90
DA:13,12
DA:15,24
DA:17,12
DA:18,12
DA:19,12
DA:21,6
DA:25,6
DA:27,12
DA:29,12
DA:30,12
DA:32,294
DA:34,282
DA:35,282
DA:36,282
DA:37,282
DA:38,282
DA:40,12
DA:42,12
DA:43,12
DA:45,0
DA:46,0
DA:48,12
DA:49,12
DA:51,12
DA:53,18
DA:55,18
DA:56,438
DA:57,420
DA:59,18
DA:60,2298
DA:63,36
DA:64,18
DA:66,90
DA:68,90
DA:69,90
DA:70,0
DA:73,90
DA:74,90
DA:75,90
DA:77,90
DA:78,0
DA:81,90
DA:82,90
DA:84,2166
DA:85,2076
DA:86,2076
DA:87,2076
DA:88,2076
DA:89,2076
DA:90,90
DA:92,90
DA:94,90
DA:95,90
DA:96,90
DA:98,0
DA:100,180
DA:101,90
DA:103,90
DA:105,90
DA:106,90
DA:108,18
DA:109,18
DA:111,0
DA:112,0
DA:115,18
DA:116,18
DA:118,0
DA:119,0
DA:121,18
DA:122,90
LF:75
LH:66
end_of_record
TN:
SF:/home/jovan/Documents/VS-2/SketchIt/SketchIt/server/leaderboard.h
FNF:0
FNH:0
LF:0
LH:0
end_of_record
TN:
SF:/home/jovan/Documents/VS-2/SketchIt/SketchIt/server/manager.cpp
FN:118,137,_ZN7Manager16newPlayerIsReadyEv
FN:139,150,_ZN7Manager11onGameEndedE7QString
FN:152,166,_ZN7Manager20onPlayerConfirmedEndEv
FN:168,173,_ZN7Manager12onRoundEndedEv
FN:17,26,_ZN7Manager14getLeaderboardEv
FN:28,31,_ZN7Manager17updateLeaderbaordER4QMapIP6PlayeriE
FN:33,50,_ZN7Manager9addPlayerEP6Player
FN:4,7,_ZN7ManagerC2Ev
FN:51,59,_ZN7Manager15getPlayerByNickE7QString
FN:61,64,_ZN7Manager13gameIsRunningEv
FN:66,72,_ZN7Manager19onPassDrawingUpdateERK10QByteArray
FN:74,77,_ZN7Manager17onMessageReceivedERK7QStringP6Player
FN:79,82,_ZN7Manager14onWordSelectedERK7QString
FN:84,87,_ZNK7Manager13getAllPlayersEv
FN:89,92,_ZN7Manager15numberOfPlayersEv
FN:9,15,_ZN7ManagerD0Ev
FN:9,15,_ZN7ManagerD2Ev
FN:94,116,_ZN7Manager20onPlayerDisconnectedEP6Player
FNDA:0,_ZN7Manager16newPlayerIsReadyEv
FNDA:0,_ZN7Manager11onGameEndedE7QString
FNDA:0,_ZN7Manager20onPlayerConfirmedEndEv
FNDA:0,_ZN7Manager12onRoundEndedEv
FNDA:0,_ZN7Manager14getLeaderboardEv
FNDA:0,_ZN7Manager17updateLeaderbaordER4QMapIP6PlayeriE
FNDA:24,_ZN7Manager9addPlayerEP6Player
FNDA:30,_ZN7ManagerC2Ev
FNDA:12,_ZN7Manager15getPlayerByNickE7QString
FNDA:6,_ZN7Manager13gameIsRunningEv
FNDA:0,_ZN7Manager19onPassDrawingUpdateERK10QByteArray
FNDA:0,_ZN7Manager17onMessageReceivedERK7QStringP6Player
FNDA:0,_ZN7Manager14onWordSelectedERK7QString
FNDA:6,_ZNK7Manager13getAllPlayersEv
FNDA:12,_ZN7Manager15numberOfPlayersEv
FNDA:0,_ZN7ManagerD0Ev
FNDA:30,_ZN7ManagerD2Ev
FNDA:0,_ZN7Manager20onPlayerDisconnectedEP6Player
FNF:18
FNH:7
DA:4,30
DA:7,30
DA:9,30
DA:11,54
DA:13,24
DA:15,30
DA:17,0
DA:19,0
DA:20,0
DA:21,0
DA:23,0
DA:24,0
DA:25,0
DA:26,0
DA:28,0
DA:30,0
DA:31,0
DA:33,24
DA:35,24
DA:36,24
DA:37,24
DA:39,54
DA:40,30
DA:41,30
DA:42,30
DA:43,30
DA:44,30
DA:46,30
DA:48,30
DA:49,30
DA:50,24
DA:51,12
DA:52,18
DA:53,12
DA:54,6
DA:57,6
DA:61,6
DA:63,6
DA:66,0
DA:67,0
DA:68,0
DA:69,0
DA:72,0
DA:74,0
DA:76,0
DA:77,0
DA:79,0
DA:81,0
DA:82,0
DA:84,6
DA:86,6
DA:89,12
DA:91,12
DA:94,0
DA:97,0
DA:98,0
DA:100,0
DA:104,0
DA:106,0
DA:108,0
DA:110,0
DA:113,0
DA:114,0
DA:116,0
DA:118,0
DA:120,0
DA:121,0
DA:123,0
DA:124,0
DA:126,0
DA:127,0
DA:128,0
DA:130,0
DA:132,0
DA:134,0
DA:137,0
DA:139,0
DA:141,0
DA:142,0
DA:143,0
DA:146,0
DA:147,0
DA:148,0
DA:149,0
DA:150,0
DA:152,0
DA:153,0
DA:155,0
DA:156,0
DA:157,0
DA:158,0
DA:161,0
DA:162,0
DA:164,0
DA:166,0
DA:168,0
DA:169,0
DA:170,0
DA:173,0
LF:99
LH:31
end_of_record
TN:
SF:/home/jovan/Documents/VS-2/SketchIt/SketchIt/server/player.cpp
FN:10,24,_ZN6Player3runEv
FN:157,172,_ZN6Player10sendSignalE10QByteArray
FN:174,186,_ZN6Player17sendDrawingUpdateERK10QByteArray
FN:188,190,_ZN6Player11setNicknameERK7QString
FN:192,194,_ZNK6Player11getNicknameEv
FN:196,200,_ZN6Player14onDisconnectedEv
FN:202,205,_ZN6Player15onErrorOccurredEN15QAbstractSocket11SocketErrorE
FN:207,218,_ZN6PlayerD0Ev
FN:207,218,_ZN6PlayerD2Ev
FN:30,60,_ZN6Player11onReadyReadEv
FN:4,8,_ZN6PlayerC2ExP7QObject
FN:61,76,_ZN6Player11sendMessageERK10QByteArray
FN:78,85,_ZN6Player13setProfilePicERK10QByteArray
FN:87,156,_ZN6Player14processMessageE11MessageTypeRK10QByteArray
FNDA:0,_ZN6Player3runEv
FNDA:30,_ZN6Player10sendSignalE10QByteArray
FNDA:0,_ZN6Player17sendDrawingUpdateERK10QByteArray
FNDA:96,_ZN6Player11setNicknameERK7QString
FNDA:54,_ZNK6Player11getNicknameEv
FNDA:0,_ZN6Player14onDisconnectedEv
FNDA:0,_ZN6Player15onErrorOccurredEN15QAbstractSocket11SocketErrorE
FNDA:96,_ZN6PlayerD0Ev
FNDA:96,_ZN6PlayerD2Ev
FNDA:0,_ZN6Player11onReadyReadEv
FNDA:96,_ZN6PlayerC2ExP7QObject
FNDA:0,_ZN6Player11sendMessageERK10QByteArray
FNDA:0,_ZN6Player13setProfilePicERK10QByteArray
FNDA:0,_ZN6Player14processMessageE11MessageTypeRK10QByteArray
FNF:14
FNH:6
DA:4,96
DA:5,96
DA:7,96
DA:8,96
DA:10,0
DA:12,0
DA:13,0
DA:15,0
DA:16,0
DA:17,0
DA:18,0
DA:19,0
DA:20,0
DA:23,0
DA:30,0
DA:32,0
DA:34,0
DA:35,0
DA:36,0
DA:38,0
DA:40,0
DA:41,0
DA:44,0
DA:45,0
DA:46,0
DA:47,0
DA:49,0
DA:51,0
DA:52,0
DA:53,0
DA:54,0
DA:55,0
DA:60,0
DA:61,0
DA:63,0
DA:64,0
DA:65,0
DA:67,0
DA:68,0
DA:69,0
DA:71,0
DA:72,0
DA:73,0
DA:74,0
DA:76,0
DA:78,0
DA:79,0
DA:80,0
DA:81,0
DA:83,0
DA:85,0
DA:87,0
DA:88,0
DA:89,0
DA:90,0
DA:91,0
DA:93,0
DA:95,0
DA:96,0
DA:98,0
DA:99,0
DA:100,0
DA:101,0
DA:102,0
DA:104,0
DA:106,0
DA:107,0
DA:109,0
DA:111,0
DA:112,0
DA:114,0
DA:115,0
DA:116,0
DA:117,0
DA:118,0
DA:119,0
DA:121,0
DA:122,0
DA:123,0
DA:124,0
DA:125,0
DA:126,0
DA:127,0
DA:129,0
DA:130,0
DA:132,0
DA:134,0
DA:135,0
DA:136,0
DA:138,0
DA:139,0
DA:140,0
DA:142,0
DA:144,0
DA:145,0
DA:147,0
DA:149,0
DA:150,0
DA:152,0
DA:154,0
DA:156,0
DA:157,30
DA:158,30
DA:159,0
DA:160,0
DA:162,0
DA:163,0
DA:164,0
DA:166,0
DA:167,0
DA:168,0
DA:169,30
DA:170,30
DA:172,30
DA:174,0
DA:176,0
DA:177,0
DA:179,0
DA:180,0
DA:182,0
DA:184,0
DA:185,0
DA:186,0
DA:188,96
DA:189,96
DA:190,96
DA:192,54
DA:193,54
DA:196,0
DA:198,0
DA:199,0
DA:200,0
DA:202,0
DA:204,0
DA:205,0
DA:207,192
DA:209,96
DA:211,0
DA:212,0
DA:214,96
DA:216,96
DA:218,192
LF:142
LH:19
end_of_record
TN:
SF:/home/jovan/Documents/VS-2/SketchIt/SketchIt/server/points.cpp
FN:12,21,_ZN6Points10initializeEP6Player
FN:22,25,_ZN6Points11erasePlayerEP6Player
FN:27,38,_ZN6Points15newCorrectGuessEP6Playeri
FN:3,10,_ZN6PointsC2E5QListIP6PlayerE
FN:40,43,_ZN6Points15getRoundResultsEv
FN:45,48,_ZN6Points17newRevealedLetterEv
FNDA:24,_ZN6Points10initializeEP6Player
FNDA:12,_ZN6Points11erasePlayerEP6Player
FNDA:24,_ZN6Points15newCorrectGuessEP6Playeri
FNDA:36,_ZN6PointsC2E5QListIP6PlayerE
FNDA:36,_ZN6Points15getRoundResultsEv
FNDA:18,_ZN6Points17newRevealedLetterEv
FNF:6
FNH:6
DA:3,36
DA:5,96
DA:7,60
DA:10,36
DA:12,24
DA:14,24
DA:15,24
DA:16,24
DA:18,72
DA:19,48
DA:21,24
DA:22,12
DA:24,12
DA:27,24
DA:29,24
DA:30,24
DA:31,24
DA:32,24
DA:34,24
DA:36,24
DA:37,24
DA:38,24
DA:40,36
DA:42,36
DA:45,18
DA:47,18
LF:26
LH:26
end_of_record
TN:
SF:/home/jovan/Documents/VS-2/SketchIt/SketchIt/server/points.h
FNF:0
FNH:0
LF:0
LH:0
end_of_record
TN:
SF:/home/jovan/Documents/VS-2/SketchIt/SketchIt/server/words.cpp
FN:30,45,_ZN5Words9pickWordsEi
FN:4,28,_ZN5WordsC2EP7QObject
FNDA:18,_ZN5Words9pickWordsEi
FNDA:18,_ZN5WordsC2EP7QObject
FNF:2
FNH:2
DA:4,18
DA:5,18
DA:7,18
DA:8,18
DA:10,0
DA:13,18
DA:14,4194
DA:16,4176
DA:17,4176
DA:19,4176
DA:21,4176
DA:22,18
DA:24,18
DA:26,0
DA:28,18
DA:30,18
DA:32,18
DA:33,18
DA:35,126
DA:37,108
DA:38,108
DA:40,108
DA:41,108
DA:44,36
DA:45,18
LF:25
LH:23
end_of_record
TN:
SF:/home/jovan/Documents/VS-2/SketchIt/SketchIt/server/words.h
FNF:0
FNH:0
LF:0
LH:0
end_of_record
TN:
SF:/home/jovan/Documents/VS-2/tests/build/serverlogic_autogen/OUQCYHRRBL/moc_game.cpp
FN:104,141,_ZN4Game18qt_static_metacallEP7QObjectN11QMetaObject4CallEiPPv
FN:143,146,_ZNK4Game10metaObjectEv
FN:148,154,_ZN4Game11qt_metacastEPKc
FN:156,172,_ZN4Game11qt_metacallEN11QMetaObject4CallEiPPv
FN:175,178,_ZN4Game9gameEndedE7QString
FN:181,184,_ZN4Game10roundEndedEv
FN:187,190,_ZN4Game10startTimerEv
FNDA:0,_ZN4Game18qt_static_metacallEP7QObjectN11QMetaObject4CallEiPPv
FNDA:0,_ZNK4Game10metaObjectEv
FNDA:0,_ZN4Game11qt_metacastEPKc
FNDA:0,_ZN4Game11qt_metacallEN11QMetaObject4CallEiPPv
FNDA:0,_ZN4Game9gameEndedE7QString
FNDA:0,_ZN4Game10roundEndedEv
FNDA:0,_ZN4Game10startTimerEv
FNF:7
FNH:0
DA:104,0
DA:106,0
DA:107,0
DA:108,0
DA:109,0
DA:110,0
DA:111,0
DA:112,0
DA:113,0
DA:114,0
DA:115,0
DA:116,0
DA:117,0
DA:118,0
DA:121,0
DA:122,0
DA:123,0
DA:124,0
DA:125,0
DA:126,0
DA:127,0
DA:128,0
DA:130,0
DA:133,0
DA:134,0
DA:135,0
DA:136,0
DA:137,0
DA:138,0
DA:139,0
DA:143,0
DA:145,0
DA:148,0
DA:150,0
DA:151,0
DA:152,0
DA:153,0
DA:156,0
DA:158,0
DA:159,0
DA:160,0
DA:161,0
DA:162,0
DA:163,0
DA:164,0
DA:166,0
DA:167,0
DA:168,0
DA:169,0
DA:171,0
DA:175,0
DA:177,0
DA:178,0
DA:181,0
DA:183,0
DA:184,0
DA:187,0
DA:189,0
DA:190,0
LF:59
LH:0
end_of_record
TN:
SF:/home/jovan/Documents/VS-2/tests/build/serverlogic_autogen/OUQCYHRRBL/moc_leaderboard.cpp
FN:63,70,_ZN11Leaderboard18qt_static_metacallEP7QObjectN11QMetaObject4CallEiPPv
FN:72,75,_ZNK11Leaderboard10metaObjectEv
FN:77,83,_ZN11Leaderboard11qt_metacastEPKc
FN:85,89,_ZN11Leaderboard11qt_metacallEN11QMetaObject4CallEiPPv
FNDA:0,_ZN11Leaderboard18qt_static_metacallEP7QObjectN11QMetaObject4CallEiPPv
FNDA:0,_ZNK11Leaderboard10metaObjectEv
FNDA:0,_ZN11Leaderboard11qt_metacastEPKc
FNDA:0,_ZN11Leaderboard11qt_metacallEN11QMetaObject4CallEiPPv
FNF:4
FNH:0
DA:63,0
DA:65,0
DA:70,0
DA:72,0
DA:74,0
DA:77,0
DA:79,0
DA:80,0
DA:81,0
DA:82,0
DA:85,0
DA:87,0
DA:88,0
LF:13
LH:0
end_of_record
TN:
SF:/home/jovan/Documents/VS-2/tests/build/serverlogic_autogen/OUQCYHRRBL/moc_manager.cpp
FN:114,164,_ZN7Manager18qt_static_metacallEP7QObjectN11QMetaObject4CallEiPPv
FN:166,169,_ZNK7Manager10metaObjectEv
FN:171,177,_ZN7Manager11qt_metacastEPKc
FN:179,195,_ZN7Manager11qt_metacallEN11QMetaObject4CallEiPPv
FN:198,201,_ZN7Manager12wordSelectedERK7QString
FN:204,207,_ZN7Manager15messageReceivedERK7QStringP6Player
FNDA:0,_ZN7Manager18qt_static_metacallEP7QObjectN11QMetaObject4CallEiPPv
FNDA:0,_ZNK7Manager10metaObjectEv
FNDA:0,_ZN7Manager11qt_metacastEPKc
FNDA:0,_ZN7Manager11qt_metacallEN11QMetaObject4CallEiPPv
FNDA:0,_ZN7Manager12wordSelectedERK7QString
FNDA:0,_ZN7Manager15messageReceivedERK7QStringP6Player
FNF:6
FNH:0
DA:114,0
DA:116,0
DA:117,0
DA:118,0
DA:119,0
DA:120,0
DA:121,0
DA:122,0
DA:123,0
DA:124,0
DA:125,0
DA:126,0
DA:127,0
DA:128,0
DA:129,0
DA:132,0
DA:133,0
DA:134,0
DA:135,0
DA:136,0
DA:137,0
DA:138,0
DA:139,0
DA:141,0
DA:142,0
DA:143,0
DA:144,0
DA:145,0
DA:146,0
DA:148,0
DA:149,0
DA:150,0
DA:151,0
DA:152,0
DA:153,0
DA:155,0
DA:158,0
DA:159,0
DA:160,0
DA:161,0
DA:162,0
DA:166,0
DA:168,0
DA:171,0
DA:173,0
DA:174,0
DA:175,0
DA:176,0
DA:179,0
DA:181,0
DA:182,0
DA:183,0
DA:184,0
DA:185,0
DA:186,0
DA:187,0
DA:189,0
DA:190,0
DA:191,0
DA:192,0
DA:194,0
DA:198,0
DA:200,0
DA:201,0
DA:204,0
DA:206,0
DA:207,0
LF:67
LH:0
end_of_record
TN:
SF:/home/jovan/Documents/VS-2/tests/build/serverlogic_autogen/OUQCYHRRBL/moc_player.cpp
FN:139,224,_ZN6Player18qt_static_metacallEP7QObjectN11QMetaObject4CallEiPPv
FN:226,229,_ZNK6Player10metaObjectEv
FN:231,237,_ZN6Player11qt_metacastEPKc
FN:239,255,_ZN6Player11qt_metacallEN11QMetaObject4CallEiPPv
FN:258,261,_ZN6Player12disconnectedEPS_
FN:264,267,_ZN6Player15messageReceivedERK7QStringPS_
FN:270,273,_ZN6Player13playerIsReadyEv
FN:276,279,_ZN6Player17passDrawingUpdateERK10QByteArray
FN:282,285,_ZN6Player12wordSelectedERK7QString
FN:288,291,_ZN6Player20revealedWordReceivedERK7QString
FN:294,297,_ZN6Player12confirmedEndEv
FN:300,303,_ZN6Player12readyForTurnEv
FN:306,309,_ZN6Player18requestLeaderboardEPS_
FN:312,315,_ZN6Player11requestGameEPS_
FNDA:48,_ZN6Player18qt_static_metacallEP7QObjectN11QMetaObject4CallEiPPv
FNDA:48,_ZNK6Player10metaObjectEv
FNDA:0,_ZN6Player11qt_metacastEPKc
FNDA:0,_ZN6Player11qt_metacallEN11QMetaObject4CallEiPPv
FNDA:0,_ZN6Player12disconnectedEPS_
FNDA:0,_ZN6Player15messageReceivedERK7QStringPS_
FNDA:0,_ZN6Player13playerIsReadyEv
FNDA:0,_ZN6Player17passDrawingUpdateERK10QByteArray
FNDA:0,_ZN6Player12wordSelectedERK7QString
FNDA:0,_ZN6Player20revealedWordReceivedERK7QString
FNDA:0,_ZN6Player12confirmedEndEv
FNDA:0,_ZN6Player12readyForTurnEv
FNDA:0,_ZN6Player18requestLeaderboardEPS_
FNDA:0,_ZN6Player11requestGameEPS_
FNF:14
FNH:2
DA:139,48
DA:141,48
DA:142,48
DA:143,0
DA:144,0
DA:145,0
DA:146,0
DA:147,0
DA:148,0
DA:149,0
DA:150,0
DA:151,0
DA:152,0
DA:153,0
DA:154,0
DA:155,0
DA:156,0
DA:157,0
DA:158,0
DA:159,0
DA:162,48
DA:163,0
DA:164,0
DA:165,0
DA:166,0
DA:167,0
DA:168,0
DA:169,0
DA:171,0
DA:172,0
DA:173,0
DA:174,0
DA:175,0
DA:176,0
DA:178,0
DA:179,0
DA:180,0
DA:181,0
DA:182,0
DA:183,0
DA:185,0
DA:186,0
DA:187,0
DA:188,0
DA:189,0
DA:190,0
DA:192,0
DA:193,0
DA:194,0
DA:195,0
DA:196,0
DA:197,0
DA:199,0
DA:202,48
DA:203,48
DA:204,0
DA:205,48
DA:206,24
DA:207,24
DA:208,0
DA:209,24
DA:210,0
DA:211,24
DA:212,24
DA:213,0
DA:214,0
DA:215,0
DA:216,0
DA:217,0
DA:218,0
DA:219,0
DA:220,0
DA:221,0
DA:222,0
DA:226,48
DA:228,48
DA:231,0
DA:233,0
DA:234,0
DA:235,0
DA:236,0
DA:239,0
DA:241,0
DA:242,0
DA:243,0
DA:244,0
DA:245,0
DA:246,0
DA:247,0
DA:249,0
DA:250,0
DA:251,0
DA:252,0
DA:254,0
DA:258,0
DA:260,0
DA:261,0
DA:264,0
DA:266,0
DA:267,0
DA:270,0
DA:272,0
DA:273,0
DA:276,0
DA:278,0
DA:279,0
DA:282,0
DA:284,0
DA:285,0
DA:288,0
DA:290,0
DA:291,0
DA:294,0
DA:296,0
DA:297,0
DA:300,0
DA:302,0
DA:303,0
DA:306,0
DA:308,0
DA:309,0
DA:312,0
DA:314,0
DA:315,0
LF:124
LH:14
end_of_record
TN:
SF:/home/jovan/Documents/VS-2/tests/build/serverlogic_autogen/OUQCYHRRBL/moc_words.cpp
FN:63,70,_ZN5Words18qt_static_metacallEP7QObjectN11QMetaObject4CallEiPPv
FN:72,75,_ZNK5Words10metaObjectEv
FN:77,83,_ZN5Words11qt_metacastEPKc
FN:85,89,_ZN5Words11qt_metacallEN11QMetaObject4CallEiPPv
FNDA:0,_ZN5Words18qt_static_metacallEP7QObjectN11QMetaObject4CallEiPPv
FNDA:0,_ZNK5Words10metaObjectEv
FNDA:0,_ZN5Words11qt_metacastEPKc
FNDA:0,_ZN5Words11qt_metacallEN11QMetaObject4CallEiPPv
FNF:4
FNH:0
DA:63,0
DA:65,0
DA:70,0
DA:72,0
DA:74,0
DA:77,0
DA:79,0
DA:80,0
DA:81,0
DA:82,0
DA:85,0
DA:87,0
DA:88,0
LF:13
LH:0
end_of_record
TN:
SF:/home/jovan/Documents/VS-2/tests/build/serverlogic_autogen/VDGMSR47WF/qrc_resources.cpp
FN:196,200,_ZL20qResourceFeatureZstdv
FN:210,216,_Z24qInitResources_resourcesv
FN:219,226,_Z27qCleanupResources_resourcesv
FN:235,235,_ZN12_GLOBAL__N_111initializerC2Ev
FN:236,236,_ZN12_GLOBAL__N_111initializerD2Ev
FNDA:18,_ZL20qResourceFeatureZstdv
FNDA:36,_Z24qInitResources_resourcesv
FNDA:18,_Z27qCleanupResources_resourcesv
FNDA:18,_ZN12_GLOBAL__N_111initializerC2Ev
FNDA:18,_ZN12_GLOBAL__N_111initializerD2Ev
FNF:5
FNH:5
DA:196,18
DA:199,18
DA:210,36
DA:212,36
DA:214,36
DA:215,36
DA:219,18
DA:221,18
DA:222,18
DA:224,18
DA:225,18
DA:235,18
DA:236,18
LF:13
LH:13
end_of_record
TN:
SF:/home/jovan/Documents/VS-2/tests/build/tst_hangman_autogen/include/tst_hangman.moc
FN:103,119,_ZN11TestHangman11qt_metacallEN11QMetaObject4CallEiPPv
FN:75,88,_ZN11TestHangman18qt_static_metacallEP7QObjectN11QMetaObject4CallEiPPv
FN:90,93,_ZNK11TestHangman10metaObjectEv
FN:95,101,_ZN11TestHangman11qt_metacastEPKc
FNDA:0,_ZN11TestHangman11qt_metacallEN11QMetaObject4CallEiPPv
FNDA:4,_ZN11TestHangman18qt_static_metacallEP7QObjectN11QMetaObject4CallEiPPv
FNDA:12,_ZNK11TestHangman10metaObjectEv
FNDA:0,_ZN11TestHangman11qt_metacastEPKc
FNF:4
FNH:2
DA:75,4
DA:77,4
DA:78,4
DA:79,4
DA:80,1
DA:81,1
DA:82,1
DA:83,1
DA:84,4
DA:88,4
DA:90,12
DA:92,12
DA:95,0
DA:97,0
DA:98,0
DA:99,0
DA:100,0
DA:103,0
DA:105,0
DA:106,0
DA:107,0
DA:108,0
DA:109,0
DA:110,0
DA:111,0
DA:113,0
DA:114,0
DA:115,0
DA:116,0
DA:118,0
LF:30
LH:12
end_of_record
TN:
SF:/home/jovan/Documents/VS-2/tests/build/tst_leaderboard_autogen/include/tst_leaderboard.moc
FN:107,123,_ZN15TestLeaderboard11qt_metacallEN11QMetaObject4CallEiPPv
FN:78,92,_ZN15TestLeaderboard18qt_static_metacallEP7QObjectN11QMetaObject4CallEiPPv
FN:94,97,_ZNK15TestLeaderboard10metaObjectEv
FN:99,105,_ZN15TestLeaderboard11qt_metacastEPKc
FNDA:0,_ZN15TestLeaderboard11qt_metacallEN11QMetaObject4CallEiPPv
FNDA:7,_ZN15TestLeaderboard18qt_static_metacallEP7QObjectN11QMetaObject4CallEiPPv
FNDA:11,_ZNK15TestLeaderboard10metaObjectEv
FNDA:0,_ZN15TestLeaderboard11qt_metacastEPKc
FNF:4
FNH:2
DA:78,7
DA:80,7
DA:81,7
DA:82,7
DA:83,1
DA:84,3
DA:85,1
DA:86,1
DA:87,1
DA:88,7
DA:92,7
DA:94,11
DA:96,11
DA:99,0
DA:101,0
DA:102,0
DA:103,0
DA:104,0
DA:107,0
DA:109,0
DA:110,0
DA:111,0
DA:112,0
DA:113,0
DA:114,0
DA:115,0
DA:117,0
DA:118,0
DA:119,0
DA:120,0
DA:122,0
LF:31
LH:13
end_of_record
TN:
SF:/home/jovan/Documents/VS-2/tests/build/tst_manager_autogen/include/tst_manager.moc
FN:103,109,_ZN11TestManager11qt_metacastEPKc
FN:111,127,_ZN11TestManager11qt_metacallEN11QMetaObject4CallEiPPv
FN:81,96,_ZN11TestManager18qt_static_metacallEP7QObjectN11QMetaObject4CallEiPPv
FN:98,101,_ZNK11TestManager10metaObjectEv
FNDA:0,_ZN11TestManager11qt_metacastEPKc
FNDA:0,_ZN11TestManager11qt_metacallEN11QMetaObject4CallEiPPv
FNDA:6,_ZN11TestManager18qt_static_metacallEP7QObjectN11QMetaObject4CallEiPPv
FNDA:13,_ZNK11TestManager10metaObjectEv
FNF:4
FNH:2
DA:81,6
DA:83,6
DA:84,6
DA:85,6
DA:86,1
DA:87,1
DA:88,1
DA:89,1
DA:90,1
DA:91,1
DA:92,6
DA:96,6
DA:98,13
DA:100,13
DA:103,0
DA:105,0
DA:106,0
DA:107,0
DA:108,0
DA:111,0
DA:113,0
DA:114,0
DA:115,0
DA:116,0
DA:117,0
DA:118,0
DA:119,0
DA:121,0
DA:122,0
DA:123,0
DA:124,0
DA:126,0
LF:32
LH:14
end_of_record
TN:
SF:/home/jovan/Documents/VS-2/tests/build/tst_points_autogen/include/tst_points.moc
FN:103,109,_ZN10TestPoints11qt_metacastEPKc
FN:111,127,_ZN10TestPoints11qt_metacallEN11QMetaObject4CallEiPPv
FN:81,96,_ZN10TestPoints18qt_static_metacallEP7QObjectN11QMetaObject4CallEiPPv
FN:98,101,_ZNK10TestPoints10metaObjectEv
FNDA:0,_ZN10TestPoints11qt_metacastEPKc
FNDA:0,_ZN10TestPoints11qt_metacallEN11QMetaObject4CallEiPPv
FNDA:6,_ZN10TestPoints18qt_static_metacallEP7QObjectN11QMetaObject4CallEiPPv
FNDA:14,_ZNK10TestPoints10metaObjectEv
FNF:4
FNH:2
DA:81,6
DA:83,6
DA:84,6
DA:85,6
DA:86,1
DA:87,1
DA:88,1
DA:89,1
DA:90,1
DA:91,1
DA:92,6
DA:96,6
DA:98,14
DA:100,14
DA:103,0
DA:105,0
DA:106,0
DA:107,0
DA:108,0
DA:111,0
DA:113,0
DA:114,0
DA:115,0
DA:116,0
DA:117,0
DA:118,0
DA:119,0
DA:121,0
DA:122,0
DA:123,0
DA:124,0
DA:126,0
LF:32
LH:14
end_of_record
TN:
SF:/home/jovan/Documents/VS-2/tests/build/tst_words_autogen/include/tst_words.moc
FN:103,119,_ZN9TestWords11qt_metacallEN11QMetaObject4CallEiPPv
FN:75,88,_ZN9TestWords18qt_static_metacallEP7QObjectN11QMetaObject4CallEiPPv
FN:90,93,_ZNK9TestWords10metaObjectEv
FN:95,101,_ZN9TestWords11qt_metacastEPKc
FNDA:0,_ZN9TestWords11qt_metacallEN11QMetaObject4CallEiPPv
FNDA:4,_ZN9TestWords18qt_static_metacallEP7QObjectN11QMetaObject4CallEiPPv
FNDA:11,_ZNK9TestWords10metaObjectEv
FNDA:0,_ZN9TestWords11qt_metacastEPKc
FNF:4
FNH:2
DA:75,4
DA:77,4
DA:78,4
DA:79,4
DA:80,1
DA:81,1
DA:82,1
DA:83,1
DA:84,4
DA:88,4
DA:90,11
DA:92,11
DA:95,0
DA:97,0
DA:98,0
DA:99,0
DA:100,0
DA:103,0
DA:105,0
DA:106,0
DA:107,0
DA:108,0
DA:109,0
DA:110,0
DA:111,0
DA:113,0
DA:114,0
DA:115,0
DA:116,0
DA:118,0
LF:30
LH:12
end_of_record
TN:
SF:/home/jovan/Documents/VS-2/tests/tests/integration/tst_leaderboard.cpp
FN:11,16,_ZN15TestLeaderboard8mkPlayerERK7QString
FN:18,22,_ZN15TestLeaderboard8seedPathEv
FN:32,36,_ZN15TestLeaderboard12initTestCaseEv
FN:38,42,_ZN15TestLeaderboard4initEv
FN:45,55,_ZN15TestLeaderboard36seedIsSortedDescendingAndCappedAtTenEv
FN:58,71,_ZN15TestLeaderboard24updateAddsNewPlayerToTopEv
FN:73,85,_ZN15TestLeaderboard30updateAccumulatesExistingScoreEv
FN:87,87,main
FNDA:2,_ZN15TestLeaderboard8mkPlayerERK7QString
FNDA:3,_ZN15TestLeaderboard8seedPathEv
FNDA:1,_ZN15TestLeaderboard12initTestCaseEv
FNDA:3,_ZN15TestLeaderboard4initEv
FNDA:1,_ZN15TestLeaderboard36seedIsSortedDescendingAndCappedAtTenEv
FNDA:1,_ZN15TestLeaderboard24updateAddsNewPlayerToTopEv
FNDA:1,_ZN15TestLeaderboard30updateAccumulatesExistingScoreEv
FNDA:1,main
FNF:8
FNH:8
DA:11,2
DA:13,2
DA:14,2
DA:15,2
DA:18,3
DA:20,6
DA:21,6
DA:32,1
DA:34,1
DA:35,1
DA:36,1
DA:38,3
DA:41,3
DA:42,3
DA:45,1
DA:47,1
DA:48,1
DA:50,1
DA:51,1
DA:52,1
DA:53,10
DA:54,9
DA:55,1
DA:58,1
DA:61,1
DA:62,1
DA:63,1
DA:64,1
DA:65,1
DA:67,1
DA:68,1
DA:69,1
DA:70,1
DA:71,1
DA:73,1
DA:76,1
DA:77,1
DA:78,1
DA:79,1
DA:81,1
DA:82,1
DA:83,1
DA:84,1
DA:85,1
DA:87,1
LF:45
LH:45
end_of_record
TN:
SF:/home/jovan/Documents/VS-2/tests/tests/integration/tst_manager.cpp
FN:10,15,_ZN11TestManager8mkPlayerERK7QString
FN:26,30,_ZN11TestManager12initTestCaseEv
FN:32,36,_ZN11TestManager17rosterStartsEmptyEv
FN:38,45,_ZN11TestManager20addPlayerGrowsRosterEv
FN:47,53,_ZN11TestManager16lookupByNicknameEv
FN:55,60,_ZN11TestManager24lookupMissingReturnsNullEv
FN:62,66,_ZN11TestManager23gameNotRunningInitiallyEv
FN:68,68,main
FNDA:4,_ZN11TestManager8mkPlayerERK7QString
FNDA:1,_ZN11TestManager12initTestCaseEv
FNDA:1,_ZN11TestManager17rosterStartsEmptyEv
FNDA:1,_ZN11TestManager20addPlayerGrowsRosterEv
FNDA:1,_ZN11TestManager16lookupByNicknameEv
FNDA:1,_ZN11TestManager24lookupMissingReturnsNullEv
FNDA:1,_ZN11TestManager23gameNotRunningInitiallyEv
FNDA:1,main
FNF:8
FNH:8
DA:10,4
DA:12,4
DA:13,4
DA:14,4
DA:26,1
DA:28,1
DA:29,1
DA:30,1
DA:32,1
DA:34,1
DA:35,1
DA:36,1
DA:38,1
DA:40,1
DA:41,1
DA:42,1
DA:43,1
DA:44,1
DA:45,1
DA:47,1
DA:49,1
DA:50,1
DA:51,1
DA:52,1
DA:53,1
DA:55,1
DA:57,1
DA:58,1
DA:59,1
DA:60,1
DA:62,1
DA:64,1
DA:65,1
DA:66,1
DA:68,1
LF:35
LH:35
end_of_record
TN:
SF:/home/jovan/Documents/VS-2/tests/tests/integration/tst_words.cpp
FN:15,18,_ZN9TestWords12initTestCaseEv
FN:20,24,_ZN9TestWords19picksRequestedCountEv
FN:28,35,_ZN9TestWords22picksAreFromDictionaryEv
FN:37,41,_ZN9TestWords18defaultPickIsThreeEv
FN:43,43,main
FNDA:1,_ZN9TestWords12initTestCaseEv
FNDA:1,_ZN9TestWords19picksRequestedCountEv
FNDA:1,_ZN9TestWords22picksAreFromDictionaryEv
FNDA:1,_ZN9TestWords18defaultPickIsThreeEv
FNDA:1,main
FNF:5
FNH:5
DA:15,1
DA:17,1
DA:18,1
DA:20,1
DA:22,1
DA:23,1
DA:24,1
DA:28,1
DA:30,1
DA:31,1
DA:32,1
DA:33,11
DA:34,10
DA:35,1
DA:37,1
DA:39,1
DA:40,1
DA:41,1
DA:43,1
LF:19
LH:19
end_of_record
TN:
SF:/home/jovan/Documents/VS-2/tests/tests/unit/tst_hangman.cpp
FN:15,20,_ZN11TestHangman24maskedFormatForMultiCharEv
FN:22,29,_ZN11TestHangman14singleCharWordEv
FN:31,43,_ZN11TestHangman18revealAllCompletesEv
FN:46,60,_ZN11TestHangman28emptyWordIsRejectedOrCrashesEv
FN:62,62,main
FNDA:1,_ZN11TestHangman24maskedFormatForMultiCharEv
FNDA:1,_ZN11TestHangman14singleCharWordEv
FNDA:1,_ZN11TestHangman18revealAllCompletesEv
FNDA:1,_ZN11TestHangman28emptyWordIsRejectedOrCrashesEv
FNDA:1,main
FNF:5
FNH:5
DA:15,1
DA:17,1
DA:18,1
DA:19,1
DA:20,1
DA:22,1
DA:24,1
DA:25,1
DA:26,1
DA:27,1
DA:28,1
DA:29,1
DA:31,1
DA:33,1
DA:34,1
DA:35,4
DA:36,3
DA:38,1
DA:39,1
DA:41,4
DA:42,3
DA:43,1
DA:46,1
DA:48,1
DA:50,2
DA:52,1
DA:53,1
DA:54,1
DA:55,0
DA:56,0
DA:57,1
DA:62,1
LF:32
LH:30
end_of_record
TN:
SF:/home/jovan/Documents/VS-2/tests/tests/unit/tst_points.cpp
FN:108,108,main
FN:25,37,_ZN10TestPoints25initializeResetsAllScoresEv
FN:41,53,_ZN10TestPoints20correctGuessFullTimeEv
FN:56,68,_ZN10TestPoints20correctGuessZeroTimeEv
FN:70,80,_ZN10TestPoints23erasePlayerRemovesEntryEv
FN:83,92,_ZN10TestPoints32revealedLetterIncrementsFromZeroEv
FN:9,14,_ZN10TestPoints8mkPlayerERK7QString
FN:95,106,_ZN10TestPoints26drawerKeyWhenUninitializedEv
FNDA:1,main
FNDA:1,_ZN10TestPoints25initializeResetsAllScoresEv
FNDA:1,_ZN10TestPoints20correctGuessFullTimeEv
FNDA:1,_ZN10TestPoints20correctGuessZeroTimeEv
FNDA:1,_ZN10TestPoints23erasePlayerRemovesEntryEv
FNDA:1,_ZN10TestPoints32revealedLetterIncrementsFromZeroEv
FNDA:10,_ZN10TestPoints8mkPlayerERK7QString
FNDA:1,_ZN10TestPoints26drawerKeyWhenUninitializedEv
FNF:8
FNH:8
DA:9,10
DA:11,10
DA:12,10
DA:13,10
DA:25,1
DA:27,1
DA:28,1
DA:29,1
DA:31,1
DA:32,1
DA:34,1
DA:35,1
DA:36,1
DA:37,1
DA:41,1
DA:43,1
DA:44,1
DA:45,1
DA:46,1
DA:48,1
DA:50,1
DA:51,1
DA:52,1
DA:53,1
DA:56,1
DA:58,1
DA:59,1
DA:60,1
DA:61,1
DA:63,1
DA:65,1
DA:66,1
DA:67,1
DA:68,1
DA:70,1
DA:72,1
DA:73,1
DA:74,1
DA:76,1
DA:77,1
DA:78,1
DA:79,1
DA:80,1
DA:83,1
DA:85,1
DA:86,1
DA:87,1
DA:89,1
DA:90,1
DA:91,1
DA:92,1
DA:95,1
DA:97,1
DA:98,1
DA:101,1
DA:103,1
DA:104,1
DA:106,1
DA:108,1
LF:59
LH:59
end_of_record
TN:
SF:/home/jovan/Qt/6.10.2/gcc_64/include/QtCore/q20type_traits.h
FN:53,66,_ZN3q2021is_constant_evaluatedEv
FNDA:0,_ZN3q2021is_constant_evaluatedEv
FNF:1
FNH:0
DA:53,0
DA:62,0
LF:2
LH:0
end_of_record
TN:
SF:/home/jovan/Qt/6.10.2/gcc_64/include/QtCore/qalgorithms.h
FN:416,431,_Z21qCountLeadingZeroBitsy
FN:433,436,_Z21qCountLeadingZeroBitsm
FNDA:108,_Z21qCountLeadingZeroBitsy
FNDA:0,_Z21qCountLeadingZeroBitsm
FNF:2
FNH:1
DA:87,108
DA:416,108
DA:421,216
DA:433,0
DA:435,0
LF:5
LH:3
end_of_record
TN:
SF:/home/jovan/Qt/6.10.2/gcc_64/include/QtCore/qanystringview.h
FN:115,131,_ZN14QAnyStringView29isAsciiOnlyCharsAtCompileTimeIK5QCharEEbPT_x
FN:134,143,_ZN14QAnyStringView10encodeTypeI5QCharEEmPKT_x
FN:183,186,_ZN14QAnyStringViewC2I5QCharLb1EEEPKT_x
FNDA:0,_ZN14QAnyStringView29isAsciiOnlyCharsAtCompileTimeIK5QCharEEbPT_x
FNDA:0,_ZN14QAnyStringView10encodeTypeI5QCharEEmPKT_x
FNDA:0,_ZN14QAnyStringViewC2I5QCharLb1EEEPKT_x
FNF:3
FNH:0
DA:115,0
DA:118,0
DA:119,0
DA:123,0
DA:134,0
DA:140,0
DA:142,0
DA:183,0
DA:184,0
DA:186,0
LF:10
LH:0
end_of_record
TN:
SF:/home/jovan/Qt/6.10.2/gcc_64/include/QtCore/qarraydata.h
FN:129,148,_ZN15QTypedArrayDataI7QStringE8allocateExN10QArrayData16AllocationOptionE
FN:129,148,_ZN15QTypedArrayDataIP6PlayerE8allocateExN10QArrayData16AllocationOptionE
FN:129,148,_ZN15QTypedArrayDataISt4pairI7QStringiEE8allocateExN10QArrayData16AllocationOptionE
FN:151,157,_ZN15QTypedArrayDataI7QStringE19reallocateUnalignedEPS1_PS0_xN10QArrayData16AllocationOptionE
FN:151,157,_ZN15QTypedArrayDataIP6PlayerE19reallocateUnalignedEPS2_PS1_xN10QArrayData16AllocationOptionE
FN:151,157,_ZN15QTypedArrayDataISt4pairI7QStringiEE19reallocateUnalignedEPS3_PS2_xN10QArrayData16AllocationOptionE
FN:159,163,_ZN15QTypedArrayDataI7QStringE10deallocateEP10QArrayData
FN:159,163,_ZN15QTypedArrayDataIDsE10deallocateEP10QArrayData
FN:159,163,_ZN15QTypedArrayDataIP6PlayerE10deallocateEP10QArrayData
FN:159,163,_ZN15QTypedArrayDataISt4pairI7QStringiEE10deallocateEP10QArrayData
FN:159,163,_ZN15QTypedArrayDataIcE10deallocateEP10QArrayData
FN:165,172,_ZN15QTypedArrayDataI7QStringE9dataStartEP10QArrayDatax
FN:165,172,_ZN15QTypedArrayDataIP6PlayerE9dataStartEP10QArrayDatax
FN:165,172,_ZN15QTypedArrayDataISt4pairI7QStringiEE9dataStartEP10QArrayDatax
FN:165,172,_ZN15QTypedArrayDataIcE9dataStartEP10QArrayDatax
FN:189,219,_ZN9QtPrivate20QContainerImplHelper3midExPxS1_
FN:51,54,_ZNK10QArrayData22constAllocatedCapacityEv
FN:57,61,_ZN10QArrayData3refEv
FN:64,67,_ZN10QArrayData5derefEv
FN:77,80,_ZN10QArrayData11needsDetachEv
FN:82,87,_ZNK10QArrayData14detachCapacityEx
FNDA:6,_ZN15QTypedArrayDataI7QStringE8allocateExN10QArrayData16AllocationOptionE
FNDA:48,_ZN15QTypedArrayDataIP6PlayerE8allocateExN10QArrayData16AllocationOptionE
FNDA:6,_ZN15QTypedArrayDataISt4pairI7QStringiEE8allocateExN10QArrayData16AllocationOptionE
FNDA:26,_ZN15QTypedArrayDataI7QStringE19reallocateUnalignedEPS1_PS0_xN10QArrayData16AllocationOptionE
FNDA:0,_ZN15QTypedArrayDataIP6PlayerE19reallocateUnalignedEPS2_PS1_xN10QArrayData16AllocationOptionE
FNDA:12,_ZN15QTypedArrayDataISt4pairI7QStringiEE19reallocateUnalignedEPS3_PS2_xN10QArrayData16AllocationOptionE
FNDA:6,_ZN15QTypedArrayDataI7QStringE10deallocateEP10QArrayData
FNDA:1936,_ZN15QTypedArrayDataIDsE10deallocateEP10QArrayData
FNDA:9,_ZN15QTypedArrayDataIP6PlayerE10deallocateEP10QArrayData
FNDA:6,_ZN15QTypedArrayDataISt4pairI7QStringiEE10deallocateEP10QArrayData
FNDA:162,_ZN15QTypedArrayDataIcE10deallocateEP10QArrayData
FNDA:812,_ZN15QTypedArrayDataI7QStringE9dataStartEP10QArrayDatax
FNDA:6,_ZN15QTypedArrayDataIP6PlayerE9dataStartEP10QArrayDatax
FNDA:115,_ZN15QTypedArrayDataISt4pairI7QStringiEE9dataStartEP10QArrayDatax
FNDA:0,_ZN15QTypedArrayDataIcE9dataStartEP10QArrayDatax
FNDA:18,_ZN9QtPrivate20QContainerImplHelper3midExPxS1_
FNDA:971,_ZNK10QArrayData22constAllocatedCapacityEv
FNDA:1200,_ZN10QArrayData3refEv
FNDA:3881,_ZN10QArrayData5derefEv
FNDA:1895,_ZN10QArrayData11needsDetachEv
FNDA:0,_ZNK10QArrayData14detachCapacityEx
FNF:21
FNH:18
DA:51,971
DA:53,971
DA:57,1200
DA:59,1200
DA:60,1200
DA:64,3881
DA:66,3881
DA:77,1895
DA:79,1895
DA:82,0
DA:84,0
DA:85,0
DA:86,0
DA:129,60
DA:141,60
DA:145,60
DA:147,60
DA:151,38
DA:155,38
DA:156,38
DA:159,2119
DA:162,2119
DA:163,2119
DA:165,933
DA:169,933
DA:170,933
DA:171,933
DA:189,18
DA:191,18
DA:192,18
DA:193,18
DA:194,0
DA:195,0
DA:196,0
DA:199,18
DA:200,0
DA:201,0
DA:202,0
DA:203,0
DA:205,0
DA:206,0
DA:207,0
DA:209,0
DA:210,0
DA:211,18
DA:212,0
DA:215,18
DA:216,0
DA:218,18
LF:49
LH:31
end_of_record
TN:
SF:/home/jovan/Qt/6.10.2/gcc_64/include/QtCore/qarraydataops.h
FN:142,167,_ZN9QtPrivate12QPodArrayOpsIP6PlayerE7emplaceIJRS2_EEEvxDpOT_
FN:169,188,_ZN9QtPrivate12QPodArrayOpsIP6PlayerE5eraseEPS2_x
FN:259,266,_ZN9QtPrivate12QPodArrayOpsIP6PlayerE10reallocateExN10QArrayData16AllocationOptionE
FN:282,298,_ZN9QtPrivate16QGenericArrayOpsI7QStringE10copyAppendEPKS1_S4_
FN:282,298,_ZN9QtPrivate16QGenericArrayOpsISt4pairI7QStringiEE10copyAppendEPKS3_S6_
FN:314,330,_ZN9QtPrivate16QGenericArrayOpsI7QStringE10moveAppendEPS1_S3_
FN:314,330,_ZN9QtPrivate16QGenericArrayOpsISt4pairI7QStringiEE10moveAppendEPS3_S5_
FN:342,351,_ZN9QtPrivate16QGenericArrayOpsI7QStringE10destroyAllEv
FN:342,351,_ZN9QtPrivate16QGenericArrayOpsISt4pairI7QStringiEE10destroyAllEv
FN:41,53,_ZN9QtPrivate12QPodArrayOpsIP6PlayerE10copyAppendEPKS2_S5_
FN:643,644,_ZN9QtPrivate16QMovableArrayOpsI7QStringE8Inserter10verifyPostEv
FN:643,644,_ZN9QtPrivate16QMovableArrayOpsISt4pairI7QStringiEE8Inserter10verifyPostEv
FN:646,654,_ZN9QtPrivate16QMovableArrayOpsI7QStringE8InserterC2EP17QArrayDataPointerIS1_Exx
FN:646,654,_ZN9QtPrivate16QMovableArrayOpsISt4pairI7QStringiEE8InserterC2EP17QArrayDataPointerIS3_Exx
FN:655,664,_ZN9QtPrivate16QMovableArrayOpsI7QStringE8InserterD2Ev
FN:655,664,_ZN9QtPrivate16QMovableArrayOpsISt4pairI7QStringiEE8InserterD2Ev
FN:68,71,_ZN9QtPrivate12QPodArrayOpsIP6PlayerE10moveAppendEPS2_S4_
FN:686,691,_ZN9QtPrivate16QMovableArrayOpsI7QStringE8Inserter9insertOneEOS1_
FN:686,691,_ZN9QtPrivate16QMovableArrayOpsISt4pairI7QStringiEE8Inserter9insertOneEOS3_
FN:745,774,_ZN9QtPrivate16QMovableArrayOpsI7QStringE7emplaceIJRKS1_EEEvxDpOT_
FN:745,774,_ZN9QtPrivate16QMovableArrayOpsI7QStringE7emplaceIJS1_EEEvxDpOT_
FN:745,774,_ZN9QtPrivate16QMovableArrayOpsISt4pairI7QStringiEE7emplaceIJS3_EEEvxDpOT_
FN:799,806,_ZN9QtPrivate16QMovableArrayOpsI7QStringE10reallocateExN10QArrayData16AllocationOptionE
FN:799,806,_ZN9QtPrivate16QMovableArrayOpsISt4pairI7QStringiEE10reallocateExN10QArrayData16AllocationOptionE
FN:82,89,_ZN9QtPrivate12QPodArrayOpsIDsE10destroyAllEv
FN:82,89,_ZN9QtPrivate12QPodArrayOpsIP6PlayerE10destroyAllEv
FN:82,89,_ZN9QtPrivate12QPodArrayOpsIcE10destroyAllEv
FN:91,107,_ZN9QtPrivate12QPodArrayOpsIP6PlayerE10createHoleEN10QArrayData14GrowthPositionExx
FNDA:24,_ZN9QtPrivate12QPodArrayOpsIP6PlayerE7emplaceIJRS2_EEEvxDpOT_
FNDA:0,_ZN9QtPrivate12QPodArrayOpsIP6PlayerE5eraseEPS2_x
FNDA:0,_ZN9QtPrivate12QPodArrayOpsIP6PlayerE10reallocateExN10QArrayData16AllocationOptionE
FNDA:0,_ZN9QtPrivate16QGenericArrayOpsI7QStringE10copyAppendEPKS1_S4_
FNDA:3,_ZN9QtPrivate16QGenericArrayOpsISt4pairI7QStringiEE10copyAppendEPKS3_S6_
FNDA:0,_ZN9QtPrivate16QGenericArrayOpsI7QStringE10moveAppendEPS1_S3_
FNDA:0,_ZN9QtPrivate16QGenericArrayOpsISt4pairI7QStringiEE10moveAppendEPS3_S5_
FNDA:6,_ZN9QtPrivate16QGenericArrayOpsI7QStringE10destroyAllEv
FNDA:6,_ZN9QtPrivate16QGenericArrayOpsISt4pairI7QStringiEE10destroyAllEv
FNDA:6,_ZN9QtPrivate12QPodArrayOpsIP6PlayerE10copyAppendEPKS2_S5_
FNDA:192,_ZN9QtPrivate16QMovableArrayOpsI7QStringE8Inserter10verifyPostEv
FNDA:90,_ZN9QtPrivate16QMovableArrayOpsISt4pairI7QStringiEE8Inserter10verifyPostEv
FNDA:192,_ZN9QtPrivate16QMovableArrayOpsI7QStringE8InserterC2EP17QArrayDataPointerIS1_Exx
FNDA:90,_ZN9QtPrivate16QMovableArrayOpsISt4pairI7QStringiEE8InserterC2EP17QArrayDataPointerIS3_Exx
FNDA:192,_ZN9QtPrivate16QMovableArrayOpsI7QStringE8InserterD2Ev
FNDA:90,_ZN9QtPrivate16QMovableArrayOpsISt4pairI7QStringiEE8InserterD2Ev
FNDA:0,_ZN9QtPrivate12QPodArrayOpsIP6PlayerE10moveAppendEPS2_S4_
FNDA:192,_ZN9QtPrivate16QMovableArrayOpsI7QStringE8Inserter9insertOneEOS1_
FNDA:90,_ZN9QtPrivate16QMovableArrayOpsISt4pairI7QStringiEE8Inserter9insertOneEOS3_
FNDA:4284,_ZN9QtPrivate16QMovableArrayOpsI7QStringE7emplaceIJRKS1_EEEvxDpOT_
FNDA:0,_ZN9QtPrivate16QMovableArrayOpsI7QStringE7emplaceIJS1_EEEvxDpOT_
FNDA:420,_ZN9QtPrivate16QMovableArrayOpsISt4pairI7QStringiEE7emplaceIJS3_EEEvxDpOT_
FNDA:26,_ZN9QtPrivate16QMovableArrayOpsI7QStringE10reallocateExN10QArrayData16AllocationOptionE
FNDA:12,_ZN9QtPrivate16QMovableArrayOpsISt4pairI7QStringiEE10reallocateExN10QArrayData16AllocationOptionE
FNDA:1936,_ZN9QtPrivate12QPodArrayOpsIDsE10destroyAllEv
FNDA:9,_ZN9QtPrivate12QPodArrayOpsIP6PlayerE10destroyAllEv
FNDA:162,_ZN9QtPrivate12QPodArrayOpsIcE10destroyAllEv
FNDA:18,_ZN9QtPrivate12QPodArrayOpsIP6PlayerE10createHoleEN10QArrayData14GrowthPositionExx
FNF:28
FNH:21
DA:41,6
DA:48,6
DA:49,0
DA:51,6
DA:52,6
DA:68,0
DA:70,0
DA:71,0
DA:82,2107
DA:89,2107
DA:91,18
DA:96,18
DA:97,18
DA:98,18
DA:99,0
DA:102,0
DA:103,0
DA:105,18
DA:106,18
DA:142,24
DA:144,24
DA:145,24
DA:146,6
DA:147,6
DA:148,6
DA:149,6
DA:151,0
DA:152,0
DA:153,0
DA:154,0
DA:155,0
DA:158,18
DA:159,18
DA:160,18
DA:161,0
DA:163,18
DA:165,18
DA:166,18
DA:169,0
DA:171,0
DA:181,0
DA:182,0
DA:183,0
DA:184,0
DA:185,0
DA:187,0
DA:188,0
DA:259,0
DA:261,0
DA:262,0
DA:264,0
DA:265,0
DA:266,0
DA:282,3
DA:289,3
DA:290,0
DA:292,3
DA:293,33
DA:294,30
DA:295,30
DA:296,30
DA:314,0
DA:321,0
DA:322,0
DA:324,0
DA:325,0
DA:326,0
DA:327,0
DA:328,0
DA:342,12
DA:350,12
DA:351,12
DA:643,282
DA:644,282
DA:646,282
DA:647,282
DA:648,282
DA:649,282
DA:650,282
DA:651,282
DA:653,282
DA:654,282
DA:655,282
DA:656,282
DA:663,282
DA:664,282
DA:686,282
DA:688,282
DA:689,282
DA:690,282
DA:691,282
DA:745,4704
DA:747,4704
DA:748,4704
DA:749,4650
DA:750,4422
DA:751,4422
DA:752,4422
DA:754,228
DA:755,0
DA:756,0
DA:757,0
DA:758,0
DA:761,282
DA:762,282
DA:763,282
DA:765,282
DA:766,282
DA:768,0
DA:769,0
DA:770,0
DA:772,282
DA:774,282
DA:799,38
DA:801,38
DA:802,38
DA:804,38
DA:805,38
DA:806,38
LF:119
LH:75
end_of_record
TN:
SF:/home/jovan/Qt/6.10.2/gcc_64/include/QtCore/qarraydatapointer.h
FN:101,104,_ZNK17QArrayDataPointerIP6PlayerEptEv
FN:101,104,_ZNK17QArrayDataPointerISt4pairI7QStringiEEptEv
FN:106,112,_ZN17QArrayDataPointerI7QStringED2Ev
FN:106,112,_ZN17QArrayDataPointerIDsED2Ev
FN:106,112,_ZN17QArrayDataPointerIP6PlayerED2Ev
FN:106,112,_ZN17QArrayDataPointerISt4pairI7QStringiEED2Ev
FN:106,112,_ZN17QArrayDataPointerIcED2Ev
FN:119,119,_ZN17QArrayDataPointerI7QStringE4dataEv
FN:119,119,_ZN17QArrayDataPointerIP6PlayerE4dataEv
FN:119,119,_ZN17QArrayDataPointerISt4pairI7QStringiEE4dataEv
FN:119,119,_ZN17QArrayDataPointerIcE4dataEv
FN:120,120,_ZNK17QArrayDataPointerI7QStringE4dataEv
FN:120,120,_ZNK17QArrayDataPointerIDsE4dataEv
FN:120,120,_ZNK17QArrayDataPointerIP6PlayerE4dataEv
FN:120,120,_ZNK17QArrayDataPointerISt4pairI7QStringiEE4dataEv
FN:120,120,_ZNK17QArrayDataPointerIcE4dataEv
FN:122,122,_ZN17QArrayDataPointerI7QStringE5beginEv
FN:122,122,_ZN17QArrayDataPointerIP6PlayerE5beginEv
FN:122,122,_ZN17QArrayDataPointerISt4pairI7QStringiEE5beginEv
FN:123,123,_ZN17QArrayDataPointerI7QStringE3endEv
FN:123,123,_ZN17QArrayDataPointerIP6PlayerE3endEv
FN:123,123,_ZN17QArrayDataPointerISt4pairI7QStringiEE3endEv
FN:124,124,_ZNK17QArrayDataPointerI7QStringE5beginEv
FN:124,124,_ZNK17QArrayDataPointerIP6PlayerE5beginEv
FN:124,124,_ZNK17QArrayDataPointerISt4pairI7QStringiEE5beginEv
FN:125,125,_ZNK17QArrayDataPointerI7QStringE3endEv
FN:125,125,_ZNK17QArrayDataPointerIP6PlayerE3endEv
FN:125,125,_ZNK17QArrayDataPointerISt4pairI7QStringiEE3endEv
FN:126,126,_ZNK17QArrayDataPointerIP6PlayerE10constBeginEv
FN:127,127,_ZNK17QArrayDataPointerIP6PlayerE8constEndEv
FN:129,134,_ZN17QArrayDataPointerI7QStringE4swapERS1_
FN:129,134,_ZN17QArrayDataPointerIDsE4swapERS0_
FN:129,134,_ZN17QArrayDataPointerIP6PlayerE4swapERS2_
FN:129,134,_ZN17QArrayDataPointerISt4pairI7QStringiEE4swapERS3_
FN:142,146,_ZN17QArrayDataPointerI7QStringE6detachEPS1_
FN:142,146,_ZN17QArrayDataPointerIP6PlayerE6detachEPS2_
FN:142,146,_ZN17QArrayDataPointerISt4pairI7QStringiEE6detachEPS3_
FN:193,210,_ZN17QArrayDataPointerI7QStringE13detachAndGrowEN10QArrayData14GrowthPositionExPPKS0_PS1_
FN:193,210,_ZN17QArrayDataPointerIP6PlayerE13detachAndGrowEN10QArrayData14GrowthPositionExPPKS1_PS2_
FN:193,210,_ZN17QArrayDataPointerISt4pairI7QStringiEE13detachAndGrowEN10QArrayData14GrowthPositionExPPKS2_PS3_
FN:218,250,_ZN17QArrayDataPointerI7QStringE17reallocateAndGrowEN10QArrayData14GrowthPositionExPS1_
FN:218,250,_ZN17QArrayDataPointerIP6PlayerE17reallocateAndGrowEN10QArrayData14GrowthPositionExPS2_
FN:218,250,_ZN17QArrayDataPointerISt4pairI7QStringiEE17reallocateAndGrowEN10QArrayData14GrowthPositionExPS3_
FN:269,306,_ZN17QArrayDataPointerI7QStringE20tryReadjustFreeSpaceEN10QArrayData14GrowthPositionExPPKS0_
FN:269,306,_ZN17QArrayDataPointerIP6PlayerE20tryReadjustFreeSpaceEN10QArrayData14GrowthPositionExPPKS1_
FN:269,306,_ZN17QArrayDataPointerISt4pairI7QStringiEE20tryReadjustFreeSpaceEN10QArrayData14GrowthPositionExPPKS2_
FN:31,34,_ZN17QArrayDataPointerI7QStringEC1Ev
FN:31,34,_ZN17QArrayDataPointerIDsEC1Ev
FN:31,34,_ZN17QArrayDataPointerIDsEC2Ev
FN:31,34,_ZN17QArrayDataPointerIP6PlayerEC2Ev
FN:31,34,_ZN17QArrayDataPointerISt4pairI7QStringiEEC1Ev
FN:313,321,_ZN17QArrayDataPointerI7QStringE8relocateExPPKS0_
FN:313,321,_ZN17QArrayDataPointerIP6PlayerE8relocateExPPKS1_
FN:313,321,_ZN17QArrayDataPointerISt4pairI7QStringiEE8relocateExPPKS2_
FN:37,41,_ZN17QArrayDataPointerIDsEC2ERKS0_
FN:37,41,_ZN17QArrayDataPointerIP6PlayerEC2ERKS2_
FN:37,41,_ZN17QArrayDataPointerISt4pairI7QStringiEEC2ERKS3_
FN:37,41,_ZN17QArrayDataPointerIcEC2ERKS0_
FN:44,47,_ZN17QArrayDataPointerI7QStringEC2EP15QTypedArrayDataIS0_EPS0_x
FN:44,47,_ZN17QArrayDataPointerIP6PlayerEC2EP15QTypedArrayDataIS1_EPS1_x
FN:44,47,_ZN17QArrayDataPointerISt4pairI7QStringiEEC2EP15QTypedArrayDataIS2_EPS2_x
FN:454,454,_ZNK17QArrayDataPointerI7QStringE22constAllocatedCapacityEv
FN:454,454,_ZNK17QArrayDataPointerIP6PlayerE22constAllocatedCapacityEv
FN:454,454,_ZNK17QArrayDataPointerISt4pairI7QStringiEE22constAllocatedCapacityEv
FN:454,454,_ZNK17QArrayDataPointerIcE22constAllocatedCapacityEv
FN:455,455,_ZN17QArrayDataPointerIDsE3refEv
FN:455,455,_ZN17QArrayDataPointerIP6PlayerE3refEv
FN:455,455,_ZN17QArrayDataPointerISt4pairI7QStringiEE3refEv
FN:455,455,_ZN17QArrayDataPointerIcE3refEv
FN:456,456,_ZN17QArrayDataPointerI7QStringE5derefEv
FN:456,456,_ZN17QArrayDataPointerIDsE5derefEv
FN:456,456,_ZN17QArrayDataPointerIP6PlayerE5derefEv
FN:456,456,_ZN17QArrayDataPointerISt4pairI7QStringiEE5derefEv
FN:456,456,_ZN17QArrayDataPointerIcE5derefEv
FN:460,460,_ZNK17QArrayDataPointerI7QStringE11needsDetachEv
FN:460,460,_ZNK17QArrayDataPointerIP6PlayerE11needsDetachEv
FN:460,460,_ZNK17QArrayDataPointerISt4pairI7QStringiEE11needsDetachEv
FN:460,460,_ZNK17QArrayDataPointerIcE11needsDetachEv
FN:461,461,_ZNK17QArrayDataPointerI7QStringE14detachCapacityEx
FN:461,461,_ZNK17QArrayDataPointerIP6PlayerE14detachCapacityEx
FN:461,461,_ZNK17QArrayDataPointerISt4pairI7QStringiEE14detachCapacityEx
FN:462,462,_ZNK17QArrayDataPointerI7QStringE5flagsEv
FN:462,462,_ZNK17QArrayDataPointerIP6PlayerE5flagsEv
FN:462,462,_ZNK17QArrayDataPointerISt4pairI7QStringiEE5flagsEv
FN:463,463,_ZN17QArrayDataPointerIcE7setFlagE6QFlagsIN10QArrayData11ArrayOptionEE
FN:469,474,_ZNK17QArrayDataPointerI7QStringE16freeSpaceAtBeginEv
FN:469,474,_ZNK17QArrayDataPointerIP6PlayerE16freeSpaceAtBeginEv
FN:469,474,_ZNK17QArrayDataPointerISt4pairI7QStringiEE16freeSpaceAtBeginEv
FN:469,474,_ZNK17QArrayDataPointerIcE16freeSpaceAtBeginEv
FN:476,481,_ZNK17QArrayDataPointerI7QStringE14freeSpaceAtEndEv
FN:476,481,_ZNK17QArrayDataPointerIP6PlayerE14freeSpaceAtEndEv
FN:476,481,_ZNK17QArrayDataPointerISt4pairI7QStringiEE14freeSpaceAtEndEv
FN:484,508,_ZN17QArrayDataPointerI7QStringE12allocateGrowERKS1_xN10QArrayData14GrowthPositionE
FN:484,508,_ZN17QArrayDataPointerIP6PlayerE12allocateGrowERKS2_xN10QArrayData14GrowthPositionE
FN:484,508,_ZN17QArrayDataPointerISt4pairI7QStringiEE12allocateGrowERKS3_xN10QArrayData14GrowthPositionE
FN:50,53,_ZN17QArrayDataPointerIP6PlayerEC2ESt4pairIP15QTypedArrayDataIS1_EPS1_Ex
FN:50,53,_ZN17QArrayDataPointerISt4pairI7QStringiEEC2ES0_IP15QTypedArrayDataIS2_EPS2_Ex
FN:56,60,_ZN17QArrayDataPointerIP6PlayerEC2ExxN10QArrayData16AllocationOptionE
FN:56,60,_ZN17QArrayDataPointerISt4pairI7QStringiEEC2ExxN10QArrayData16AllocationOptionE
FN:77,82,_ZN17QArrayDataPointerI7QStringEC2EOS1_
FN:77,82,_ZN17QArrayDataPointerIDsEC2EOS0_
FN:77,82,_ZN17QArrayDataPointerISt4pairI7QStringiEEC2EOS3_
FN:77,82,_ZN17QArrayDataPointerIcEC2EOS0_
FN:84,84,_ZN17QArrayDataPointerI7QStringEaSEOS1_
FN:91,94,_ZN17QArrayDataPointerI7QStringEptEv
FN:91,94,_ZN17QArrayDataPointerIDsEptEv
FN:91,94,_ZN17QArrayDataPointerIP6PlayerEptEv
FN:91,94,_ZN17QArrayDataPointerISt4pairI7QStringiEEptEv
FN:91,94,_ZN17QArrayDataPointerIcEptEv
FNDA:0,_ZNK17QArrayDataPointerIP6PlayerEptEv
FNDA:36,_ZNK17QArrayDataPointerISt4pairI7QStringiEEptEv
FNDA:12,_ZN17QArrayDataPointerI7QStringED2Ev
FNDA:4021,_ZN17QArrayDataPointerIDsED2Ev
FNDA:19,_ZN17QArrayDataPointerIP6PlayerED2Ev
FNDA:15,_ZN17QArrayDataPointerISt4pairI7QStringiEED2Ev
FNDA:342,_ZN17QArrayDataPointerIcED2Ev
FNDA:1434,_ZN17QArrayDataPointerI7QStringE4dataEv
FNDA:204,_ZN17QArrayDataPointerIP6PlayerE4dataEv
FNDA:173,_ZN17QArrayDataPointerISt4pairI7QStringiEE4dataEv
FNDA:0,_ZN17QArrayDataPointerIcE4dataEv
FNDA:0,_ZNK17QArrayDataPointerI7QStringE4dataEv
FNDA:19150,_ZNK17QArrayDataPointerIDsE4dataEv
FNDA:0,_ZNK17QArrayDataPointerIP6PlayerE4dataEv
FNDA:36,_ZNK17QArrayDataPointerISt4pairI7QStringiEE4dataEv
FNDA:30,_ZNK17QArrayDataPointerIcE4dataEv
FNDA:7,_ZN17QArrayDataPointerI7QStringE5beginEv
FNDA:102,_ZN17QArrayDataPointerIP6PlayerE5beginEv
FNDA:18,_ZN17QArrayDataPointerISt4pairI7QStringiEE5beginEv
FNDA:1403,_ZN17QArrayDataPointerI7QStringE3endEv
FNDA:108,_ZN17QArrayDataPointerIP6PlayerE3endEv
FNDA:134,_ZN17QArrayDataPointerISt4pairI7QStringiEE3endEv
FNDA:0,_ZNK17QArrayDataPointerI7QStringE5beginEv
FNDA:0,_ZNK17QArrayDataPointerIP6PlayerE5beginEv
FNDA:0,_ZNK17QArrayDataPointerISt4pairI7QStringiEE5beginEv
FNDA:0,_ZNK17QArrayDataPointerI7QStringE3endEv
FNDA:0,_ZNK17QArrayDataPointerIP6PlayerE3endEv
FNDA:0,_ZNK17QArrayDataPointerISt4pairI7QStringiEE3endEv
FNDA:0,_ZNK17QArrayDataPointerIP6PlayerE10constBeginEv
FNDA:0,_ZNK17QArrayDataPointerIP6PlayerE8constEndEv
FNDA:6,_ZN17QArrayDataPointerI7QStringE4swapERS1_
FNDA:259,_ZN17QArrayDataPointerIDsE4swapERS0_
FNDA:42,_ZN17QArrayDataPointerIP6PlayerE4swapERS2_
FNDA:3,_ZN17QArrayDataPointerISt4pairI7QStringiEE4swapERS3_
FNDA:734,_ZN17QArrayDataPointerI7QStringE6detachEPS1_
FNDA:228,_ZN17QArrayDataPointerIP6PlayerE6detachEPS2_
FNDA:100,_ZN17QArrayDataPointerISt4pairI7QStringiEE6detachEPS3_
FNDA:192,_ZN17QArrayDataPointerI7QStringE13detachAndGrowEN10QArrayData14GrowthPositionExPPKS0_PS1_
FNDA:18,_ZN17QArrayDataPointerIP6PlayerE13detachAndGrowEN10QArrayData14GrowthPositionExPPKS1_PS2_
FNDA:90,_ZN17QArrayDataPointerISt4pairI7QStringiEE13detachAndGrowEN10QArrayData14GrowthPositionExPPKS2_PS3_
FNDA:32,_ZN17QArrayDataPointerI7QStringE17reallocateAndGrowEN10QArrayData14GrowthPositionExPS1_
FNDA:42,_ZN17QArrayDataPointerIP6PlayerE17reallocateAndGrowEN10QArrayData14GrowthPositionExPS2_
FNDA:15,_ZN17QArrayDataPointerISt4pairI7QStringiEE17reallocateAndGrowEN10QArrayData14GrowthPositionExPS3_
FNDA:156,_ZN17QArrayDataPointerI7QStringE20tryReadjustFreeSpaceEN10QArrayData14GrowthPositionExPPKS0_
FNDA:0,_ZN17QArrayDataPointerIP6PlayerE20tryReadjustFreeSpaceEN10QArrayData14GrowthPositionExPPKS1_
FNDA:72,_ZN17QArrayDataPointerISt4pairI7QStringiEE20tryReadjustFreeSpaceEN10QArrayData14GrowthPositionExPPKS2_
FNDA:18,_ZN17QArrayDataPointerI7QStringEC1Ev
FNDA:31,_ZN17QArrayDataPointerIDsEC1Ev
FNDA:0,_ZN17QArrayDataPointerIDsEC2Ev
FNDA:30,_ZN17QArrayDataPointerIP6PlayerEC2Ev
FNDA:0,_ZN17QArrayDataPointerISt4pairI7QStringiEEC1Ev
FNDA:0,_ZN17QArrayDataPointerI7QStringE8relocateExPPKS0_
FNDA:0,_ZN17QArrayDataPointerIP6PlayerE8relocateExPPKS1_
FNDA:0,_ZN17QArrayDataPointerISt4pairI7QStringiEE8relocateExPPKS2_
FNDA:1186,_ZN17QArrayDataPointerIDsEC2ERKS0_
FNDA:6,_ZN17QArrayDataPointerIP6PlayerEC2ERKS2_
FNDA:18,_ZN17QArrayDataPointerISt4pairI7QStringiEEC2ERKS3_
FNDA:60,_ZN17QArrayDataPointerIcEC2ERKS0_
FNDA:6,_ZN17QArrayDataPointerI7QStringEC2EP15QTypedArrayDataIS0_EPS0_x
FNDA:42,_ZN17QArrayDataPointerIP6PlayerEC2EP15QTypedArrayDataIS1_EPS1_x
FNDA:3,_ZN17QArrayDataPointerISt4pairI7QStringiEEC2EP15QTypedArrayDataIS2_EPS2_x
FNDA:64,_ZNK17QArrayDataPointerI7QStringE22constAllocatedCapacityEv
FNDA:84,_ZNK17QArrayDataPointerIP6PlayerE22constAllocatedCapacityEv
FNDA:30,_ZNK17QArrayDataPointerISt4pairI7QStringiEE22constAllocatedCapacityEv
FNDA:0,_ZNK17QArrayDataPointerIcE22constAllocatedCapacityEv
FNDA:1186,_ZN17QArrayDataPointerIDsE3refEv
FNDA:6,_ZN17QArrayDataPointerIP6PlayerE3refEv
FNDA:18,_ZN17QArrayDataPointerISt4pairI7QStringiEE3refEv
FNDA:60,_ZN17QArrayDataPointerIcE3refEv
FNDA:12,_ZN17QArrayDataPointerI7QStringE5derefEv
FNDA:4021,_ZN17QArrayDataPointerIDsE5derefEv
FNDA:19,_ZN17QArrayDataPointerIP6PlayerE5derefEv
FNDA:15,_ZN17QArrayDataPointerISt4pairI7QStringiEE5derefEv
FNDA:342,_ZN17QArrayDataPointerIcE5derefEv
FNDA:1512,_ZNK17QArrayDataPointerI7QStringE11needsDetachEv
FNDA:312,_ZNK17QArrayDataPointerIP6PlayerE11needsDetachEv
FNDA:200,_ZNK17QArrayDataPointerISt4pairI7QStringiEE11needsDetachEv
FNDA:0,_ZNK17QArrayDataPointerIcE11needsDetachEv
FNDA:6,_ZNK17QArrayDataPointerI7QStringE14detachCapacityEx
FNDA:42,_ZNK17QArrayDataPointerIP6PlayerE14detachCapacityEx
FNDA:3,_ZNK17QArrayDataPointerISt4pairI7QStringiEE14detachCapacityEx
FNDA:6,_ZNK17QArrayDataPointerI7QStringE5flagsEv
FNDA:18,_ZNK17QArrayDataPointerIP6PlayerE5flagsEv
FNDA:3,_ZNK17QArrayDataPointerISt4pairI7QStringiEE5flagsEv
FNDA:0,_ZN17QArrayDataPointerIcE7setFlagE6QFlagsIN10QArrayData11ArrayOptionEE
FNDA:818,_ZNK17QArrayDataPointerI7QStringE16freeSpaceAtBeginEv
FNDA:24,_ZNK17QArrayDataPointerIP6PlayerE16freeSpaceAtBeginEv
FNDA:118,_ZNK17QArrayDataPointerISt4pairI7QStringiEE16freeSpaceAtBeginEv
FNDA:0,_ZNK17QArrayDataPointerIcE16freeSpaceAtBeginEv
FNDA:792,_ZNK17QArrayDataPointerI7QStringE14freeSpaceAtEndEv
FNDA:48,_ZNK17QArrayDataPointerIP6PlayerE14freeSpaceAtEndEv
FNDA:106,_ZNK17QArrayDataPointerISt4pairI7QStringiEE14freeSpaceAtEndEv
FNDA:6,_ZN17QArrayDataPointerI7QStringE12allocateGrowERKS1_xN10QArrayData14GrowthPositionE
FNDA:42,_ZN17QArrayDataPointerIP6PlayerE12allocateGrowERKS2_xN10QArrayData14GrowthPositionE
FNDA:3,_ZN17QArrayDataPointerISt4pairI7QStringiEE12allocateGrowERKS3_xN10QArrayData14GrowthPositionE
FNDA:6,_ZN17QArrayDataPointerIP6PlayerEC2ESt4pairIP15QTypedArrayDataIS1_EPS1_Ex
FNDA:18,_ZN17QArrayDataPointerISt4pairI7QStringiEEC2ES0_IP15QTypedArrayDataIS2_EPS2_Ex
FNDA:6,_ZN17QArrayDataPointerIP6PlayerEC2ExxN10QArrayData16AllocationOptionE
FNDA:18,_ZN17QArrayDataPointerISt4pairI7QStringiEEC2ExxN10QArrayData16AllocationOptionE
FNDA:0,_ZN17QArrayDataPointerI7QStringEC2EOS1_
FNDA:187,_ZN17QArrayDataPointerIDsEC2EOS0_
FNDA:18,_ZN17QArrayDataPointerISt4pairI7QStringiEEC2EOS3_
FNDA:60,_ZN17QArrayDataPointerIcEC2EOS0_
FNDA:0,_ZN17QArrayDataPointerI7QStringEaSEOS1_
FNDA:2194,_ZN17QArrayDataPointerI7QStringEptEv
FNDA:1936,_ZN17QArrayDataPointerIDsEptEv
FNDA:61,_ZN17QArrayDataPointerIP6PlayerEptEv
FNDA:261,_ZN17QArrayDataPointerISt4pairI7QStringiEEptEv
FNDA:162,_ZN17QArrayDataPointerIcEptEv
FNF:109
FNH:85
DA:31,79
DA:32,79
DA:34,79
DA:37,1270
DA:38,1270
DA:40,1270
DA:41,1270
DA:44,51
DA:45,51
DA:47,51
DA:50,24
DA:51,24
DA:53,24
DA:56,24
DA:58,24
DA:60,24
DA:77,265
DA:78,265
DA:79,265
DA:80,265
DA:82,265
DA:84,0
DA:91,4614
DA:93,4614
DA:101,36
DA:103,36
DA:106,4409
DA:108,4409
DA:109,2119
DA:110,2119
DA:112,4409
DA:119,1811
DA:120,19216
DA:122,127
DA:123,1645
DA:124,0
DA:125,0
DA:126,0
DA:127,0
DA:129,310
DA:131,310
DA:132,310
DA:133,310
DA:134,310
DA:142,1062
DA:144,1062
DA:145,24
DA:146,1062
DA:193,300
DA:196,300
DA:197,300
DA:198,300
DA:199,228
DA:200,456
DA:201,0
DA:202,228
DA:208,300
DA:209,300
DA:218,89
DA:222,89
DA:223,38
DA:224,38
DA:228,51
DA:229,51
DA:230,27
DA:236,51
DA:237,0
DA:238,0
DA:239,0
DA:240,0
DA:241,0
DA:243,0
DA:247,51
DA:248,51
DA:249,0
DA:250,51
DA:269,228
DA:276,228
DA:277,228
DA:278,228
DA:280,228
DA:289,228
DA:290,0
DA:292,228
DA:293,0
DA:295,0
DA:298,228
DA:301,0
DA:305,0
DA:313,0
DA:315,0
DA:316,0
DA:318,0
DA:319,0
DA:320,0
DA:321,0
DA:454,178
DA:455,1270
DA:456,4409
DA:460,2024
DA:461,51
DA:462,27
DA:463,0
DA:469,960
DA:471,960
DA:472,27
DA:473,933
DA:476,946
DA:478,946
DA:479,51
DA:480,895
DA:484,51
DA:490,51
DA:493,51
DA:494,51
DA:495,51
DA:496,51
DA:497,51
DA:498,51
DA:499,24
DA:503,27
DA:504,27
DA:505,27
DA:506,27
DA:507,27
LF:125
LH:99
end_of_record
TN:
SF:/home/jovan/Qt/6.10.2/gcc_64/include/QtCore/qatomic.h
FN:118,118,_ZN10QAtomicIntC2Ei
FN:22,22,_ZN14QAtomicIntegerIiEC2Ei
FNDA:151,_ZN10QAtomicIntC2Ei
FNDA:151,_ZN14QAtomicIntegerIiEC2Ei
FNF:2
FNH:2
DA:22,151
DA:118,151
LF:2
LH:2
end_of_record
TN:
SF:/home/jovan/Qt/6.10.2/gcc_64/include/QtCore/qatomic_cxx11.h
FN:201,204,_ZN10QAtomicOpsIiE11loadRelaxedIiEET_RKSt6atomicIS2_E
FN:213,216,_ZN10QAtomicOpsIiE11loadAcquireIiEET_RKSt6atomicIS2_E
FN:237,240,_ZN10QAtomicOpsIiE12storeReleaseIiEEvRSt6atomicIT_ES3_
FN:245,261,_ZN10QAtomicOpsIiE3refIiEEbRSt6atomicIT_E
FN:264,268,_ZN10QAtomicOpsIiE5derefIiEEbRSt6atomicIT_E
FNDA:2538,_ZN10QAtomicOpsIiE11loadRelaxedIiEET_RKSt6atomicIS2_E
FNDA:0,_ZN10QAtomicOpsIiE11loadAcquireIiEET_RKSt6atomicIS2_E
FNDA:0,_ZN10QAtomicOpsIiE12storeReleaseIiEEvRSt6atomicIT_ES3_
FNDA:1229,_ZN10QAtomicOpsIiE3refIiEEbRSt6atomicIT_E
FNDA:3913,_ZN10QAtomicOpsIiE5derefIiEEbRSt6atomicIT_E
FNF:5
FNH:3
DA:201,2538
DA:203,5076
DA:213,0
DA:215,0
DA:237,0
DA:239,0
DA:240,0
DA:245,1229
DA:260,2458
DA:264,3913
DA:267,7826
LF:11
LH:6
end_of_record
TN:
SF:/home/jovan/Qt/6.10.2/gcc_64/include/QtCore/qbasicatomic.h
FN:154,154,_ZN19QBasicAtomicIntegerIiEC2Ei
FN:37,37,_ZNK19QBasicAtomicIntegerIiE11loadRelaxedEv
FN:40,40,_ZNK19QBasicAtomicIntegerIiE11loadAcquireEv
FN:41,41,_ZN19QBasicAtomicIntegerIiE12storeReleaseEi
FN:48,48,_ZN19QBasicAtomicIntegerIiE3refEv
FN:49,49,_ZN19QBasicAtomicIntegerIiE5derefEv
FNDA:151,_ZN19QBasicAtomicIntegerIiEC2Ei
FNDA:2538,_ZNK19QBasicAtomicIntegerIiE11loadRelaxedEv
FNDA:0,_ZNK19QBasicAtomicIntegerIiE11loadAcquireEv
FNDA:0,_ZN19QBasicAtomicIntegerIiE12storeReleaseEi
FNDA:1229,_ZN19QBasicAtomicIntegerIiE3refEv
FNDA:3913,_ZN19QBasicAtomicIntegerIiE5derefEv
FNF:6
FNH:4
DA:37,2538
DA:40,0
DA:41,0
DA:48,1229
DA:49,3913
DA:154,151
LF:6
LH:4
end_of_record
TN:
SF:/home/jovan/Qt/6.10.2/gcc_64/include/QtCore/qbytearray.h
FN:101,101,_ZN10QByteArrayC2EOS_
FN:305,306,_ZN10QByteArray6appendEPKc
FN:307,308,_ZN10QByteArray6appendEPKcx
FN:310,311,_ZN10QByteArray6appendE14QByteArrayView
FN:366,367,_ZN10QByteArraypLEPKc
FN:368,369,_ZN10QByteArraypLERKS_
FN:459,459,_ZNK10QByteArray5beginEv
FN:513,518,_ZNK10QByteArray4sizeEv
FN:516,516,_ZZNK10QByteArray4sizeEvENKUlvE_clEv
FN:539,540,_Z13comparesEqualRK10QByteArrayRK14QByteArrayView
FN:548,548,_ZeqRK10QByteArrayRKPKc
FN:548,548,_ZneRK10QByteArrayRKPKc
FN:625,625,_ZN10QByteArrayD2Ev
FN:638,643,_ZN10QByteArray4dataEv
FN:652,653,_ZN10QByteArray6detachEv
FN:656,657,_ZN10QByteArrayC2ERKS_
FN:659,659,_ZNK10QByteArray8capacityEv
FN:661,667,_ZN10QByteArray7reserveEx
FN:699,700,_ZplO10QByteArrayRKS_
FN:703,704,_ZplO10QByteArrayPKc
FN:709,710,_ZplPKcRK10QByteArray
FNDA:60,_ZN10QByteArrayC2EOS_
FNDA:30,_ZN10QByteArray6appendEPKc
FNDA:30,_ZN10QByteArray6appendEPKcx
FNDA:30,_ZN10QByteArray6appendE14QByteArrayView
FNDA:30,_ZN10QByteArraypLEPKc
FNDA:60,_ZN10QByteArraypLERKS_
FNDA:30,_ZNK10QByteArray5beginEv
FNDA:60,_ZNK10QByteArray4sizeEv
FNDA:60,_ZZNK10QByteArray4sizeEvENKUlvE_clEv
FNDA:0,_Z13comparesEqualRK10QByteArrayRK14QByteArrayView
FNDA:0,_ZeqRK10QByteArrayRKPKc
FNDA:0,_ZneRK10QByteArrayRKPKc
FNDA:342,_ZN10QByteArrayD2Ev
FNDA:0,_ZN10QByteArray4dataEv
FNDA:0,_ZN10QByteArray6detachEv
FNDA:60,_ZN10QByteArrayC2ERKS_
FNDA:0,_ZNK10QByteArray8capacityEv
FNDA:0,_ZN10QByteArray7reserveEx
FNDA:30,_ZplO10QByteArrayRKS_
FNDA:30,_ZplO10QByteArrayPKc
FNDA:30,_ZplPKcRK10QByteArray
FNF:21
FNH:14
DA:101,60
DA:305,30
DA:306,30
DA:307,30
DA:308,30
DA:310,30
DA:311,30
DA:366,30
DA:367,30
DA:368,60
DA:369,60
DA:459,30
DA:513,60
DA:515,60
DA:516,60
DA:517,60
DA:539,0
DA:540,0
DA:548,0
DA:625,342
DA:638,0
DA:640,0
DA:642,0
DA:652,0
DA:653,0
DA:656,60
DA:657,60
DA:659,0
DA:661,0
DA:663,0
DA:664,0
DA:665,0
DA:666,0
DA:667,0
DA:699,30
DA:700,30
DA:703,30
DA:704,30
DA:709,30
DA:710,30
LF:40
LH:25
end_of_record
TN:
SF:/home/jovan/Qt/6.10.2/gcc_64/include/QtCore/qbytearrayalgorithms.h
FN:107,117,_Z7qstrlenPKc
FNDA:30,_Z7qstrlenPKc
FNF:1
FNH:1
DA:107,30
DA:115,30
LF:2
LH:2
end_of_record
TN:
SF:/home/jovan/Qt/6.10.2/gcc_64/include/QtCore/qbytearrayview.h
FN:127,132,_ZN14QByteArrayView21lengthHelperCharArrayEPKcm
FN:137,138,_ZN14QByteArrayView10castHelperEPKc
FN:147,149,_ZN14QByteArrayViewC2IcLb1EEEPKT_x
FN:160,162,_ZN14QByteArrayViewC2IPKcLb1EEERKT_
FN:169,170,_ZN14QByteArrayViewC2I10QByteArrayLb1EEERKT_
FN:177,178,_ZN14QByteArrayViewC2ILm29EEERAT__Kc
FN:193,193,_ZNK14QByteArrayView4sizeEv
FN:194,194,_ZNK14QByteArrayView4dataEv
FN:195,195,_ZNK14QByteArrayView9constDataEv
FN:357,361,_Z13comparesEqualRK14QByteArrayViewS1_
FN:368,368,_ZeqRK14QByteArrayViewS1_
FN:70,81,_ZN9QtPrivateL19lengthHelperPointerIcEExPKT_
FNDA:0,_ZN14QByteArrayView21lengthHelperCharArrayEPKcm
FNDA:881,_ZN14QByteArrayView10castHelperEPKc
FNDA:881,_ZN14QByteArrayViewC2IcLb1EEEPKT_x
FNDA:868,_ZN14QByteArrayViewC2IPKcLb1EEERKT_
FNDA:30,_ZN14QByteArrayViewC2I10QByteArrayLb1EEERKT_
FNDA:0,_ZN14QByteArrayViewC2ILm29EEERAT__Kc
FNDA:0,_ZNK14QByteArrayView4sizeEv
FNDA:0,_ZNK14QByteArrayView4dataEv
FNDA:0,_ZNK14QByteArrayView9constDataEv
FNDA:0,_Z13comparesEqualRK14QByteArrayViewS1_
FNDA:0,_ZeqRK14QByteArrayViewS1_
FNDA:936,_ZN9QtPrivateL19lengthHelperPointerIcEExPKT_
FNF:12
FNH:5
DA:70,936
DA:75,936
DA:76,936
DA:77,0
DA:78,6828
DA:79,5892
DA:80,936
DA:127,0
DA:129,0
DA:130,0
DA:131,0
DA:137,881
DA:138,881
DA:147,881
DA:148,881
DA:149,881
DA:160,868
DA:162,868
DA:169,30
DA:170,30
DA:177,0
DA:178,0
DA:193,0
DA:194,0
DA:195,0
DA:357,0
DA:359,0
DA:360,0
DA:368,0
LF:29
LH:15
end_of_record
TN:
SF:/home/jovan/Qt/6.10.2/gcc_64/include/QtCore/qchar.h
FN:132,132,_ZN5QCharC2I11QLatin1CharLb1EEET_
FN:132,132,_ZN5QCharC2IDsLb1EEET_
FN:143,143,_ZN5QCharC2IcLb1EEET_
FN:20,20,_ZN11QLatin1CharC2Ec
FN:22,22,_ZNK11QLatin1Char7unicodeEv
FN:42,42,_ZNK11QLatin1CharcvDsEv
FN:527,527,_ZN5QChar10fromLatin1Ec
FNDA:0,_ZN5QCharC2I11QLatin1CharLb1EEET_
FNDA:0,_ZN5QCharC2IDsLb1EEET_
FNDA:0,_ZN5QCharC2IcLb1EEET_
FNDA:0,_ZN11QLatin1CharC2Ec
FNDA:0,_ZNK11QLatin1Char7unicodeEv
FNDA:0,_ZNK11QLatin1CharcvDsEv
FNDA:0,_ZN5QChar10fromLatin1Ec
FNF:7
FNH:0
DA:20,0
DA:22,0
DA:42,0
DA:132,0
DA:143,0
DA:527,0
LF:6
LH:0
end_of_record
TN:
SF:/home/jovan/Qt/6.10.2/gcc_64/include/QtCore/qcheckedint_impl.h
FN:100,100,_ZNK9QtPrivate16QCheckedIntegers11QCheckedIntIiNS0_13SafeCheckImplIiEENS0_18AssertReportPolicyEE5valueEv
FN:148,154,_ZN9QtPrivate16QCheckedIntegersplENS0_11QCheckedIntIiNS0_13SafeCheckImplIiEENS0_18AssertReportPolicyEEES5_
FN:157,160,_ZN9QtPrivate16QCheckedIntegersplIiLb1EEENS0_11QCheckedIntIiNS0_13SafeCheckImplIiEENS0_18AssertReportPolicyEEES6_T_
FN:180,186,_ZN9QtPrivate16QCheckedIntegersmiENS0_11QCheckedIntIiNS0_13SafeCheckImplIiEENS0_18AssertReportPolicyEEES5_
FN:189,192,_ZN9QtPrivate16QCheckedIntegersmiIiLb1EEENS0_11QCheckedIntIiNS0_13SafeCheckImplIiEENS0_18AssertReportPolicyEEES6_T_
FN:284,287,_ZN9QtPrivate16QCheckedIntegers13comparesEqualIiLb1EEEbNS0_11QCheckedIntIiNS0_13SafeCheckImplIiEENS0_18AssertReportPolicyEEET_
FN:301,301,_ZN9QtPrivate16QCheckedIntegerseqIiLb1EEEbRKNS0_11QCheckedIntIiNS0_13SafeCheckImplIiEENS0_18AssertReportPolicyEEERKT_
FN:36,39,_ZN9QtPrivate16QCheckedIntegers13SafeCheckImplIiE3addEiiPi
FN:42,45,_ZN9QtPrivate16QCheckedIntegers13SafeCheckImplIiE3subEiiPi
FN:67,70,_ZN9QtPrivate16QCheckedIntegers18AssertReportPolicy5checkEbPKcS3_
FN:89,91,_ZN9QtPrivate16QCheckedIntegers11QCheckedIntIiNS0_13SafeCheckImplIiEENS0_18AssertReportPolicyEEC1Ei
FNDA:0,_ZNK9QtPrivate16QCheckedIntegers11QCheckedIntIiNS0_13SafeCheckImplIiEENS0_18AssertReportPolicyEE5valueEv
FNDA:0,_ZN9QtPrivate16QCheckedIntegersplENS0_11QCheckedIntIiNS0_13SafeCheckImplIiEENS0_18AssertReportPolicyEEES5_
FNDA:0,_ZN9QtPrivate16QCheckedIntegersplIiLb1EEENS0_11QCheckedIntIiNS0_13SafeCheckImplIiEENS0_18AssertReportPolicyEEES6_T_
FNDA:0,_ZN9QtPrivate16QCheckedIntegersmiENS0_11QCheckedIntIiNS0_13SafeCheckImplIiEENS0_18AssertReportPolicyEEES5_
FNDA:0,_ZN9QtPrivate16QCheckedIntegersmiIiLb1EEENS0_11QCheckedIntIiNS0_13SafeCheckImplIiEENS0_18AssertReportPolicyEEES6_T_
FNDA:0,_ZN9QtPrivate16QCheckedIntegers13comparesEqualIiLb1EEEbNS0_11QCheckedIntIiNS0_13SafeCheckImplIiEENS0_18AssertReportPolicyEEET_
FNDA:0,_ZN9QtPrivate16QCheckedIntegerseqIiLb1EEEbRKNS0_11QCheckedIntIiNS0_13SafeCheckImplIiEENS0_18AssertReportPolicyEEERKT_
FNDA:0,_ZN9QtPrivate16QCheckedIntegers13SafeCheckImplIiE3addEiiPi
FNDA:0,_ZN9QtPrivate16QCheckedIntegers13SafeCheckImplIiE3subEiiPi
FNDA:0,_ZN9QtPrivate16QCheckedIntegers18AssertReportPolicy5checkEbPKcS3_
FNDA:0,_ZN9QtPrivate16QCheckedIntegers11QCheckedIntIiNS0_13SafeCheckImplIiEENS0_18AssertReportPolicyEEC1Ei
FNF:11
FNH:0
DA:36,0
DA:38,0
DA:42,0
DA:44,0
DA:67,0
DA:70,0
DA:89,0
DA:90,0
DA:91,0
DA:100,0
DA:148,0
DA:150,0
DA:151,0
DA:152,0
DA:153,0
DA:157,0
DA:159,0
DA:180,0
DA:182,0
DA:183,0
DA:184,0
DA:185,0
DA:189,0
DA:191,0
DA:284,0
DA:286,0
DA:301,0
LF:27
LH:0
end_of_record
TN:
SF:/home/jovan/Qt/6.10.2/gcc_64/include/QtCore/qcompare.h
FN:461,463,_ZN2QtltENS_15strong_orderingEN9QtPrivate25CompareAgainstLiteralZeroE
FN:619,619,_ZN2Qt5is_ltENS_15strong_orderingE
FNDA:13362,_ZN2QtltENS_15strong_orderingEN9QtPrivate25CompareAgainstLiteralZeroE
FNDA:13362,_ZN2Qt5is_ltENS_15strong_orderingE
FNF:2
FNH:2
DA:461,13362
DA:463,13362
DA:619,13362
LF:3
LH:3
end_of_record
TN:
SF:/home/jovan/Qt/6.10.2/gcc_64/include/QtCore/qcompare_impl.h
FN:26,26,_ZN9QtPrivate25CompareAgainstLiteralZeroC2EMS0_FvvE
FNDA:13362,_ZN9QtPrivate25CompareAgainstLiteralZeroC2EMS0_FvvE
FNF:1
FNH:1
DA:26,13362
LF:1
LH:1
end_of_record
TN:
SF:/home/jovan/Qt/6.10.2/gcc_64/include/QtCore/qcomparehelpers.h
FN:1095,1097,_ZN2Qt23totally_ordered_wrapperIP8QMapDataISt3mapI7QStringiSt4lessIS3_ESaISt4pairIKS3_iEEEEEC2EDn
FN:1095,1097,_ZN2Qt23totally_ordered_wrapperIP8QMapDataISt3mapIP6PlayeriSt4lessIS4_ESaISt4pairIKS4_iEEEEEC1EDn
FN:1095,1097,_ZN2Qt23totally_ordered_wrapperIP8QMapDataISt3mapIP6PlayeriSt4lessIS4_ESaISt4pairIKS4_iEEEEEC2EDn
FN:1098,1098,_ZN2Qt23totally_ordered_wrapperIP8QMapDataISt3mapI7QStringiSt4lessIS3_ESaISt4pairIKS3_iEEEEEC2ESC_
FN:1098,1098,_ZN2Qt23totally_ordered_wrapperIP8QMapDataISt3mapIP6PlayeriSt4lessIS4_ESaISt4pairIKS4_iEEEEEC1ESD_
FN:1098,1098,_ZN2Qt23totally_ordered_wrapperIP8QMapDataISt3mapIP6PlayeriSt4lessIS4_ESaISt4pairIKS4_iEEEEEC2ESD_
FN:1100,1100,_ZNK2Qt23totally_ordered_wrapperIP8QMapDataISt3mapI7QStringiSt4lessIS3_ESaISt4pairIKS3_iEEEEE3getEv
FN:1100,1100,_ZNK2Qt23totally_ordered_wrapperIP8QMapDataISt3mapIP6PlayeriSt4lessIS4_ESaISt4pairIKS4_iEEEEE3getEv
FN:1101,1101,_ZN2Qt23totally_ordered_wrapperIP8QMapDataISt3mapI7QStringiSt4lessIS3_ESaISt4pairIKS3_iEEEEE5resetESC_
FN:1101,1101,_ZN2Qt23totally_ordered_wrapperIP8QMapDataISt3mapIP6PlayeriSt4lessIS4_ESaISt4pairIKS4_iEEEEE5resetESD_
FN:1102,1102,_ZNK2Qt23totally_ordered_wrapperIP8QMapDataISt3mapI7QStringiSt4lessIS3_ESaISt4pairIKS3_iEEEEEptEv
FN:1102,1102,_ZNK2Qt23totally_ordered_wrapperIP8QMapDataISt3mapIP6PlayeriSt4lessIS4_ESaISt4pairIKS4_iEEEEEptEv
FN:1104,1104,_ZNK2Qt23totally_ordered_wrapperIP8QMapDataISt3mapI7QStringiSt4lessIS3_ESaISt4pairIKS3_iEEEEEdeISB_Lb1EEERT_v
FN:1104,1104,_ZNK2Qt23totally_ordered_wrapperIP8QMapDataISt3mapIP6PlayeriSt4lessIS4_ESaISt4pairIKS4_iEEEEEdeISC_Lb1EEERT_v
FN:1106,1106,_ZNK2Qt23totally_ordered_wrapperIP8QMapDataISt3mapI7QStringiSt4lessIS3_ESaISt4pairIKS3_iEEEEEcvbEv
FN:1106,1106,_ZNK2Qt23totally_ordered_wrapperIP8QMapDataISt3mapIP6PlayeriSt4lessIS4_ESaISt4pairIKS4_iEEEEEcvbEv
FN:1144,1145,_ZN2Qt11qt_ptr_swapERNS_23totally_ordered_wrapperIP8QMapDataISt3mapI7QStringiSt4lessIS3_ESaISt4pairIKS3_iEEEEEESE_
FN:1144,1145,_ZN2Qt11qt_ptr_swapERNS_23totally_ordered_wrapperIP8QMapDataISt3mapIP6PlayeriSt4lessIS4_ESaISt4pairIKS4_iEEEEEESF_
FN:939,954,_ZN2Qt15compareThreeWayIiiLb1ELb1EEENS_15strong_orderingET_T0_
FNDA:2178,_ZN2Qt23totally_ordered_wrapperIP8QMapDataISt3mapI7QStringiSt4lessIS3_ESaISt4pairIKS3_iEEEEEC2EDn
FNDA:2,_ZN2Qt23totally_ordered_wrapperIP8QMapDataISt3mapIP6PlayeriSt4lessIS4_ESaISt4pairIKS4_iEEEEEC1EDn
FNDA:192,_ZN2Qt23totally_ordered_wrapperIP8QMapDataISt3mapIP6PlayeriSt4lessIS4_ESaISt4pairIKS4_iEEEEEC2EDn
FNDA:2178,_ZN2Qt23totally_ordered_wrapperIP8QMapDataISt3mapI7QStringiSt4lessIS3_ESaISt4pairIKS3_iEEEEEC2ESC_
FNDA:2,_ZN2Qt23totally_ordered_wrapperIP8QMapDataISt3mapIP6PlayeriSt4lessIS4_ESaISt4pairIKS4_iEEEEEC1ESD_
FNDA:192,_ZN2Qt23totally_ordered_wrapperIP8QMapDataISt3mapIP6PlayeriSt4lessIS4_ESaISt4pairIKS4_iEEEEEC2ESD_
FNDA:11096,_ZNK2Qt23totally_ordered_wrapperIP8QMapDataISt3mapI7QStringiSt4lessIS3_ESaISt4pairIKS3_iEEEEE3getEv
FNDA:373,_ZNK2Qt23totally_ordered_wrapperIP8QMapDataISt3mapIP6PlayeriSt4lessIS4_ESaISt4pairIKS4_iEEEEE3getEv
FNDA:90,_ZN2Qt23totally_ordered_wrapperIP8QMapDataISt3mapI7QStringiSt4lessIS3_ESaISt4pairIKS3_iEEEEE5resetESC_
FNDA:38,_ZN2Qt23totally_ordered_wrapperIP8QMapDataISt3mapIP6PlayeriSt4lessIS4_ESaISt4pairIKS4_iEEEEE5resetESD_
FNDA:3072,_ZNK2Qt23totally_ordered_wrapperIP8QMapDataISt3mapI7QStringiSt4lessIS3_ESaISt4pairIKS3_iEEEEEptEv
FNDA:86,_ZNK2Qt23totally_ordered_wrapperIP8QMapDataISt3mapIP6PlayeriSt4lessIS4_ESaISt4pairIKS4_iEEEEEptEv
FNDA:0,_ZNK2Qt23totally_ordered_wrapperIP8QMapDataISt3mapI7QStringiSt4lessIS3_ESaISt4pairIKS3_iEEEEEdeISB_Lb1EEERT_v
FNDA:0,_ZNK2Qt23totally_ordered_wrapperIP8QMapDataISt3mapIP6PlayeriSt4lessIS4_ESaISt4pairIKS4_iEEEEEdeISC_Lb1EEERT_v
FNDA:4700,_ZNK2Qt23totally_ordered_wrapperIP8QMapDataISt3mapI7QStringiSt4lessIS3_ESaISt4pairIKS3_iEEEEEcvbEv
FNDA:130,_ZNK2Qt23totally_ordered_wrapperIP8QMapDataISt3mapIP6PlayeriSt4lessIS4_ESaISt4pairIKS4_iEEEEEcvbEv
FNDA:0,_ZN2Qt11qt_ptr_swapERNS_23totally_ordered_wrapperIP8QMapDataISt3mapI7QStringiSt4lessIS3_ESaISt4pairIKS3_iEEEEEESE_
FNDA:0,_ZN2Qt11qt_ptr_swapERNS_23totally_ordered_wrapperIP8QMapDataISt3mapIP6PlayeriSt4lessIS4_ESaISt4pairIKS4_iEEEEEESF_
FNDA:13362,_ZN2Qt15compareThreeWayIiiLb1ELb1EEENS_15strong_orderingET_T0_
FNF:19
FNH:15
DA:939,13362
DA:947,13362
DA:948,24
DA:949,13338
DA:950,11298
DA:952,2040
DA:1095,2372
DA:1097,2372
DA:1098,2372
DA:1100,11469
DA:1101,128
DA:1102,3158
DA:1104,0
DA:1106,4830
DA:1144,0
DA:1145,0
LF:16
LH:13
end_of_record
TN:
SF:/home/jovan/Qt/6.10.2/gcc_64/include/QtCore/qcontainertools_impl.h
FN:236,255,_ZN9QtPrivate20q_relocate_overlap_nI7QStringxEEvPT_T0_S3_
FN:236,255,_ZN9QtPrivate20q_relocate_overlap_nIP6PlayerxEEvPT_T0_S4_
FN:236,255,_ZN9QtPrivate20q_relocate_overlap_nISt4pairI7QStringiExEEvPT_T0_S5_
FN:36,40,_ZN9QtPrivateL19q_points_into_rangeI7QStringSt4lessIvEEEbPKT_S6_S6_T0_
FN:36,40,_ZN9QtPrivateL19q_points_into_rangeIP6PlayerSt4lessIvEEEbPKT_S7_S7_T0_
FN:36,40,_ZN9QtPrivateL19q_points_into_rangeISt4pairI7QStringiESt4lessIvEEEbPKT_S8_S8_T0_
FN:387,395,_ZN9QtPrivate20sequential_erase_oneI5QListIP6PlayerES3_EEDaRT_RKT0_
FN:49,57,_ZN9QtPrivateL19q_points_into_rangeI17QArrayDataPointerI7QStringEPKS2_EEbRKT0_RKT_
FN:49,57,_ZN9QtPrivateL19q_points_into_rangeI17QArrayDataPointerIP6PlayerEPKS3_EEbRKT0_RKT_
FN:49,57,_ZN9QtPrivateL19q_points_into_rangeI17QArrayDataPointerISt4pairI7QStringiEEPKS4_EEbRKT0_RKT_
FNDA:0,_ZN9QtPrivate20q_relocate_overlap_nI7QStringxEEvPT_T0_S3_
FNDA:0,_ZN9QtPrivate20q_relocate_overlap_nIP6PlayerxEEvPT_T0_S4_
FNDA:0,_ZN9QtPrivate20q_relocate_overlap_nISt4pairI7QStringiExEEvPT_T0_S5_
FNDA:0,_ZN9QtPrivateL19q_points_into_rangeI7QStringSt4lessIvEEEbPKT_S6_S6_T0_
FNDA:0,_ZN9QtPrivateL19q_points_into_rangeIP6PlayerSt4lessIvEEEbPKT_S7_S7_T0_
FNDA:0,_ZN9QtPrivateL19q_points_into_rangeISt4pairI7QStringiESt4lessIvEEEbPKT_S8_S8_T0_
FNDA:0,_ZN9QtPrivate20sequential_erase_oneI5QListIP6PlayerES3_EEDaRT_RKT0_
FNDA:0,_ZN9QtPrivateL19q_points_into_rangeI17QArrayDataPointerI7QStringEPKS2_EEbRKT0_RKT_
FNDA:0,_ZN9QtPrivateL19q_points_into_rangeI17QArrayDataPointerIP6PlayerEPKS3_EEbRKT0_RKT_
FNDA:0,_ZN9QtPrivateL19q_points_into_rangeI17QArrayDataPointerISt4pairI7QStringiEEPKS4_EEbRKT0_RKT_
FNF:10
FNH:0
DA:36,0
DA:39,0
DA:49,0
DA:55,0
DA:56,0
DA:236,0
DA:241,0
DA:242,0
DA:245,0
DA:387,0
DA:389,0
DA:390,0
DA:391,0
DA:392,0
DA:393,0
DA:394,0
LF:16
LH:0
end_of_record
TN:
SF:/home/jovan/Qt/6.10.2/gcc_64/include/QtCore/qcoreapplication.h
FN:97,97,_ZN16QCoreApplication8instanceEv
FNDA:0,_ZN16QCoreApplication8instanceEv
FNF:1
FNH:0
DA:97,0
LF:1
LH:0
end_of_record
TN:
SF:/home/jovan/Qt/6.10.2/gcc_64/include/QtCore/qcoreevent.h
FNF:0
FNH:0
DA:368,0
LF:1
LH:0
end_of_record
TN:
SF:/home/jovan/Qt/6.10.2/gcc_64/include/QtCore/qdatastream.h
FN:501,502,_ZN11QDataStreamrsERj
FN:516,517,_ZN11QDataStreamlsEj
FN:537,542,_ZlsI11MessageTypeENSt9enable_ifIXsrSt7is_enumIT_E5valueER11QDataStreamE4typeES6_RKS3_
FN:537,542,_ZlsIN15QAbstractSocket11SocketErrorEENSt9enable_ifIXsrSt7is_enumIT_E5valueER11QDataStreamE4typeES7_RKS4_
FN:546,552,_ZrsI11MessageTypeENSt9enable_ifIXsrSt7is_enumIT_E5valueER11QDataStreamE4typeES6_RS3_
FN:546,552,_ZrsIN15QAbstractSocket11SocketErrorEENSt9enable_ifIXsrSt7is_enumIT_E5valueER11QDataStreamE4typeES7_RS4_
FNDA:0,_ZN11QDataStreamrsERj
FNDA:0,_ZN11QDataStreamlsEj
FNDA:0,_ZlsI11MessageTypeENSt9enable_ifIXsrSt7is_enumIT_E5valueER11QDataStreamE4typeES6_RKS3_
FNDA:0,_ZlsIN15QAbstractSocket11SocketErrorEENSt9enable_ifIXsrSt7is_enumIT_E5valueER11QDataStreamE4typeES7_RKS4_
FNDA:0,_ZrsI11MessageTypeENSt9enable_ifIXsrSt7is_enumIT_E5valueER11QDataStreamE4typeES6_RS3_
FNDA:0,_ZrsIN15QAbstractSocket11SocketErrorEENSt9enable_ifIXsrSt7is_enumIT_E5valueER11QDataStreamE4typeES7_RS4_
FNF:6
FNH:0
DA:501,0
DA:502,0
DA:516,0
DA:517,0
DA:537,0
DA:541,0
DA:546,0
DA:549,0
DA:550,0
DA:551,0
LF:10
LH:0
end_of_record
TN:
SF:/home/jovan/Qt/6.10.2/gcc_64/include/QtCore/qdeadlinetimer.h
FN:30,31,_ZN14QDeadlineTimerC2ENS_15ForeverConstantEN2Qt9TimerTypeE
FNDA:0,_ZN14QDeadlineTimerC2ENS_15ForeverConstantEN2Qt9TimerTypeE
FNF:1
FNH:0
DA:30,0
DA:31,0
LF:2
LH:0
end_of_record
TN:
SF:/home/jovan/Qt/6.10.2/gcc_64/include/QtCore/qdebug.h
FN:102,102,_ZN6QDebugC2ERKS_
FN:113,113,_ZN6QDebug10maybeSpaceEv
FN:136,136,_ZN6QDebuglsEi
FN:140,140,_ZN6QDebuglsEx
FN:145,145,_ZN6QDebuglsEPKc
FN:147,147,_ZN6QDebuglsERK7QString
FNDA:0,_ZN6QDebugC2ERKS_
FNDA:60,_ZN6QDebug10maybeSpaceEv
FNDA:0,_ZN6QDebuglsEi
FNDA:0,_ZN6QDebuglsEx
FNDA:30,_ZN6QDebuglsEPKc
FNDA:30,_ZN6QDebuglsERK7QString
FNF:6
FNH:3
DA:102,0
DA:113,60
DA:136,0
DA:140,0
DA:145,30
DA:147,30
LF:6
LH:3
end_of_record
TN:
SF:/home/jovan/Qt/6.10.2/gcc_64/include/QtCore/qfiledevice.h
FN:131,131,_ZorN11QFileDevice10PermissionES0_
FNDA:18,_ZorN11QFileDevice10PermissionES0_
FNF:1
FNH:1
DA:131,18
LF:1
LH:1
end_of_record
TN:
SF:/home/jovan/Qt/6.10.2/gcc_64/include/QtCore/qflags.h
FN:115,115,_ZN6QFlagsIN2Qt16KeyboardModifierEEC2Ev
FN:117,117,_ZN6QFlagsIN10QArrayData11ArrayOptionEEC2ES1_
FN:117,117,_ZN6QFlagsIN10QByteArray12Base64OptionEEC2ES1_
FN:117,117,_ZN6QFlagsIN10QEventLoop17ProcessEventsFlagEEC2ES1_
FN:117,117,_ZN6QFlagsIN11QFileDevice10PermissionEEC2ES1_
FN:117,117,_ZN6QFlagsIN13QIODeviceBase12OpenModeFlagEEC2ES1_
FN:117,117,_ZN6QFlagsIN2Qt11MouseButtonEEC2ES1_
FN:117,117,_ZN6QFlagsIN2Qt16KeyboardModifierEEC2ES1_
FN:117,117,_ZN6QFlagsIN2Qt18SplitBehaviorFlagsEEC2ES1_
FN:135,135,_ZN6QFlagsIN2Qt11MouseButtonEEaNES2_
FN:136,136,_ZN6QFlagsIN2Qt16KeyboardModifierEEaNES1_
FN:137,137,_ZN6QFlagsIN10QArrayData11ArrayOptionEEoRES2_
FN:138,138,_ZN6QFlagsIN2Qt11MouseButtonEEoRES1_
FN:146,146,_ZNK6QFlagsIN10QArrayData11ArrayOptionEEcvjEv
FN:146,146,_ZNK6QFlagsIN2Qt16KeyboardModifierEEcvjEv
FN:147,147,_ZNK6QFlagsIN2Qt16KeyboardModifierEEntEv
FN:151,151,_ZNK6QFlagsIN11QFileDevice10PermissionEEorES1_
FN:151,151,_ZNK6QFlagsIN13QIODeviceBase12OpenModeFlagEEorES1_
FN:151,151,_ZNK6QFlagsIN2Qt16KeyboardModifierEEorES1_
FN:158,158,_ZNK6QFlagsIN2Qt16KeyboardModifierEEanES2_
FN:159,159,_ZNK6QFlagsIN10QArrayData11ArrayOptionEEanES1_
FN:159,159,_ZNK6QFlagsIN2Qt16KeyboardModifierEEanES1_
FN:160,160,_ZNK6QFlagsIN2Qt11MouseButtonEEcoEv
FN:173,176,_ZN6QFlagsIN2Qt11MouseButtonEE7setFlagES1_b
FN:178,179,_Zeq6QFlagsIN2Qt11MouseButtonEES2_
FN:182,183,_Zeq6QFlagsIN2Qt11MouseButtonEES1_
FN:76,76,_ZN9QtPrivate13QFlagsStorageIN2Qt16KeyboardModifierEEC2Ev
FN:77,77,_ZN9QtPrivate13QFlagsStorageIN10QArrayData11ArrayOptionEEC2ESt10in_place_tj
FN:77,77,_ZN9QtPrivate13QFlagsStorageIN10QByteArray12Base64OptionEEC2ESt10in_place_tj
FN:77,77,_ZN9QtPrivate13QFlagsStorageIN10QEventLoop17ProcessEventsFlagEEC2ESt10in_place_tj
FN:77,77,_ZN9QtPrivate13QFlagsStorageIN11QFileDevice10PermissionEEC2ESt10in_place_tj
FN:77,77,_ZN9QtPrivate13QFlagsStorageIN13QIODeviceBase12OpenModeFlagEEC2ESt10in_place_tj
FN:77,77,_ZN9QtPrivate13QFlagsStorageIN2Qt11MouseButtonEEC2ESt10in_place_tj
FN:77,77,_ZN9QtPrivate13QFlagsStorageIN2Qt16KeyboardModifierEEC2ESt10in_place_tj
FN:77,77,_ZN9QtPrivate13QFlagsStorageIN2Qt18SplitBehaviorFlagsEEC2ESt10in_place_tj
FNDA:0,_ZN6QFlagsIN2Qt16KeyboardModifierEEC2Ev
FNDA:27,_ZN6QFlagsIN10QArrayData11ArrayOptionEEC2ES1_
FNDA:30,_ZN6QFlagsIN10QByteArray12Base64OptionEEC2ES1_
FNDA:0,_ZN6QFlagsIN10QEventLoop17ProcessEventsFlagEEC2ES1_
FNDA:18,_ZN6QFlagsIN11QFileDevice10PermissionEEC2ES1_
FNDA:150,_ZN6QFlagsIN13QIODeviceBase12OpenModeFlagEEC2ES1_
FNDA:0,_ZN6QFlagsIN2Qt11MouseButtonEEC2ES1_
FNDA:0,_ZN6QFlagsIN2Qt16KeyboardModifierEEC2ES1_
FNDA:0,_ZN6QFlagsIN2Qt18SplitBehaviorFlagsEEC2ES1_
FNDA:0,_ZN6QFlagsIN2Qt11MouseButtonEEaNES2_
FNDA:0,_ZN6QFlagsIN2Qt16KeyboardModifierEEaNES1_
FNDA:0,_ZN6QFlagsIN10QArrayData11ArrayOptionEEoRES2_
FNDA:0,_ZN6QFlagsIN2Qt11MouseButtonEEoRES1_
FNDA:0,_ZNK6QFlagsIN10QArrayData11ArrayOptionEEcvjEv
FNDA:0,_ZNK6QFlagsIN2Qt16KeyboardModifierEEcvjEv
FNDA:0,_ZNK6QFlagsIN2Qt16KeyboardModifierEEntEv
FNDA:18,_ZNK6QFlagsIN11QFileDevice10PermissionEEorES1_
FNDA:120,_ZNK6QFlagsIN13QIODeviceBase12OpenModeFlagEEorES1_
FNDA:0,_ZNK6QFlagsIN2Qt16KeyboardModifierEEorES1_
FNDA:0,_ZNK6QFlagsIN2Qt16KeyboardModifierEEanES2_
FNDA:0,_ZNK6QFlagsIN10QArrayData11ArrayOptionEEanES1_
FNDA:0,_ZNK6QFlagsIN2Qt16KeyboardModifierEEanES1_
FNDA:0,_ZNK6QFlagsIN2Qt11MouseButtonEEcoEv
FNDA:0,_ZN6QFlagsIN2Qt11MouseButtonEE7setFlagES1_b
FNDA:0,_Zeq6QFlagsIN2Qt11MouseButtonEES2_
FNDA:0,_Zeq6QFlagsIN2Qt11MouseButtonEES1_
FNDA:0,_ZN9QtPrivate13QFlagsStorageIN2Qt16KeyboardModifierEEC2Ev
FNDA:27,_ZN9QtPrivate13QFlagsStorageIN10QArrayData11ArrayOptionEEC2ESt10in_place_tj
FNDA:30,_ZN9QtPrivate13QFlagsStorageIN10QByteArray12Base64OptionEEC2ESt10in_place_tj
FNDA:0,_ZN9QtPrivate13QFlagsStorageIN10QEventLoop17ProcessEventsFlagEEC2ESt10in_place_tj
FNDA:36,_ZN9QtPrivate13QFlagsStorageIN11QFileDevice10PermissionEEC2ESt10in_place_tj
FNDA:270,_ZN9QtPrivate13QFlagsStorageIN13QIODeviceBase12OpenModeFlagEEC2ESt10in_place_tj
FNDA:0,_ZN9QtPrivate13QFlagsStorageIN2Qt11MouseButtonEEC2ESt10in_place_tj
FNDA:0,_ZN9QtPrivate13QFlagsStorageIN2Qt16KeyboardModifierEEC2ESt10in_place_tj
FNDA:0,_ZN9QtPrivate13QFlagsStorageIN2Qt18SplitBehaviorFlagsEEC2ESt10in_place_tj
FNF:35
FNH:10
DA:76,0
DA:77,363
DA:115,0
DA:117,225
DA:135,0
DA:136,0
DA:137,0
DA:138,0
DA:146,0
DA:147,0
DA:151,138
DA:158,0
DA:159,0
DA:160,0
DA:173,0
DA:175,0
DA:178,0
DA:179,0
DA:182,0
DA:183,0
LF:20
LH:3
end_of_record
TN:
SF:/home/jovan/Qt/6.10.2/gcc_64/include/QtCore/qfunctionaltools_impl.h
FN:38,38,_ZNR9QtPrivate6detail14StorageByValueIM4GameFvRK7QStringEvE6objectEv
FN:38,38,_ZNR9QtPrivate6detail14StorageByValueIM4GameFvRK7QStringP6PlayerEvE6objectEv
FN:38,38,_ZNR9QtPrivate6detail14StorageByValueIM4GameFvvEvE6objectEv
FN:38,38,_ZNR9QtPrivate6detail14StorageByValueIM6PlayerFvN15QAbstractSocket11SocketErrorEEvE6objectEv
FN:38,38,_ZNR9QtPrivate6detail14StorageByValueIM6PlayerFvvEvE6objectEv
FN:38,38,_ZNR9QtPrivate6detail14StorageByValueIM7ManagerFv7QStringEvE6objectEv
FN:38,38,_ZNR9QtPrivate6detail14StorageByValueIM7ManagerFvRK7QStringEvE6objectEv
FN:38,38,_ZNR9QtPrivate6detail14StorageByValueIM7ManagerFvRK7QStringP6PlayerEvE6objectEv
FN:38,38,_ZNR9QtPrivate6detail14StorageByValueIM7ManagerFvvEvE6objectEv
FNDA:0,_ZNR9QtPrivate6detail14StorageByValueIM4GameFvRK7QStringEvE6objectEv
FNDA:0,_ZNR9QtPrivate6detail14StorageByValueIM4GameFvRK7QStringP6PlayerEvE6objectEv
FNDA:0,_ZNR9QtPrivate6detail14StorageByValueIM4GameFvvEvE6objectEv
FNDA:0,_ZNR9QtPrivate6detail14StorageByValueIM6PlayerFvN15QAbstractSocket11SocketErrorEEvE6objectEv
FNDA:0,_ZNR9QtPrivate6detail14StorageByValueIM6PlayerFvvEvE6objectEv
FNDA:0,_ZNR9QtPrivate6detail14StorageByValueIM7ManagerFv7QStringEvE6objectEv
FNDA:0,_ZNR9QtPrivate6detail14StorageByValueIM7ManagerFvRK7QStringEvE6objectEv
FNDA:0,_ZNR9QtPrivate6detail14StorageByValueIM7ManagerFvRK7QStringP6PlayerEvE6objectEv
FNDA:0,_ZNR9QtPrivate6detail14StorageByValueIM7ManagerFvvEvE6objectEv
FNF:9
FNH:0
DA:38,0
LF:1
LH:0
end_of_record
TN:
SF:/home/jovan/Qt/6.10.2/gcc_64/include/QtCore/qhash.h
FN:104,105,_ZN12QHashPrivate4NodeIP6Player15QHashDummyValueE13createInPlaceIJRKS3_EEEvPS4_OS2_DpOT_
FN:104,105,_ZN12QHashPrivate4NodeIP6Player15QHashDummyValueE13createInPlaceIJS3_EEEvPS4_OS2_DpOT_
FN:104,105,_ZN12QHashPrivate4NodeIi15QHashDummyValueE13createInPlaceIJRKS1_EEEvPS2_OiDpOT_
FN:104,105,_ZN12QHashPrivate4NodeIi15QHashDummyValueE13createInPlaceIJS1_EEEvPS2_OiDpOT_
FN:1040,1045,_ZNK5QHashIP6Player15QHashDummyValueE8containsERKS1_
FN:1040,1045,_ZNK5QHashIi15QHashDummyValueE8containsERKi
FN:110,112,_ZN12QHashPrivate4NodeIP6Player15QHashDummyValueE12emplaceValueIJRKS3_EEEvDpOT_
FN:110,112,_ZN12QHashPrivate4NodeIP6Player15QHashDummyValueE12emplaceValueIJS3_EEEvDpOT_
FN:110,112,_ZN12QHashPrivate4NodeIi15QHashDummyValueE12emplaceValueIJRKS1_EEEvDpOT_
FN:110,112,_ZN12QHashPrivate4NodeIi15QHashDummyValueE12emplaceValueIJS1_EEEvDpOT_
FN:1141,1141,_ZN5QHashIP6Player15QHashDummyValueE8iteratorC2EN12QHashPrivate8iteratorINS5_4NodeIS1_S2_EEEE
FN:1141,1141,_ZN5QHashIi15QHashDummyValueE8iteratorC2EN12QHashPrivate8iteratorINS3_4NodeIiS0_EEEE
FN:1359,1362,_ZN5QHashIP6Player15QHashDummyValueE6insertERKS1_RKS2_
FN:1359,1362,_ZN5QHashIi15QHashDummyValueE6insertERKiRKS0_
FN:1380,1384,_ZN5QHashIP6Player15QHashDummyValueE7emplaceIJRKS2_EEENS3_8iteratorERKS1_DpOT_
FN:1380,1384,_ZN5QHashIi15QHashDummyValueE7emplaceIJRKS0_EEENS1_8iteratorERKiDpOT_
FN:1387,1398,_ZN5QHashIP6Player15QHashDummyValueE7emplaceIJRKS2_EEENS3_8iteratorEOS1_DpOT_
FN:1387,1398,_ZN5QHashIi15QHashDummyValueE7emplaceIJRKS0_EEENS1_8iteratorEOiDpOT_
FN:1523,1531,_ZN5QHashIP6Player15QHashDummyValueE14emplace_helperIJRKS2_EEENS3_8iteratorEOS1_DpOT_
FN:1523,1531,_ZN5QHashIP6Player15QHashDummyValueE14emplace_helperIJS2_EEENS3_8iteratorEOS1_DpOT_
FN:1523,1531,_ZN5QHashIi15QHashDummyValueE14emplace_helperIJRKS0_EEENS1_8iteratorEOiDpOT_
FN:1523,1531,_ZN5QHashIi15QHashDummyValueE14emplace_helperIJS0_EEENS1_8iteratorEOiDpOT_
FN:251,251,_ZN12QHashPrivate4SpanINS_4NodeIP6Player15QHashDummyValueEEE5Entry8nextFreeEv
FN:251,251,_ZN12QHashPrivate4SpanINS_4NodeIi15QHashDummyValueEEE5Entry8nextFreeEv
FN:252,252,_ZN12QHashPrivate4SpanINS_4NodeIP6Player15QHashDummyValueEEE5Entry4nodeEv
FN:252,252,_ZN12QHashPrivate4SpanINS_4NodeIi15QHashDummyValueEEE5Entry4nodeEv
FN:259,262,_ZN12QHashPrivate4SpanINS_4NodeIP6Player15QHashDummyValueEEEC2Ev
FN:259,262,_ZN12QHashPrivate4SpanINS_4NodeIi15QHashDummyValueEEEC2Ev
FN:263,266,_ZN12QHashPrivate4SpanINS_4NodeIP6Player15QHashDummyValueEEED2Ev
[...]
FNDA:108,_ZNSt8_Rb_treeI7QStringSt4pairIKS0_iESt10_Select1stIS3_ESt4lessIS0_ESaIS3_EE5beginEv
FNDA:86,_ZNSt8_Rb_treeIP6PlayerSt4pairIKS1_iESt10_Select1stIS4_ESt4lessIS1_ESaIS4_EE5beginEv
FNF:180
FNH:135
DA:112,0
DA:114,0
DA:115,0
DA:126,0
DA:128,0
DA:129,0
DA:146,128
DA:150,128
DA:152,0
DA:154,0
DA:173,103
DA:174,103
DA:175,103
DA:176,103
DA:177,103
DA:206,103
DA:208,103
DA:209,103
DA:210,103
DA:211,103
DA:212,103
DA:234,3190
DA:235,3190
DA:238,18099
DA:239,18099
DA:269,0
DA:270,0
DA:273,9798
DA:274,9798
DA:277,10
DA:278,10
DA:281,996
DA:282,996
DA:285,468
DA:287,468
DA:288,468
DA:300,0
DA:302,0
DA:303,0
DA:315,2494
DA:316,2494
DA:320,510
DA:321,510
DA:343,0
DA:344,0
DA:347,412
DA:348,412
DA:350,2186
DA:351,2186
DA:354,2138
DA:355,2138
DA:358,0
DA:359,0
DA:362,594
DA:363,594
DA:366,294
DA:368,294
DA:369,294
DA:373,6
DA:375,6
DA:376,6
DA:377,6
DA:381,0
DA:383,0
DA:384,0
DA:396,25
DA:397,25
DA:401,342
DA:402,342
DA:525,18
DA:526,18
DA:530,18
DA:531,18
DA:549,6044
DA:550,6044
DA:562,2156
DA:563,4312
DA:566,1511
DA:567,1511
DA:592,2156
DA:596,2156
DA:597,2156
DA:601,0
DA:603,0
DA:604,0
DA:605,0
DA:607,2156
DA:611,2156
DA:613,2156
DA:614,2156
DA:615,2156
DA:620,1511
DA:625,1511
DA:626,1511
DA:628,1511
DA:631,1511
DA:633,1511
DA:634,1511
DA:635,1511
DA:639,0
DA:647,0
DA:648,0
DA:649,0
DA:650,0
DA:651,0
DA:669,128
DA:673,128
DA:674,128
DA:676,0
DA:678,0
DA:679,0
DA:680,0
DA:712,0
DA:713,0
DA:716,0
DA:717,0
DA:720,30
DA:721,30
DA:728,4000
DA:729,4000
DA:736,1677
DA:737,1677
DA:740,1677
DA:741,1677
DA:744,21
DA:747,21
DA:751,6688
DA:752,6688
DA:755,21
DA:756,21
DA:759,17525
DA:777,17525
DA:781,1544
DA:782,1544
DA:785,35
DA:786,35
DA:789,8164
DA:790,8164
DA:793,34
DA:794,34
DA:797,4041
DA:798,4041
DA:801,0
DA:802,0
DA:809,0
DA:810,0
DA:889,0
DA:892,0
DA:893,0
DA:894,0
DA:895,0
DA:896,0
DA:900,0
DA:902,0
DA:903,0
DA:930,128
DA:937,0
DA:938,0
DA:940,0
DA:941,0
DA:942,0
DA:985,73
DA:986,73
DA:993,10
DA:994,10
DA:997,194
DA:998,194
DA:1001,24
DA:1002,24
DA:1005,2894
DA:1006,2894
DA:1009,367
DA:1010,367
DA:1033,2152
DA:1034,2152
DA:1060,0
DA:1062,0
DA:1063,0
DA:1237,0
DA:1239,0
DA:1240,0
DA:1253,0
DA:1255,0
DA:1256,0
DA:1257,0
DA:1270,2138
DA:1271,2138
DA:1635,2138
DA:1636,2138
DA:1637,2138
DA:1638,2138
DA:1640,2138
DA:1642,2138
DA:1643,0
DA:1644,2138
DA:1651,2138
DA:1652,2138
DA:1655,2138
DA:1657,2138
DA:1658,2138
DA:1659,2138
DA:1818,18
DA:1827,18
DA:1828,36
DA:1829,12
DA:1831,18
DA:1833,18
DA:1834,18
DA:1835,18
DA:1836,18
DA:1892,0
DA:1896,0
DA:1897,0
DA:1901,0
DA:1902,0
DA:1903,0
DA:1904,0
DA:1905,0
DA:1907,0
DA:1909,0
DA:1910,0
DA:1911,0
DA:1912,0
DA:1913,0
DA:1915,0
DA:1916,0
DA:1919,0
DA:1921,0
DA:1922,0
DA:1924,0
DA:1930,1583
DA:1934,3093
DA:1936,1510
DA:1937,1510
DA:1938,1510
DA:1939,1510
DA:1941,1583
DA:1947,2252
DA:1951,11710
DA:1952,9458
DA:1953,150
DA:1955,9308
DA:1956,2252
DA:1963,21
DA:1967,90
DA:1968,69
DA:1969,35
DA:1971,34
DA:1972,21
DA:1979,6
DA:1983,12
DA:1984,6
DA:1985,6
DA:1987,0
DA:1988,6
DA:2013,12
DA:2016,12
DA:2017,12
DA:2018,18
DA:2020,12
DA:2021,0
DA:2022,12
DA:2023,6
DA:2026,6
DA:2027,6
DA:2028,6
DA:2029,6
DA:2030,6
DA:2031,6
DA:2032,12
DA:2035,6
DA:2036,12
DA:2108,146
DA:2112,146
DA:2113,146
DA:2114,146
DA:2115,188
DA:2117,42
DA:2118,42
DA:2119,42
DA:2121,146
DA:2122,146
DA:2124,140
DA:2125,140
DA:2127,0
DA:2129,6
DA:2130,6
DA:2131,0
DA:2162,18
DA:2171,18
DA:2173,18
DA:2175,18
DA:2176,18
DA:2178,18
DA:2181,0
DA:2210,2138
DA:2214,2138
DA:2218,2138
DA:2220,2128
DA:2221,2128
DA:2222,2000
DA:2224,128
DA:2226,10
DA:2229,10
DA:2230,10
DA:2231,10
DA:2232,0
DA:2234,0
DA:2235,0
DA:2237,0
DA:2240,0
DA:2242,0
DA:2245,0
DA:2246,0
DA:2247,0
DA:2248,0
DA:2250,0
DA:2251,0
DA:2253,0
DA:2256,0
DA:2260,0
DA:2271,0
DA:2281,0
DA:2283,0
DA:2284,0
DA:2286,0
DA:2287,0
DA:2377,2138
DA:2381,2128
DA:2382,4266
DA:2383,14
DA:2385,2138
DA:2386,2138
DA:2387,2138
DA:2388,2138
DA:2458,2138
DA:2462,2138
DA:2463,2138
DA:2464,2138
DA:2465,2138
DA:2466,0
DA:2467,2138
DA:2489,6
DA:2494,6
DA:2495,6
DA:2496,6
DA:2497,6
DA:2498,6
DA:2503,12
DA:2506,12
DA:2507,0
DA:2509,18
DA:2510,6
DA:2511,12
DA:2516,12
DA:2519,12
DA:2520,12
DA:2521,12
DA:2522,24
DA:2529,108
DA:2532,108
DA:2533,216
DA:2534,108
DA:2535,324
DA:2542,21
DA:2545,21
DA:2546,42
DA:2547,21
DA:2548,63
LF:369
LH:254
end_of_record
TN:
SF:/usr/include/c++/13/bits/stl_uninitialized.h
FN:1114,1134,_ZSt14__relocate_a_1ImmENSt9enable_ifIXsrSt24__is_bitwise_relocatableIT_vE5valueEPS2_E4typeES4_S4_S4_RSaIT0_E
FN:1141,1150,_ZSt12__relocate_aIPmS0_SaImEET0_T_S3_S2_RT1_
FN:660,671,_ZNSt27__uninitialized_default_n_1ILb1EE18__uninit_default_nIPmmEET_S3_T0_
FN:696,713,_ZSt25__uninitialized_default_nIPmmET_S1_T0_
FN:777,779,_ZSt27__uninitialized_default_n_aIPmmmET_S1_T0_RSaIT1_E
FNDA:18,_ZSt14__relocate_a_1ImmENSt9enable_ifIXsrSt24__is_bitwise_relocatableIT_vE5valueEPS2_E4typeES4_S4_S4_RSaIT0_E
FNDA:18,_ZSt12__relocate_aIPmS0_SaImEET0_T_S3_S2_RT1_
FNDA:18,_ZNSt27__uninitialized_default_n_1ILb1EE18__uninit_default_nIPmmEET_S3_T0_
FNDA:18,_ZSt25__uninitialized_default_nIPmmET_S1_T0_
FNDA:18,_ZSt27__uninitialized_default_n_aIPmmmET_S1_T0_RSaIT1_E
FNF:5
FNH:5
DA:660,18
DA:662,18
DA:665,18
DA:666,18
DA:667,18
DA:668,18
DA:670,18
DA:696,18
DA:707,18
DA:712,18
DA:777,18
DA:779,18
DA:1114,18
DA:1118,18
DA:1119,18
DA:1131,0
DA:1133,18
DA:1141,18
DA:1147,18
DA:1149,18
LF:20
LH:19
end_of_record
TN:
SF:/usr/include/c++/13/bits/stl_vector.h
FN:1013,1019,_ZNSt6vectorImSaImEE6resizeEm
FN:1126,1130,_ZNSt6vectorImSaImEEixEm
FN:137,143,_ZNSt12_Vector_baseImSaImEE12_Vector_implC2Ev
FN:1896,1903,_ZNKSt6vectorImSaImEE12_M_check_lenEmPKc
FN:1916,1925,_ZNSt6vectorImSaImEE11_S_max_sizeERKS0_
FN:1933,1942,_ZNSt6vectorImSaImEE15_M_erase_at_endEPm
FN:301,302,_ZNSt12_Vector_baseImSaImEE19_M_get_Tp_allocatorEv
FN:306,307,_ZNKSt12_Vector_baseImSaImEE19_M_get_Tp_allocatorEv
FN:315,315,_ZNSt12_Vector_baseImSaImEEC2Ev
FN:367,371,_ZNSt12_Vector_baseImSaImEED2Ev
FN:378,382,_ZNSt12_Vector_baseImSaImEE11_M_allocateEm
FN:386,391,_ZNSt12_Vector_baseImSaImEE13_M_deallocateEPmm
FN:504,514,_ZNSt6vectorImSaImEE11_S_relocateEPmS2_S2_RS0_
FN:531,531,_ZNSt6vectorImSaImEEC2Ev
FN:733,738,_ZNSt6vectorImSaImEED2Ev
FN:873,874,_ZNSt6vectorImSaImEE5beginEv
FN:893,894,_ZNSt6vectorImSaImEE3endEv
FN:99,101,_ZNSt12_Vector_baseImSaImEE17_Vector_impl_dataC2Ev
FN:992,993,_ZNKSt6vectorImSaImEE4sizeEv
FN:998,999,_ZNKSt6vectorImSaImEE8max_sizeEv
FNDA:18,_ZNSt6vectorImSaImEE6resizeEm
FNDA:24,_ZNSt6vectorImSaImEEixEm
FNDA:18,_ZNSt12_Vector_baseImSaImEE12_Vector_implC2Ev
FNDA:18,_ZNKSt6vectorImSaImEE12_M_check_lenEmPKc
FNDA:72,_ZNSt6vectorImSaImEE11_S_max_sizeERKS0_
FNDA:0,_ZNSt6vectorImSaImEE15_M_erase_at_endEPm
FNDA:9,_ZNSt12_Vector_baseImSaImEE19_M_get_Tp_allocatorEv
FNDA:72,_ZNKSt12_Vector_baseImSaImEE19_M_get_Tp_allocatorEv
FNDA:18,_ZNSt12_Vector_baseImSaImEEC2Ev
FNDA:3,_ZNSt12_Vector_baseImSaImEED2Ev
FNDA:18,_ZNSt12_Vector_baseImSaImEE11_M_allocateEm
FNDA:6,_ZNSt12_Vector_baseImSaImEE13_M_deallocateEPmm
FNDA:18,_ZNSt6vectorImSaImEE11_S_relocateEPmS2_S2_RS0_
FNDA:18,_ZNSt6vectorImSaImEEC2Ev
FNDA:3,_ZNSt6vectorImSaImEED2Ev
FNDA:36,_ZNSt6vectorImSaImEE5beginEv
FNDA:36,_ZNSt6vectorImSaImEE3endEv
FNDA:18,_ZNSt12_Vector_baseImSaImEE17_Vector_impl_dataC2Ev
FNDA:150,_ZNKSt6vectorImSaImEE4sizeEv
FNDA:72,_ZNKSt6vectorImSaImEE8max_sizeEv
FNF:20
FNH:19
DA:99,18
DA:100,18
DA:101,18
DA:137,18
DA:142,18
DA:143,18
DA:301,9
DA:302,9
DA:306,72
DA:307,72
DA:315,18
DA:367,3
DA:369,3
DA:370,3
DA:371,3
DA:378,18
DA:381,36
DA:386,6
DA:389,6
DA:390,3
DA:391,6
DA:504,18
DA:509,18
DA:531,18
DA:733,3
DA:735,3
DA:736,3
DA:738,3
DA:873,36
DA:874,36
DA:893,36
DA:894,36
DA:992,150
DA:993,150
DA:998,72
DA:999,72
DA:1013,18
DA:1015,18
DA:1016,18
DA:1017,0
DA:1018,0
DA:1019,18
DA:1126,24
DA:1129,24
DA:1896,18
DA:1898,18
DA:1899,0
DA:1901,18
DA:1902,18
DA:1916,72
DA:1921,72
DA:1923,72
DA:1924,72
DA:1933,0
DA:1935,0
DA:1937,0
DA:1938,0
DA:1939,0
DA:1942,0
LF:59
LH:50
end_of_record
TN:
SF:/usr/include/c++/13/bits/uniform_int_dist.h
FN:104,109,_ZNSt24uniform_int_distributionImE10param_typeC2Emm
FN:112,113,_ZNKSt24uniform_int_distributionImE10param_type1aEv
FN:116,117,_ZNKSt24uniform_int_distributionImE10param_type1bEv
FN:136,136,_ZNSt24uniform_int_distributionImEC2Ev
FN:142,146,_ZNSt24uniform_int_distributionImEC2Emm
FN:203,204,_ZNSt24uniform_int_distributionImEclISt23mersenne_twister_engineImLm32ELm624ELm397ELm31ELm2567483615ELm11ELm4294967295ELm7ELm2636928640ELm15ELm4022730752ELm18ELm1812433253EEEEmRT_
FN:257,281,_ZNSt24uniform_int_distributionImE5_S_ndImSt23mersenne_twister_engineImLm32ELm624ELm397ELm31ELm2567483615ELm11ELm4294967295ELm7ELm2636928640ELm15ELm4022730752ELm18ELm1812433253EEjEET1_RT0_S4_
FN:287,373,_ZNSt24uniform_int_distributionImEclISt23mersenne_twister_engineImLm32ELm624ELm397ELm31ELm2567483615ELm11ELm4294967295ELm7ELm2636928640ELm15ELm4022730752ELm18ELm1812433253EEEEmRT_RKNS0_10param_typeE
FNDA:12,_ZNSt24uniform_int_distributionImE10param_typeC2Emm
FNDA:24,_ZNKSt24uniform_int_distributionImE10param_type1aEv
FNDA:12,_ZNKSt24uniform_int_distributionImE10param_type1bEv
FNDA:0,_ZNSt24uniform_int_distributionImEC2Ev
FNDA:12,_ZNSt24uniform_int_distributionImEC2Emm
FNDA:12,_ZNSt24uniform_int_distributionImEclISt23mersenne_twister_engineImLm32ELm624ELm397ELm31ELm2567483615ELm11ELm4294967295ELm7ELm2636928640ELm15ELm4022730752ELm18ELm1812433253EEEEmRT_
FNDA:12,_ZNSt24uniform_int_distributionImE5_S_ndImSt23mersenne_twister_engineImLm32ELm624ELm397ELm31ELm2567483615ELm11ELm4294967295ELm7ELm2636928640ELm15ELm4022730752ELm18ELm1812433253EEjEET1_RT0_S4_
FNDA:12,_ZNSt24uniform_int_distributionImEclISt23mersenne_twister_engineImLm32ELm624ELm397ELm31ELm2567483615ELm11ELm4294967295ELm7ELm2636928640ELm15ELm4022730752ELm18ELm1812433253EEEEmRT_RKNS0_10param_typeE
FNF:8
FNH:7
DA:104,12
DA:106,12
DA:108,12
DA:109,12
DA:112,24
DA:113,24
DA:116,12
DA:117,12
DA:136,0
DA:142,12
DA:145,12
DA:146,12
DA:203,12
DA:204,12
DA:257,12
DA:269,12
DA:270,12
DA:271,12
DA:273,0
DA:274,0
DA:276,0
DA:277,0
DA:280,12
DA:287,12
DA:295,12
DA:296,12
DA:299,12
DA:301,12
DA:302,12
DA:305,12
DA:309,12
DA:327,12
DA:328,12
DA:342,0
DA:362,0
DA:363,0
DA:364,0
DA:365,0
DA:367,0
DA:370,0
DA:372,12
LF:41
LH:29
end_of_record
TN:
SF:/usr/include/c++/13/bits/vector.tcc
FN:634,710,_ZNSt6vectorImSaImEE17_M_default_appendEm
FNDA:18,_ZNSt6vectorImSaImEE17_M_default_appendEm
FNF:1
FNH:1
DA:634,18
DA:637,18
DA:639,18
DA:640,18
DA:641,18
DA:643,18
DA:644,0
DA:646,18
DA:649,0
DA:650,0
DA:651,0
DA:658,18
DA:659,18
DA:662,18
DA:663,18
DA:668,18
DA:669,18
DA:671,0
DA:673,0
DA:674,0
DA:676,18
DA:677,18
DA:703,18
DA:704,18
DA:705,18
DA:706,18
DA:707,18
DA:710,18
LF:28
LH:21
end_of_record
TN:
SF:/usr/include/c++/13/ext/aligned_buffer.h
FN:64,65,_ZN9__gnu_cxx16__aligned_membufISt4pairIK7QStringiEE7_M_addrEv
FN:64,65,_ZN9__gnu_cxx16__aligned_membufISt4pairIKP6PlayeriEE7_M_addrEv
FN:68,69,_ZNK9__gnu_cxx16__aligned_membufISt4pairIK7QStringiEE7_M_addrEv
FN:68,69,_ZNK9__gnu_cxx16__aligned_membufISt4pairIKP6PlayeriEE7_M_addrEv
FN:72,73,_ZN9__gnu_cxx16__aligned_membufISt4pairIK7QStringiEE6_M_ptrEv
FN:72,73,_ZN9__gnu_cxx16__aligned_membufISt4pairIKP6PlayeriEE6_M_ptrEv
FN:76,77,_ZNK9__gnu_cxx16__aligned_membufISt4pairIK7QStringiEE6_M_ptrEv
FN:76,77,_ZNK9__gnu_cxx16__aligned_membufISt4pairIKP6PlayeriEE6_M_ptrEv
FNDA:3136,_ZN9__gnu_cxx16__aligned_membufISt4pairIK7QStringiEE7_M_addrEv
FNDA:54,_ZN9__gnu_cxx16__aligned_membufISt4pairIKP6PlayeriEE7_M_addrEv
FNDA:17988,_ZNK9__gnu_cxx16__aligned_membufISt4pairIK7QStringiEE7_M_addrEv
FNDA:111,_ZNK9__gnu_cxx16__aligned_membufISt4pairIKP6PlayeriEE7_M_addrEv
FNDA:3136,_ZN9__gnu_cxx16__aligned_membufISt4pairIK7QStringiEE6_M_ptrEv
FNDA:54,_ZN9__gnu_cxx16__aligned_membufISt4pairIKP6PlayeriEE6_M_ptrEv
FNDA:17988,_ZNK9__gnu_cxx16__aligned_membufISt4pairIK7QStringiEE6_M_ptrEv
FNDA:111,_ZNK9__gnu_cxx16__aligned_membufISt4pairIKP6PlayeriEE6_M_ptrEv
FNF:8
FNH:8
DA:64,3190
DA:65,3190
DA:68,18099
DA:69,18099
DA:72,3190
DA:73,3190
DA:76,18099
DA:77,18099
LF:8
LH:8
end_of_record
TN:
SF:/usr/include/c++/13/ext/alloc_traits.h
FNF:0
FNH:0
DA:98,0
LF:1
LH:0
end_of_record
TN:
SF:/usr/include/c++/13/initializer_list
FN:69,69,_ZNKSt16initializer_listIP6PlayerE4sizeEv
FN:73,73,_ZNKSt16initializer_listIP6PlayerE5beginEv
FN:77,77,_ZNKSt16initializer_listIP6PlayerE3endEv
FNDA:18,_ZNKSt16initializer_listIP6PlayerE4sizeEv
FNDA:12,_ZNKSt16initializer_listIP6PlayerE5beginEv
FNDA:6,_ZNKSt16initializer_listIP6PlayerE3endEv
FNF:3
FNH:3
DA:69,18
DA:73,12
DA:77,6
LF:3
LH:3
end_of_record
TN:
SF:/usr/include/c++/13/limits
FN:1274,1274,_ZNSt14numeric_limitsImE3maxEv
FN:1347,1347,_ZNSt14numeric_limitsIxE3maxEv
FNDA:0,_ZNSt14numeric_limitsImE3maxEv
FNDA:0,_ZNSt14numeric_limitsIxE3maxEv
FNF:2
FNH:0
DA:1274,0
DA:1347,0
LF:2
LH:0
end_of_record
TN:
SF:/usr/include/c++/13/new
FN:174,175,_ZnwmPv
FN:180,180,_ZdlPvS_
FNDA:1561,_ZnwmPv
FNDA:0,_ZdlPvS_
FNF:2
FNH:1
DA:174,1561
DA:175,1561
DA:180,0
LF:3
LH:2
end_of_record
TN:
SF:/usr/include/c++/13/optional
FN:120,120,_ZNSt22_Optional_payload_baseI6QFlagsIN11QFileDevice10PermissionEEEC2Ev
FN:209,209,_ZNSt22_Optional_payload_baseI6QFlagsIN11QFileDevice10PermissionEEE8_StorageIS3_Lb1EEC2Ev
FN:343,343,_ZNSt17_Optional_payloadI6QFlagsIN11QFileDevice10PermissionEELb1ELb1ELb1EEC2Ev
FN:645,645,_ZNSt14_Optional_baseI6QFlagsIN11QFileDevice10PermissionEELb1ELb1EEC2Ev
FN:741,741,_ZNSt8optionalI6QFlagsIN11QFileDevice10PermissionEEEC2ESt9nullopt_t
FNDA:0,_ZNSt22_Optional_payload_baseI6QFlagsIN11QFileDevice10PermissionEEEC2Ev
FNDA:0,_ZNSt22_Optional_payload_baseI6QFlagsIN11QFileDevice10PermissionEEE8_StorageIS3_Lb1EEC2Ev
FNDA:0,_ZNSt17_Optional_payloadI6QFlagsIN11QFileDevice10PermissionEELb1ELb1ELb1EEC2Ev
FNDA:0,_ZNSt14_Optional_baseI6QFlagsIN11QFileDevice10PermissionEELb1ELb1EEC2Ev
FNDA:0,_ZNSt8optionalI6QFlagsIN11QFileDevice10PermissionEEEC2ESt9nullopt_t
FNF:5
FNH:0
DA:120,0
DA:209,0
DA:343,0
DA:645,0
DA:741,0
LF:5
LH:0
end_of_record
TN:
SF:/usr/include/c++/13/tuple
FN:1787,1788,_ZSt12__get_helperILm0ERK7QStringJEERT0_RSt11_Tuple_implIXT_EJS3_DpT1_EE
FN:1787,1788,_ZSt12__get_helperILm0ERKP6PlayerJEERT0_RSt11_Tuple_implIXT_EJS4_DpT1_EE
FN:1787,1788,_ZSt12__get_helperILm0ERKiJEERT0_RSt11_Tuple_implIXT_EJS2_DpT1_EE
FN:1803,1804,_ZSt3getILm0EJRK7QStringEERNSt13tuple_elementIXT_ESt5tupleIJDpT0_EEE4typeERS7_
FN:1803,1804,_ZSt3getILm0EJRKP6PlayerEERNSt13tuple_elementIXT_ESt5tupleIJDpT0_EEE4typeERS8_
FN:1803,1804,_ZSt3getILm0EJRKiEERNSt13tuple_elementIXT_ESt5tupleIJDpT0_EEE4typeERS6_
FN:193,194,_ZNSt10_Head_baseILm0ERK7QStringLb0EEC2ES2_
FN:193,194,_ZNSt10_Head_baseILm0ERKP6PlayerLb0EEC2ES3_
FN:193,194,_ZNSt10_Head_baseILm0ERKiLb0EEC2ES1_
FN:2013,2014,_ZSt16forward_as_tupleIJRK7QStringEESt5tupleIJDpOT_EES6_
FN:2013,2014,_ZSt16forward_as_tupleIJRKP6PlayerEESt5tupleIJDpOT_EES7_
FN:2013,2014,_ZSt16forward_as_tupleIJRKiEESt5tupleIJDpOT_EES5_
FN:2252,2258,_ZNSt4pairIK7QStringiEC2IJRS1_EJRKiEEESt21piecewise_construct_tSt5tupleIJDpT_EES8_IJDpT0_EE
FN:2252,2258,_ZNSt4pairIKP6PlayeriEC2IJRS2_EJRKiEEESt21piecewise_construct_tSt5tupleIJDpT_EES9_IJDpT0_EE
FN:2264,2269,_ZNSt4pairIK7QStringiEC2IJRS1_EJLm0EEJRKiEJLm0EEEERSt5tupleIJDpT_EERS7_IJDpT1_EESt12_Index_tupleIJXspT0_EEESG_IJXspT2_EEE
FN:2264,2269,_ZNSt4pairIKP6PlayeriEC2IJRS2_EJLm0EEJRKiEJLm0EEEERSt5tupleIJDpT_EERS8_IJDpT1_EESt12_Index_tupleIJXspT0_EEESH_IJXspT2_EEE
FN:234,234,_ZNSt10_Head_baseILm0ERK7QStringLb0EE7_M_headERS3_
FN:234,234,_ZNSt10_Head_baseILm0ERKP6PlayerLb0EE7_M_headERS4_
FN:234,234,_ZNSt10_Head_baseILm0ERKiLb0EE7_M_headERS2_
FN:497,497,_ZNSt11_Tuple_implILm0EJRK7QStringEE7_M_headERS3_
FN:497,497,_ZNSt11_Tuple_implILm0EJRKP6PlayerEE7_M_headERS4_
FN:497,497,_ZNSt11_Tuple_implILm0EJRKiEE7_M_headERS2_
FN:507,509,_ZNSt11_Tuple_implILm0EJRK7QStringEEC2ES2_
FN:507,509,_ZNSt11_Tuple_implILm0EJRKP6PlayerEEC2ES3_
FN:507,509,_ZNSt11_Tuple_implILm0EJRKiEEC2ES1_
FN:527,530,_ZNSt11_Tuple_implILm0EJRK7QStringEEC2EOS3_
FN:527,530,_ZNSt11_Tuple_implILm0EJRKP6PlayerEEC2EOS4_
FN:527,530,_ZNSt11_Tuple_implILm0EJRKiEEC2EOS2_
FN:874,876,_ZNSt5tupleIJRK7QStringEEC2ILb1ELb1EEES2_
FN:874,876,_ZNSt5tupleIJRKP6PlayerEEC2ILb1ELb1EEES3_
FN:874,876,_ZNSt5tupleIJRKiEEC2ILb1ELb1EEES1_
FN:903,903,_ZNSt5tupleIJRK7QStringEEC2EOS3_
FN:903,903,_ZNSt5tupleIJRKP6PlayerEEC2EOS4_
FN:903,903,_ZNSt5tupleIJRKiEEC2EOS2_
FNDA:2076,_ZSt12__get_helperILm0ERK7QStringJEERT0_RSt11_Tuple_implIXT_EJS3_DpT1_EE
FNDA:62,_ZSt12__get_helperILm0ERKP6PlayerJEERT0_RSt11_Tuple_implIXT_EJS4_DpT1_EE
FNDA:1558,_ZSt12__get_helperILm0ERKiJEERT0_RSt11_Tuple_implIXT_EJS2_DpT1_EE
FNDA:2076,_ZSt3getILm0EJRK7QStringEERNSt13tuple_elementIXT_ESt5tupleIJDpT0_EEE4typeERS7_
FNDA:62,_ZSt3getILm0EJRKP6PlayerEERNSt13tuple_elementIXT_ESt5tupleIJDpT0_EEE4typeERS8_
FNDA:1558,_ZSt3getILm0EJRKiEERNSt13tuple_elementIXT_ESt5tupleIJDpT0_EEE4typeERS6_
FNDA:2076,_ZNSt10_Head_baseILm0ERK7QStringLb0EEC2ES2_
FNDA:62,_ZNSt10_Head_baseILm0ERKP6PlayerLb0EEC2ES3_
FNDA:1558,_ZNSt10_Head_baseILm0ERKiLb0EEC2ES1_
FNDA:2076,_ZSt16forward_as_tupleIJRK7QStringEESt5tupleIJDpOT_EES6_
FNDA:62,_ZSt16forward_as_tupleIJRKP6PlayerEESt5tupleIJDpOT_EES7_
FNDA:1558,_ZSt16forward_as_tupleIJRKiEESt5tupleIJDpOT_EES5_
FNDA:2076,_ZNSt4pairIK7QStringiEC2IJRS1_EJRKiEEESt21piecewise_construct_tSt5tupleIJDpT_EES8_IJDpT0_EE
FNDA:62,_ZNSt4pairIKP6PlayeriEC2IJRS2_EJRKiEEESt21piecewise_construct_tSt5tupleIJDpT_EES9_IJDpT0_EE
FNDA:2076,_ZNSt4pairIK7QStringiEC2IJRS1_EJLm0EEJRKiEJLm0EEEERSt5tupleIJDpT_EERS7_IJDpT1_EESt12_Index_tupleIJXspT0_EEESG_IJXspT2_EEE
FNDA:62,_ZNSt4pairIKP6PlayeriEC2IJRS2_EJLm0EEJRKiEJLm0EEEERSt5tupleIJDpT_EERS8_IJDpT1_EESt12_Index_tupleIJXspT0_EEESH_IJXspT2_EEE
FNDA:2076,_ZNSt10_Head_baseILm0ERK7QStringLb0EE7_M_headERS3_
FNDA:62,_ZNSt10_Head_baseILm0ERKP6PlayerLb0EE7_M_headERS4_
FNDA:1558,_ZNSt10_Head_baseILm0ERKiLb0EE7_M_headERS2_
FNDA:2076,_ZNSt11_Tuple_implILm0EJRK7QStringEE7_M_headERS3_
FNDA:62,_ZNSt11_Tuple_implILm0EJRKP6PlayerEE7_M_headERS4_
FNDA:1558,_ZNSt11_Tuple_implILm0EJRKiEE7_M_headERS2_
FNDA:2076,_ZNSt11_Tuple_implILm0EJRK7QStringEEC2ES2_
FNDA:62,_ZNSt11_Tuple_implILm0EJRKP6PlayerEEC2ES3_
FNDA:1558,_ZNSt11_Tuple_implILm0EJRKiEEC2ES1_
FNDA:2076,_ZNSt11_Tuple_implILm0EJRK7QStringEEC2EOS3_
FNDA:62,_ZNSt11_Tuple_implILm0EJRKP6PlayerEEC2EOS4_
FNDA:1558,_ZNSt11_Tuple_implILm0EJRKiEEC2EOS2_
FNDA:2076,_ZNSt5tupleIJRK7QStringEEC2ILb1ELb1EEES2_
FNDA:62,_ZNSt5tupleIJRKP6PlayerEEC2ILb1ELb1EEES3_
FNDA:1558,_ZNSt5tupleIJRKiEEC2ILb1ELb1EEES1_
FNDA:2076,_ZNSt5tupleIJRK7QStringEEC2EOS3_
FNDA:62,_ZNSt5tupleIJRKP6PlayerEEC2EOS4_
FNDA:1558,_ZNSt5tupleIJRKiEEC2EOS2_
FNF:34
FNH:34
DA:193,3696
DA:194,3696
DA:234,3696
DA:497,3696
DA:507,3696
DA:508,3696
DA:509,3696
DA:527,3696
DA:529,3696
DA:530,3696
DA:874,3696
DA:876,3696
DA:903,3696
DA:1787,3696
DA:1788,3696
DA:1803,3696
DA:1804,3696
DA:2013,3696
DA:2014,3696
DA:2252,2138
DA:2257,2138
DA:2258,2138
DA:2264,2138
DA:2267,2138
DA:2268,2138
DA:2269,2138
LF:26
LH:26
end_of_record
TN:
SF:/usr/include/c++/13/utility
FN:97,100,_ZSt8exchangeIP15QTypedArrayDataI7QStringEDnET_RS4_OT0_
FN:97,100,_ZSt8exchangeIP15QTypedArrayDataIDsEDnET_RS3_OT0_
FN:97,100,_ZSt8exchangeIP15QTypedArrayDataISt4pairI7QStringiEEDnET_RS6_OT0_
FN:97,100,_ZSt8exchangeIP15QTypedArrayDataIcEDnET_RS3_OT0_
FN:97,100,_ZSt8exchangeIP7QStringDnET_RS2_OT0_
FN:97,100,_ZSt8exchangeIPDsDnET_RS1_OT0_
FN:97,100,_ZSt8exchangeIPSt4pairI7QStringiEDnET_RS4_OT0_
FN:97,100,_ZSt8exchangeIPcDnET_RS1_OT0_
FN:97,100,_ZSt8exchangeIxiET_RS0_OT0_
FNDA:0,_ZSt8exchangeIP15QTypedArrayDataI7QStringEDnET_RS4_OT0_
FNDA:187,_ZSt8exchangeIP15QTypedArrayDataIDsEDnET_RS3_OT0_
FNDA:18,_ZSt8exchangeIP15QTypedArrayDataISt4pairI7QStringiEEDnET_RS6_OT0_
FNDA:60,_ZSt8exchangeIP15QTypedArrayDataIcEDnET_RS3_OT0_
FNDA:0,_ZSt8exchangeIP7QStringDnET_RS2_OT0_
FNDA:187,_ZSt8exchangeIPDsDnET_RS1_OT0_
FNDA:18,_ZSt8exchangeIPSt4pairI7QStringiEDnET_RS4_OT0_
FNDA:60,_ZSt8exchangeIPcDnET_RS1_OT0_
FNDA:250,_ZSt8exchangeIxiET_RS0_OT0_
FNF:9
FNH:7
DA:97,780
DA:100,780
LF:2
LH:2
end_of_record
TN:
SF:/usr/include/x86_64-linux-gnu/c++/13/bits/c++config.h
FN:540,551,_ZSt23__is_constant_evaluatedv
FNDA:5174,_ZSt23__is_constant_evaluatedv
FNF:1
FNH:1
DA:540,5174
DA:547,5174
LF:2
LH:2
end_of_record
