TN:
SF:/home/jovan/Documents/VS-2/SketchIt/SketchIt/server/game.cpp
FN:108,122,_ZN4Game20broadcastProfilePicsEv
FN:123,129,_ZN4Game7endGameEv
FN:132,176,_ZN4Game8nextTurnEv
FN:178,191,_ZN4Game12formatScoresEv
FN:19,21,_ZN4GameD0Ev
FN:19,21,_ZN4GameD2Ev
FN:193,203,_ZN4Game12updateScoresEv
FN:204,237,_ZN4Game16removeFromScoresEPK6Playeri
FN:23,29,_ZN4Game9startGameEv
FN:239,248,_ZN4Game14onWordSelectedERK7QString
FN:250,258,_ZN4Game19newPlayerRoundReadyEv
FN:260,282,_ZN4Game7endTurnEv
FN:284,303,_ZN4Game16startHangmanGameEv
FN:305,313,_ZN4Game16revealNextLetterEv
FN:31,54,_ZN4Game11handleGuessERK7QString
FN:57,67,_ZN4Game21sendPlayerScoreUpdateEP6Player
FN:6,17,_ZN4GameC2EP7ManagerP7QObject
FN:70,89,_ZN4Game14broadcastToAllERK7QStringP6Player
FN:92,106,_ZN4Game15broadcastSignalERK7QString
FNDA:0,_ZN4Game20broadcastProfilePicsEv
FNDA:0,_ZN4Game7endGameEv
FNDA:0,_ZN4Game8nextTurnEv
FNDA:0,_ZN4Game12formatScoresEv
FNDA:0,_ZN4GameD0Ev
FNDA:0,_ZN4GameD2Ev
FNDA:0,_ZN4Game12updateScoresEv
FNDA:0,_ZN4Game16removeFromScoresEPK6Playeri
FNDA:0,_ZN4Game9startGameEv
FNDA:0,_ZN4Game14onWordSelectedERK7QString
FNDA:0,_ZN4Game19newPlayerRoundReadyEv
FNDA:0,_ZN4Game7endTurnEv
FNDA:0,_ZN4Game16startHangmanGameEv
FNDA:0,_ZN4Game16revealNextLetterEv
FNDA:0,_ZN4Game11handleGuessERK7QString
FNDA:0,_ZN4Game21sendPlayerScoreUpdateEP6Player
FNDA:0,_ZN4GameC2EP7ManagerP7QObject
FNDA:0,_ZN4Game14broadcastToAllERK7QStringP6Player
FNDA:0,_ZN4Game15broadcastSignalERK7QString
FNF:19
FNH:0
DA:6,0
DA:7,0
DA:9,0
DA:10,0
DA:12,0
DA:13,0
DA:14,0
DA:15,0
DA:17,0
DA:19,0
DA:21,0
DA:23,0
DA:25,0
DA:26,0
DA:28,0
DA:29,0
DA:31,0
DA:33,0
DA:34,0
DA:35,0
DA:36,0
DA:37,0
DA:38,0
DA:39,0
DA:41,0
DA:43,0
DA:45,0
DA:47,0
DA:48,0
DA:49,0
DA:50,0
DA:54,0
DA:57,0
DA:59,0
DA:60,0
DA:61,0
DA:63,0
DA:64,0
DA:66,0
DA:67,0
DA:70,0
DA:72,0
DA:74,0
DA:76,0
DA:77,0
DA:78,0
DA:80,0
DA:81,0
DA:84,0
DA:89,0
DA:92,0
DA:94,0
DA:96,0
DA:97,0
DA:100,0
DA:101,0
DA:104,0
DA:106,0
DA:108,0
DA:110,0
DA:112,0
DA:113,0
DA:114,0
DA:115,0
DA:116,0
DA:118,0
DA:119,0
DA:121,0
DA:122,0
DA:123,0
DA:124,0
DA:125,0
DA:127,0
DA:129,0
DA:132,0
DA:135,0
DA:136,0
DA:139,0
DA:142,0
DA:144,0
DA:145,0
DA:147,0
DA:149,0
DA:152,0
DA:154,0
DA:155,0
DA:157,0
DA:158,0
DA:159,0
DA:163,0
DA:165,0
DA:166,0
DA:167,0
DA:169,0
DA:170,0
DA:173,0
DA:174,0
DA:176,0
DA:178,0
DA:179,0
DA:180,0
DA:181,0
DA:182,0
DA:183,0
DA:185,0
DA:186,0
DA:190,0
DA:191,0
DA:193,0
DA:195,0
DA:196,0
DA:197,0
DA:198,0
DA:199,0
DA:200,0
DA:203,0
DA:204,0
DA:206,0
DA:208,0
DA:209,0
DA:212,0
DA:213,0
DA:214,0
DA:216,0
DA:220,0
DA:221,0
DA:224,0
DA:226,0
DA:227,0
DA:228,0
DA:231,0
DA:232,0
DA:233,0
DA:239,0
DA:241,0
DA:242,0
DA:243,0
DA:244,0
DA:246,0
DA:247,0
DA:248,0
DA:250,0
DA:252,0
DA:253,0
DA:255,0
DA:256,0
DA:258,0
DA:260,0
DA:264,0
DA:265,0
DA:266,0
DA:267,0
DA:270,0
DA:271,0
DA:272,0
DA:275,0
DA:276,0
DA:277,0
DA:279,0
DA:281,0
DA:282,0
DA:284,0
DA:285,0
DA:286,0
DA:287,0
DA:290,0
DA:291,0
DA:292,0
DA:294,0
DA:295,0
DA:296,0
DA:299,0
DA:300,0
DA:301,0
DA:303,0
DA:305,0
DA:306,0
DA:307,0
DA:308,0
DA:309,0
DA:311,0
DA:313,0
LF:182
LH:0
end_of_record
TN:
SF:/home/jovan/Documents/VS-2/SketchIt/SketchIt/server/hangman.cpp
FN:25,32,_ZN7Hangman16revealNextLetterEv
FN:34,36,_ZNK7Hangman15getRevealedWordB5cxx11Ev
FN:38,40,_ZNK7Hangman10isCompleteEv
FN:6,23,_ZN7HangmanC2ERKNSt7__cxx1112basic_stringIcSt11char_traitsIcESaIcEEEiP7QObject
FNDA:24,_ZN7Hangman16revealNextLetterEv
FNDA:24,_ZNK7Hangman15getRevealedWordB5cxx11Ev
FNDA:18,_ZNK7Hangman10isCompleteEv
FNDA:24,_ZN7HangmanC2ERKNSt7__cxx1112basic_stringIcSt11char_traitsIcESaIcEEEiP7QObject
FNF:4
FNH:4
DA:6,24
DA:7,72
DA:10,60
DA:11,42
DA:16,18
DA:17,18
DA:19,18
DA:20,18
DA:21,18
DA:23,24
DA:25,24
DA:26,24
DA:27,24
DA:28,24
DA:29,24
DA:32,24
DA:34,24
DA:35,24
DA:38,18
DA:39,18
LF:20
LH:20
end_of_record
TN:
SF:/home/jovan/Documents/VS-2/SketchIt/SketchIt/server/leaderboard.cpp
FN:103,122,_ZN11Leaderboard27ensureLeaderboardFileExistsEv
FN:13,51,_ZN11Leaderboard17updateLeaderboardER4QMapIP6PlayeriE
FN:5,10,_ZN11LeaderboardC2EP7QObject
FN:53,64,_ZN11Leaderboard21getLeaderboardResultsEv
FN:59,61,_ZZN11Leaderboard21getLeaderboardResultsEvENKUlRKSt4pairI7QStringiES4_E_clES4_S4_
FN:66,90,_ZN11Leaderboard14importFromJsonEv
FN:92,101,_ZN11Leaderboard15getUserDataPathEv
FNDA:90,_ZN11Leaderboard27ensureLeaderboardFileExistsEv
FNDA:12,_ZN11Leaderboard17updateLeaderboardER4QMapIP6PlayeriE
FNDA:90,_ZN11LeaderboardC2EP7QObject
FNDA:18,_ZN11Leaderboard21getLeaderboardResultsEv
FNDA:2298,_ZZN11Leaderboard21getLeaderboardResultsEvENKUlRKSt4pairI7QStringiES4_E_clES4_S4_
FNDA:90,_ZN11Leaderboard14importFromJsonEv
FNDA:90,_ZN11Leaderboard15getUserDataPathEv
FNF:7
FNH:7
DA:5,90
DA:6,90
DA:8,90
DA:9,90
DA:10,90
DA:13,12
DA:15,24
DA:17,12
DA:18,12
DA:19,12
DA:21,6
DA:25,6
DA:27,12
DA:29,12
DA:30,12
DA:32,294
DA:34,282
DA:35,282
DA:36,282
DA:37,282
DA:38,282
DA:40,12
DA:42,12
DA:43,12
DA:45,0
DA:46,0
DA:48,12
DA:49,12
DA:51,12
DA:53,18
DA:55,18
DA:56,438
DA:57,420
DA:59,18
DA:60,2298
DA:63,36
DA:64,18
DA:66,90
DA:68,90
DA:69,90
DA:70,0
DA:73,90
DA:74,90
DA:75,90
DA:77,90
DA:78,0
DA:81,90
DA:82,90
DA:84,2166
DA:85,2076
DA:86,2076
DA:87,2076
DA:88,2076
DA:89,2076
DA:90,90
DA:92,90
DA:94,90
DA:95,90
DA:96,90
DA:98,0
DA:100,180
DA:101,90
DA:103,90
DA:105,90
DA:106,90
DA:108,18
DA:109,18
DA:111,0
DA:112,0
DA:115,18
DA:116,18
DA:118,0
DA:119,0
DA:121,18
DA:122,90
LF:75
LH:66
end_of_record
TN:
SF:/home/jovan/Documents/VS-2/SketchIt/SketchIt/server/manager.cpp
FN:118,137,_ZN7Manager16newPlayerIsReadyEv
FN:139,150,_ZN7Manager11onGameEndedE7QString
FN:152,166,_ZN7Manager20onPlayerConfirmedEndEv
FN:168,173,_ZN7Manager12onRoundEndedEv
FN:17,26,_ZN7Manager14getLeaderboardEv
FN:28,31,_ZN7Manager17updateLeaderbaordER4QMapIP6PlayeriE
FN:33,50,_ZN7Manager9addPlayerEP6Player
FN:4,7,_ZN7ManagerC2Ev
FN:51,59,_ZN7Manager15getPlayerByNickE7QString
FN:61,64,_ZN7Manager13gameIsRunningEv
FN:66,72,_ZN7Manager19onPassDrawingUpdateERK10QByteArray
FN:74,77,_ZN7Manager17onMessageReceivedERK7QStringP6Player
FN:79,82,_ZN7Manager14onWordSelectedERK7QString
FN:84,87,_ZNK7Manager13getAllPlayersEv
FN:89,92,_ZN7Manager15numberOfPlayersEv
FN:9,15,_ZN7ManagerD0Ev
FN:9,15,_ZN7ManagerD2Ev
FN:94,116,_ZN7Manager20onPlayerDisconnectedEP6Player
FNDA:0,_ZN7Manager16newPlayerIsReadyEv
FNDA:0,_ZN7Manager11onGameEndedE7QString
FNDA:0,_ZN7Manager20onPlayerConfirmedEndEv
FNDA:0,_ZN7Manager12onRoundEndedEv
FNDA:0,_ZN7Manager14getLeaderboardEv
FNDA:0,_ZN7Manager17updateLeaderbaordER4QMapIP6PlayeriE
FNDA:24,_ZN7Manager9addPlayerEP6Player
FNDA:30,_ZN7ManagerC2Ev
FNDA:12,_ZN7Manager15getPlayerByNickE7QString
FNDA:6,_ZN7Manager13gameIsRunningEv
FNDA:0,_ZN7Manager19onPassDrawingUpdateERK10QByteArray
FNDA:0,_ZN7Manager17onMessageReceivedERK7QStringP6Player
FNDA:0,_ZN7Manager14onWordSelectedERK7QString
FNDA:6,_ZNK7Manager13getAllPlayersEv
FNDA:12,_ZN7Manager15numberOfPlayersEv
FNDA:0,_ZN7ManagerD0Ev
FNDA:30,_ZN7ManagerD2Ev
FNDA:0,_ZN7Manager20onPlayerDisconnectedEP6Player
FNF:18
FNH:7
DA:4,30
DA:7,30
DA:9,30
DA:11,54
DA:13,24
DA:15,30
DA:17,0
DA:19,0
DA:20,0
DA:21,0
DA:23,0
DA:24,0
DA:25,0
DA:26,0
DA:28,0
DA:30,0
DA:31,0
DA:33,24
DA:35,24
DA:36,24
DA:37,24
DA:39,54
DA:40,30
DA:41,30
DA:42,30
DA:43,30
DA:44,30
DA:46,30
DA:48,30
DA:49,30
DA:50,24
DA:51,12
DA:52,18
DA:53,12
DA:54,6
DA:57,6
DA:61,6
DA:63,6
DA:66,0
DA:67,0
DA:68,0
DA:69,0
DA:72,0
DA:74,0
DA:76,0
DA:77,0
DA:79,0
DA:81,0
DA:82,0
DA:84,6
DA:86,6
DA:89,12
DA:91,12
DA:94,0
DA:97,0
DA:98,0
DA:100,0
DA:104,0
DA:106,0
DA:108,0
DA:110,0
DA:113,0
DA:114,0
DA:116,0
DA:118,0
DA:120,0
DA:121,0
DA:123,0
DA:124,0
DA:126,0
DA:127,0
DA:128,0
DA:130,0
DA:132,0
DA:134,0
DA:137,0
DA:139,0
DA:141,0
DA:142,0
DA:143,0
DA:146,0
DA:147,0
DA:148,0
DA:149,0
DA:150,0
DA:152,0
DA:153,0
DA:155,0
DA:156,0
DA:157,0
DA:158,0
DA:161,0
DA:162,0
DA:164,0
DA:166,0
DA:168,0
DA:169,0
DA:170,0
DA:173,0
LF:99
LH:31
end_of_record
TN:
SF:/home/jovan/Documents/VS-2/SketchIt/SketchIt/server/player.cpp
FN:10,24,_ZN6Player3runEv
FN:157,172,_ZN6Player10sendSignalE10QByteArray
FN:174,186,_ZN6Player17sendDrawingUpdateERK10QByteArray
FN:188,190,_ZN6Player11setNicknameERK7QString
FN:192,194,_ZNK6Player11getNicknameEv
FN:196,200,_ZN6Player14onDisconnectedEv
FN:202,205,_ZN6Player15onErrorOccurredEN15QAbstractSocket11SocketErrorE
FN:207,218,_ZN6PlayerD0Ev
FN:207,218,_ZN6PlayerD2Ev
FN:30,60,_ZN6Player11onReadyReadEv
FN:4,8,_ZN6PlayerC2ExP7QObject
FN:61,76,_ZN6Player11sendMessageERK10QByteArray
FN:78,85,_ZN6Player13setProfilePicERK10QByteArray
FN:87,156,_ZN6Player14processMessageE11MessageTypeRK10QByteArray
FNDA:0,_ZN6Player3runEv
FNDA:30,_ZN6Player10sendSignalE10QByteArray
FNDA:0,_ZN6Player17sendDrawingUpdateERK10QByteArray
FNDA:96,_ZN6Player11setNicknameERK7QString
FNDA:54,_ZNK6Player11getNicknameEv
FNDA:0,_ZN6Player14onDisconnectedEv
FNDA:0,_ZN6Player15onErrorOccurredEN15QAbstractSocket11SocketErrorE
FNDA:96,_ZN6PlayerD0Ev
FNDA:96,_ZN6PlayerD2Ev
FNDA:0,_ZN6Player11onReadyReadEv
FNDA:96,_ZN6PlayerC2ExP7QObject
FNDA:0,_ZN6Player11sendMessageERK10QByteArray
FNDA:0,_ZN6Player13setProfilePicERK10QByteArray
FNDA:0,_ZN6Player14processMessageE11MessageTypeRK10QByteArray
FNF:14
FNH:6
DA:4,96
DA:5,96
DA:7,96
DA:8,96
DA:10,0
DA:12,0
DA:13,0
DA:15,0
DA:16,0
DA:17,0
DA:18,0
DA:19,0
DA:20,0
DA:23,0
DA:30,0
DA:32,0
DA:34,0
DA:35,0
DA:36,0
DA:38,0
DA:40,0
DA:41,0
DA:44,0
DA:45,0
DA:46,0
DA:47,0
DA:49,0
DA:51,0
DA:52,0
DA:53,0
DA:54,0
DA:55,0
DA:60,0
DA:61,0
DA:63,0
DA:64,0
DA:65,0
DA:67,0
DA:68,0
DA:69,0
DA:71,0
DA:72,0
DA:73,0
DA:74,0
DA:76,0
DA:78,0
DA:79,0
DA:80,0
DA:81,0
DA:83,0
DA:85,0
DA:87,0
DA:88,0
DA:89,0
DA:90,0
DA:91,0
DA:93,0
DA:95,0
DA:96,0
DA:98,0
DA:99,0
DA:100,0
DA:101,0
DA:102,0
DA:104,0
DA:106,0
DA:107,0
DA:109,0
DA:111,0
DA:112,0
DA:114,0
DA:115,0
DA:116,0
DA:117,0
DA:118,0
DA:119,0
DA:121,0
DA:122,0
DA:123,0
DA:124,0
DA:125,0
DA:126,0
DA:127,0
DA:129,0
DA:130,0
DA:132,0
DA:134,0
DA:135,0
DA:136,0
DA:138,0
DA:139,0
DA:140,0
DA:142,0
DA:144,0
DA:145,0
DA:147,0
DA:149,0
DA:150,0
DA:152,0
DA:154,0
DA:156,0
DA:157,30
DA:158,30
DA:159,0
DA:160,0
DA:162,0
DA:163,0
DA:164,0
DA:166,0
DA:167,0
DA:168,0
DA:169,30
DA:170,30
DA:172,30
DA:174,0
DA:176,0
DA:177,0
DA:179,0
DA:180,0
DA:182,0
DA:184,0
DA:185,0
DA:186,0
DA:188,96
DA:189,96
DA:190,96
DA:192,54
DA:193,54
DA:196,0
DA:198,0
DA:199,0
DA:200,0
DA:202,0
DA:204,0
DA:205,0
DA:207,192
DA:209,96
DA:211,0
DA:212,0
DA:214,96
DA:216,96
DA:218,192
LF:142
LH:19
end_of_record
TN:
SF:/home/jovan/Documents/VS-2/SketchIt/SketchIt/server/points.cpp
FN:12,21,_ZN6Points10initializeEP6Player
FN:22,25,_ZN6Points11erasePlayerEP6Player
FN:27,38,_ZN6Points15newCorrectGuessEP6Playeri
FN:3,10,_ZN6PointsC2E5QListIP6PlayerE
FN:40,43,_ZN6Points15getRoundResultsEv
FN:45,48,_ZN6Points17newRevealedLetterEv
FNDA:24,_ZN6Points10initializeEP6Player
FNDA:12,_ZN6Points11erasePlayerEP6Player
FNDA:24,_ZN6Points15newCorrectGuessEP6Playeri
FNDA:36,_ZN6PointsC2E5QListIP6PlayerE
FNDA:36,_ZN6Points15getRoundResultsEv
FNDA:18,_ZN6Points17newRevealedLetterEv
FNF:6
FNH:6
DA:3,36
DA:5,96
DA:7,60
DA:10,36
DA:12,24
DA:14,24
DA:15,24
DA:16,24
DA:18,72
DA:19,48
DA:21,24
DA:22,12
DA:24,12
DA:27,24
DA:29,24
DA:30,24
DA:31,24
DA:32,24
DA:34,24
DA:36,24
DA:37,24
DA:38,24
DA:40,36
DA:42,36
DA:45,18
DA:47,18
LF:26
LH:26
end_of_record
TN:
SF:/home/jovan/Documents/VS-2/SketchIt/SketchIt/server/words.cpp
FN:30,45,_ZN5Words9pickWordsEi
FN:4,28,_ZN5WordsC2EP7QObject
FNDA:18,_ZN5Words9pickWordsEi
FNDA:18,_ZN5WordsC2EP7QObject
FNF:2
FNH:2
DA:4,18
DA:5,18
DA:7,18
DA:8,18
DA:10,0
DA:13,18
DA:14,4194
DA:16,4176
DA:17,4176
DA:19,4176
DA:21,4176
DA:22,18
DA:24,18
DA:26,0
DA:28,18
DA:30,18
DA:32,18
DA:33,18
DA:35,126
DA:37,108
DA:38,108
DA:40,108
DA:41,108
DA:44,36
DA:45,18
LF:25
LH:23
end_of_record
