TN:
SF:/home/jovan/Documents/VS-2/SketchIt/SketchIt/server/game.cpp
FN:108,122,_ZN4Game20broadcastProfilePicsEv
FN:123,129,_ZN4Game7endGameEv
FN:132,176,_ZN4Game8nextTurnEv
FN:178,191,_ZN4Game12formatScoresEv
FN:19,21,_ZN4GameD0Ev
FN:19,21,_ZN4GameD2Ev
FN:193,203,_ZN4Game12updateScoresEv
FN:204,237,_ZN4Game16removeFromScoresEPK6Playeri
FN:23,29,_ZN4Game9startGameEv
FN:239,248,_ZN4Game14onWordSelectedERK7QString
FN:250,258,_ZN4Game19newPlayerRoundReadyEv
FN:260,282,_ZN4Game7endTurnEv
FN:284,303,_ZN4Game16startHangmanGameEv
FN:305,313,_ZN4Game16revealNextLetterEv
FN:31,54,_ZN4Game11handleGuessERK7QString
FN:57,67,_ZN4Game21sendPlayerScoreUpdateEP6Player
FN:6,17,_ZN4GameC2EP7ManagerP7QObject
FN:70,89,_ZN4Game14broadcastToAllERK7QStringP6Player
FN:92,106,_ZN4Game15broadcastSignalERK7QString
FNDA:0,_ZN4Game20broadcastProfilePicsEv
FNDA:0,_ZN4Game7endGameEv
FNDA:0,_ZN4Game8nextTurnEv
FNDA:0,_ZN4Game12formatScoresEv
FNDA:0,_ZN4GameD0Ev
FNDA:0,_ZN4GameD2Ev
FNDA:0,_ZN4Game12updateScoresEv
FNDA:0,_ZN4Game16removeFromScoresEPK6Playeri
FNDA:0,_ZN4Game9startGameEv
FNDA:0,_ZN4Game14onWordSelectedERK7QString
FNDA:0,_ZN4Game19newPlayerRoundReadyEv
FNDA:0,_ZN4Game7endTurnEv
FNDA:0,_ZN4Game16startHangmanGameEv
FNDA:0,_ZN4Game16revealNextLetterEv
FNDA:0,_ZN4Game11handleGuessERK7QString
FNDA:0,_ZN4Game21sendPlayerScoreUpdateEP6Player
FNDA:0,_ZN4GameC2EP7ManagerP7QObject
FNDA:0,_ZN4Game14broadcastToAllERK7QStringP6Player
FNDA:0,_ZN4Game15broadcastSignalERK7QString
FNF:19
FNH:0
BRDA:7,0,0,-
BRDA:7,e0,1,-
BRDA:7,0,2,-
BRDA:7,e0,3,-
BRDA:7,0,4,-
BRDA:7,e0,5,-
BRDA:9,0,0,-
BRDA:9,e0,1,-
BRDA:9,0,2,-
BRDA:9,e0,3,-
BRDA:9,0,4,-
BRDA:9,0,5,-
BRDA:10,0,0,-
BRDA:10,e0,1,-
BRDA:12,0,0,-
BRDA:12,e0,1,-
BRDA:12,0,2,-
BRDA:12,e0,3,-
BRDA:12,0,4,-
BRDA:12,0,5,-
BRDA:13,0,0,-
BRDA:13,e0,1,-
BRDA:13,0,2,-
BRDA:13,e0,3,-
BRDA:13,0,4,-
BRDA:13,0,5,-
BRDA:14,0,0,-
BRDA:14,e0,1,-
BRDA:15,0,0,-
BRDA:15,e0,1,-
BRDA:25,0,0,-
BRDA:25,e0,1,-
BRDA:26,0,0,-
BRDA:26,e0,1,-
BRDA:33,0,0,-
BRDA:33,e0,1,-
BRDA:33,0,2,-
BRDA:33,e0,3,-
BRDA:33,0,4,-
BRDA:33,e0,5,-
BRDA:34,0,0,-
BRDA:34,e0,1,-
BRDA:34,0,2,-
BRDA:34,e0,3,-
BRDA:34,0,4,-
BRDA:34,e0,5,-
BRDA:35,0,0,-
BRDA:35,e0,1,-
BRDA:36,0,0,-
BRDA:36,0,1,-
BRDA:36,0,2,-
BRDA:36,0,3,-
BRDA:36,0,4,-
BRDA:36,0,5,-
BRDA:36,0,6,-
BRDA:36,0,7,-
BRDA:37,0,0,-
BRDA:37,e0,1,-
BRDA:37,0,2,-
BRDA:37,e0,3,-
BRDA:37,0,4,-
BRDA:37,0,5,-
BRDA:38,0,0,-
BRDA:38,e0,1,-
BRDA:38,0,2,-
BRDA:38,e0,3,-
BRDA:39,0,0,-
BRDA:39,e0,1,-
BRDA:41,0,0,-
BRDA:41,e0,1,-
BRDA:43,0,0,-
BRDA:43,e0,1,-
BRDA:43,0,2,-
BRDA:43,e0,3,-
BRDA:43,0,4,-
BRDA:43,e0,5,-
BRDA:45,0,0,-
BRDA:45,e0,1,-
BRDA:45,0,2,-
BRDA:45,0,3,-
BRDA:47,0,0,-
BRDA:47,e0,1,-
BRDA:47,0,2,-
BRDA:47,e0,3,-
BRDA:48,0,0,-
BRDA:48,e0,1,-
BRDA:49,0,0,-
BRDA:49,e0,1,-
BRDA:50,0,0,-
BRDA:50,e0,1,-
BRDA:59,0,0,-
BRDA:59,0,1,-
BRDA:60,0,0,-
BRDA:60,e0,1,-
BRDA:60,0,2,-
BRDA:60,e0,3,-
BRDA:61,0,0,-
BRDA:61,e0,1,-
BRDA:61,0,2,-
BRDA:61,e0,3,-
BRDA:61,0,4,-
BRDA:61,e0,5,-
BRDA:61,0,6,-
BRDA:61,e0,7,-
BRDA:63,0,0,-
BRDA:63,e0,1,-
BRDA:63,0,2,-
BRDA:63,e0,3,-
BRDA:63,0,4,-
BRDA:63,0,5,-
BRDA:64,0,0,-
BRDA:64,e0,1,-
BRDA:64,0,2,-
BRDA:64,e0,3,-
BRDA:64,0,4,-
BRDA:64,e0,5,-
BRDA:72,0,0,-
BRDA:72,0,1,-
BRDA:72,0,2,-
BRDA:72,0,3,-
BRDA:72,0,4,-
BRDA:72,0,5,-
BRDA:76,0,0,-
BRDA:76,e0,1,-
BRDA:76,0,2,-
BRDA:76,e0,3,-
BRDA:77,0,0,-
BRDA:77,e0,1,-
BRDA:77,0,2,-
BRDA:77,e0,3,-
BRDA:77,0,4,-
BRDA:77,0,5,-
BRDA:78,0,0,-
BRDA:78,0,1,-
BRDA:80,0,0,-
BRDA:80,0,1,-
BRDA:81,0,0,-
BRDA:81,e0,1,-
BRDA:81,0,2,-
BRDA:81,e0,3,-
BRDA:81,0,4,-
BRDA:81,e0,5,-
BRDA:81,0,6,-
BRDA:81,e0,7,-
BRDA:84,0,0,-
BRDA:84,e0,1,-
BRDA:84,0,2,-
BRDA:84,e0,3,-
BRDA:94,0,0,-
BRDA:94,e0,1,-
BRDA:94,0,2,-
BRDA:94,e0,3,-
BRDA:94,0,4,-
BRDA:94,0,5,-
BRDA:96,0,0,-
BRDA:96,0,1,-
BRDA:96,0,2,-
BRDA:96,e0,3,-
BRDA:96,0,4,-
BRDA:96,e0,5,-
BRDA:96,0,6,-
BRDA:96,0,7,-
BRDA:96,0,8,-
BRDA:96,0,9,-
BRDA:96,0,10,-
BRDA:96,0,11,-
BRDA:96,0,12,-
BRDA:96,0,13,-
BRDA:100,0,0,-
BRDA:100,0,1,-
BRDA:100,0,2,-
BRDA:100,e0,3,-
BRDA:100,0,4,-
BRDA:100,e0,5,-
BRDA:100,0,6,-
BRDA:100,0,7,-
BRDA:100,0,8,-
BRDA:100,0,9,-
BRDA:100,0,10,-
BRDA:100,0,11,-
BRDA:100,0,12,-
BRDA:100,0,13,-
BRDA:104,0,0,-
BRDA:104,e0,1,-
BRDA:104,0,2,-
BRDA:104,e0,3,-
BRDA:110,0,0,-
BRDA:110,e0,1,-
BRDA:110,0,2,-
BRDA:110,e0,3,-
BRDA:110,0,4,-
BRDA:110,0,5,-
BRDA:113,0,0,-
BRDA:113,e0,1,-
BRDA:114,0,0,-
BRDA:114,e0,1,-
BRDA:115,0,0,-
BRDA:115,e0,1,-
BRDA:116,0,0,-
BRDA:116,e0,1,-
BRDA:116,0,2,-
BRDA:116,e0,3,-
BRDA:116,0,4,-
BRDA:116,e0,5,-
BRDA:116,0,6,-
BRDA:116,e0,7,-
BRDA:116,0,8,-
BRDA:116,e0,9,-
BRDA:118,0,0,-
BRDA:118,e0,1,-
BRDA:118,0,2,-
BRDA:118,e0,3,-
BRDA:118,0,4,-
BRDA:118,0,5,-
BRDA:119,0,0,-
BRDA:119,e0,1,-
BRDA:127,0,0,-
BRDA:127,e0,1,-
BRDA:127,0,2,-
BRDA:127,e0,3,-
BRDA:135,0,0,-
BRDA:135,e0,1,-
BRDA:135,0,2,-
BRDA:135,0,3,-
BRDA:136,0,0,-
BRDA:136,e0,1,-
BRDA:142,0,0,-
BRDA:142,0,1,-
BRDA:142,0,2,-
BRDA:142,0,3,-
BRDA:142,0,4,-
BRDA:142,0,5,-
BRDA:144,0,0,-
BRDA:144,e0,1,-
BRDA:144,0,2,-
BRDA:144,e0,3,-
BRDA:145,0,0,-
BRDA:145,e0,1,-
BRDA:147,0,0,-
BRDA:147,e0,1,-
BRDA:152,0,0,-
BRDA:152,0,1,-
BRDA:154,0,0,-
BRDA:154,e0,1,-
BRDA:155,0,0,-
BRDA:155,e0,1,-
BRDA:155,0,2,-
BRDA:155,e0,3,-
BRDA:157,0,0,-
BRDA:157,e0,1,-
BRDA:157,0,2,-
BRDA:157,e0,3,-
BRDA:157,0,4,-
BRDA:157,0,5,-
BRDA:158,0,0,-
BRDA:158,0,1,-
BRDA:159,0,0,-
BRDA:159,e0,1,-
BRDA:159,0,2,-
BRDA:159,e0,3,-
BRDA:163,0,0,-
BRDA:163,e0,1,-
BRDA:165,0,0,-
BRDA:165,e0,1,-
BRDA:166,0,0,-
BRDA:166,e0,1,-
BRDA:167,0,0,-
BRDA:167,e0,1,-
BRDA:167,0,2,-
BRDA:167,e0,3,-
BRDA:167,0,4,-
BRDA:167,0,5,-
BRDA:169,0,0,-
BRDA:169,e0,1,-
BRDA:169,0,2,-
BRDA:169,e0,3,-
BRDA:170,0,0,-
BRDA:170,e0,1,-
BRDA:170,0,2,-
BRDA:170,e0,3,-
BRDA:173,0,0,-
BRDA:173,e0,1,-
BRDA:173,0,2,-
BRDA:173,e0,3,-
BRDA:180,0,0,-
BRDA:180,e0,1,-
BRDA:180,0,2,-
BRDA:180,e0,3,-
BRDA:181,0,0,-
BRDA:181,e0,1,-
BRDA:181,0,2,-
BRDA:181,e0,3,-
BRDA:181,0,4,-
BRDA:181,0,5,-
BRDA:185,0,0,-
BRDA:185,0,1,-
BRDA:185,0,2,-
BRDA:185,e0,3,-
BRDA:185,0,4,-
BRDA:185,0,5,-
BRDA:185,0,6,-
BRDA:185,0,7,-
BRDA:185,0,8,-
BRDA:185,0,9,-
BRDA:185,0,10,-
BRDA:185,0,11,-
BRDA:186,0,0,-
BRDA:186,e0,1,-
BRDA:186,0,2,-
BRDA:186,e0,3,-
BRDA:186,0,4,-
BRDA:186,e0,5,-
BRDA:186,0,6,-
BRDA:186,e0,7,-
BRDA:186,0,8,-
BRDA:186,e0,9,-
BRDA:190,0,0,-
BRDA:190,e0,1,-
BRDA:190,0,2,-
BRDA:190,e0,3,-
BRDA:195,0,0,-
BRDA:195,e0,1,-
BRDA:196,0,0,-
BRDA:196,e0,1,-
BRDA:196,0,2,-
BRDA:196,e0,3,-
BRDA:196,0,4,-
BRDA:196,0,5,-
BRDA:199,0,0,-
BRDA:199,0,1,-
BRDA:200,0,0,-
BRDA:200,e0,1,-
BRDA:206,0,0,-
BRDA:206,0,1,-
BRDA:208,0,0,-
BRDA:208,0,1,-
BRDA:212,0,0,-
BRDA:212,e0,1,-
BRDA:212,0,2,-
BRDA:212,e0,3,-
BRDA:212,0,4,-
BRDA:212,0,5,-
BRDA:213,0,0,-
BRDA:213,0,1,-
BRDA:214,0,0,-
BRDA:214,e0,1,-
BRDA:220,0,0,-
BRDA:220,0,1,-
BRDA:220,0,2,-
BRDA:220,0,3,-
BRDA:220,0,4,-
BRDA:220,0,5,-
BRDA:221,0,0,-
BRDA:221,e0,1,-
BRDA:226,0,0,-
BRDA:226,0,1,-
BRDA:226,0,2,-
BRDA:226,0,3,-
BRDA:231,0,0,-
BRDA:231,0,1,-
BRDA:242,0,0,-
BRDA:242,e0,1,-
BRDA:242,0,2,-
BRDA:242,e0,3,-
BRDA:243,0,0,-
BRDA:243,0,1,-
BRDA:253,0,0,-
BRDA:253,0,1,-
BRDA:264,0,0,-
BRDA:264,0,1,-
BRDA:265,0,0,-
BRDA:265,e0,1,-
BRDA:266,0,0,-
BRDA:266,0,1,-
BRDA:270,0,0,-
BRDA:270,0,1,-
BRDA:271,0,0,-
BRDA:271,0,1,-
BRDA:275,0,0,-
BRDA:275,e0,1,-
BRDA:276,0,0,-
BRDA:276,e0,1,-
BRDA:276,0,2,-
BRDA:276,e0,3,-
BRDA:277,0,0,-
BRDA:277,0,1,-
BRDA:279,0,0,-
BRDA:279,e0,1,-
BRDA:279,0,2,-
BRDA:279,e0,3,-
BRDA:279,0,4,-
BRDA:279,e0,5,-
BRDA:281,0,0,-
BRDA:281,e0,1,-
BRDA:281,0,2,-
BRDA:281,e0,3,-
BRDA:281,0,4,-
BRDA:281,e0,5,-
BRDA:285,0,0,-
BRDA:285,e0,1,-
BRDA:286,0,0,-
BRDA:286,0,1,-
BRDA:291,0,0,-
BRDA:291,e0,1,-
BRDA:291,0,2,-
BRDA:291,e0,3,-
BRDA:291,0,4,-
BRDA:291,0,5,-
BRDA:292,0,0,-
BRDA:292,e0,1,-
BRDA:292,0,2,-
BRDA:292,e0,3,-
BRDA:292,0,4,-
BRDA:292,e0,5,-
BRDA:292,0,6,-
BRDA:292,e0,7,-
BRDA:294,0,0,-
BRDA:294,0,1,-
BRDA:295,0,0,-
BRDA:295,e0,1,-
BRDA:295,0,2,-
BRDA:295,e0,3,-
BRDA:295,0,4,-
BRDA:295,e0,5,-
BRDA:295,0,6,-
BRDA:295,e0,7,-
BRDA:296,0,0,-
BRDA:296,e0,1,-
BRDA:296,0,2,-
BRDA:296,e0,3,-
BRDA:296,0,4,-
BRDA:296,e0,5,-
BRDA:296,0,6,-
BRDA:296,e0,7,-
BRDA:299,0,0,-
BRDA:299,e0,1,-
BRDA:299,0,2,-
BRDA:299,e0,3,-
BRDA:299,0,4,-
BRDA:299,0,5,-
BRDA:300,0,0,-
BRDA:300,e0,1,-
BRDA:301,0,0,-
BRDA:301,e0,1,-
BRDA:303,0,0,-
BRDA:303,0,1,-
BRDA:306,0,0,-
BRDA:306,0,1,-
BRDA:308,0,0,-
BRDA:308,e0,1,-
BRDA:308,0,2,-
BRDA:308,e0,3,-
BRDA:308,0,4,-
BRDA:308,e0,5,-
BRDA:308,0,6,-
BRDA:308,e0,7,-
BRF:456
BRH:0
DA:6,0
DA:7,0
DA:9,0
DA:10,0
DA:12,0
DA:13,0
DA:14,0
DA:15,0
DA:17,0
DA:19,0
DA:21,0
DA:23,0
DA:25,0
DA:26,0
DA:28,0
DA:29,0
DA:31,0
DA:33,0
DA:34,0
DA:35,0
DA:36,0
DA:37,0
DA:38,0
DA:39,0
DA:41,0
DA:43,0
DA:45,0
DA:47,0
DA:48,0
DA:49,0
DA:50,0
DA:54,0
DA:57,0
DA:59,0
DA:60,0
DA:61,0
DA:63,0
DA:64,0
DA:66,0
DA:67,0
DA:70,0
DA:72,0
DA:74,0
DA:76,0
DA:77,0
DA:78,0
DA:80,0
DA:81,0
DA:84,0
DA:89,0
DA:92,0
DA:94,0
DA:96,0
DA:97,0
DA:100,0
DA:101,0
DA:104,0
DA:106,0
DA:108,0
DA:110,0
DA:112,0
DA:113,0
DA:114,0
DA:115,0
DA:116,0
DA:118,0
DA:119,0
DA:121,0
DA:122,0
DA:123,0
DA:124,0
DA:125,0
DA:127,0
DA:129,0
DA:132,0
DA:135,0
DA:136,0
DA:139,0
DA:142,0
DA:144,0
DA:145,0
DA:147,0
DA:149,0
DA:152,0
DA:154,0
DA:155,0
DA:157,0
DA:158,0
DA:159,0
DA:163,0
DA:165,0
DA:166,0
DA:167,0
DA:169,0
DA:170,0
DA:173,0
DA:174,0
DA:176,0
DA:178,0
DA:179,0
DA:180,0
DA:181,0
DA:182,0
DA:183,0
DA:185,0
DA:186,0
DA:190,0
DA:191,0
DA:193,0
DA:195,0
DA:196,0
DA:197,0
DA:198,0
DA:199,0
DA:200,0
DA:203,0
DA:204,0
DA:206,0
DA:208,0
DA:209,0
DA:212,0
DA:213,0
DA:214,0
DA:216,0
DA:220,0
DA:221,0
DA:224,0
DA:226,0
DA:227,0
DA:228,0
DA:231,0
DA:232,0
DA:233,0
DA:239,0
DA:241,0
DA:242,0
DA:243,0
DA:244,0
DA:246,0
DA:247,0
DA:248,0
DA:250,0
DA:252,0
DA:253,0
DA:255,0
DA:256,0
DA:258,0
DA:260,0
DA:264,0
DA:265,0
DA:266,0
DA:267,0
DA:270,0
DA:271,0
DA:272,0
DA:275,0
DA:276,0
DA:277,0
DA:279,0
DA:281,0
DA:282,0
DA:284,0
DA:285,0
DA:286,0
DA:287,0
DA:290,0
DA:291,0
DA:292,0
DA:294,0
DA:295,0
DA:296,0
DA:299,0
DA:300,0
DA:301,0
DA:303,0
DA:305,0
DA:306,0
DA:307,0
DA:308,0
DA:309,0
DA:311,0
DA:313,0
LF:182
LH:0
end_of_record
TN:
SF:/home/jovan/Documents/VS-2/SketchIt/SketchIt/server/hangman.cpp
FN:25,32,_ZN7Hangman16revealNextLetterEv
FN:34,36,_ZNK7Hangman15getRevealedWordB5cxx11Ev
FN:38,40,_ZNK7Hangman10isCompleteEv
FN:6,23,_ZN7HangmanC2ERKNSt7__cxx1112basic_stringIcSt11char_traitsIcESaIcEEEiP7QObject
FNDA:4,_ZN7Hangman16revealNextLetterEv
FNDA:4,_ZNK7Hangman15getRevealedWordB5cxx11Ev
FNDA:3,_ZNK7Hangman10isCompleteEv
FNDA:4,_ZN7HangmanC2ERKNSt7__cxx1112basic_stringIcSt11char_traitsIcESaIcEEEiP7QObject
FNF:4
FNH:4
BRDA:7,0,0,3
BRDA:7,e0,1,1
BRDA:10,0,0,7
BRDA:10,0,1,3
BRDA:11,0,0,7
BRDA:11,e0,1,0
BRDA:16,0,0,3
BRDA:16,e0,1,0
BRDA:17,0,0,3
BRDA:17,e0,1,0
BRDA:17,0,2,3
BRDA:17,e0,3,0
BRDA:19,0,0,3
BRDA:19,e0,1,0
BRDA:21,0,0,3
BRDA:21,e0,1,0
BRDA:26,0,0,4
BRDA:26,0,1,0
BRF:18
BRH:11
DA:6,4
DA:7,12
DA:10,10
DA:11,7
DA:16,3
DA:17,3
DA:19,3
DA:20,3
DA:21,3
DA:23,4
DA:25,4
DA:26,4
DA:27,4
DA:28,4
DA:29,4
DA:32,4
DA:34,4
DA:35,4
DA:38,3
DA:39,3
LF:20
LH:20
end_of_record
TN:
SF:/home/jovan/Documents/VS-2/SketchIt/SketchIt/server/hangman.h
FNF:0
FNH:0
LF:0
LH:0
end_of_record
TN:
SF:/home/jovan/Documents/VS-2/SketchIt/SketchIt/server/leaderboard.cpp
FN:103,122,_ZN11Leaderboard27ensureLeaderboardFileExistsEv
FN:13,51,_ZN11Leaderboard17updateLeaderboardER4QMapIP6PlayeriE
FN:5,10,_ZN11LeaderboardC2EP7QObject
FN:53,64,_ZN11Leaderboard21getLeaderboardResultsEv
FN:59,61,_ZZN11Leaderboard21getLeaderboardResultsEvENKUlRKSt4pairI7QStringiES4_E_clES4_S4_
FN:66,90,_ZN11Leaderboard14importFromJsonEv
FN:92,101,_ZN11Leaderboard15getUserDataPathEv
FNDA:15,_ZN11Leaderboard27ensureLeaderboardFileExistsEv
FNDA:2,_ZN11Leaderboard17updateLeaderboardER4QMapIP6PlayeriE
FNDA:15,_ZN11LeaderboardC2EP7QObject
FNDA:3,_ZN11Leaderboard21getLeaderboardResultsEv
FNDA:383,_ZZN11Leaderboard21getLeaderboardResultsEvENKUlRKSt4pairI7QStringiES4_E_clES4_S4_
FNDA:15,_ZN11Leaderboard14importFromJsonEv
FNDA:15,_ZN11Leaderboard15getUserDataPathEv
FNF:7
FNH:7
BRDA:6,0,0,15
BRDA:6,e0,1,0
BRDA:8,0,0,15
BRDA:8,e0,1,0
BRDA:9,0,0,15
BRDA:9,e0,1,0
BRDA:15,0,0,2
BRDA:15,e0,1,0
BRDA:15,0,2,4
BRDA:15,e0,3,0
BRDA:15,0,4,2
BRDA:15,0,5,2
BRDA:17,0,0,2
BRDA:17,e0,1,0
BRDA:19,0,0,2
BRDA:19,e0,1,0
BRDA:19,0,2,1
BRDA:19,0,3,1
BRDA:21,0,0,1
BRDA:21,e0,1,0
BRDA:25,0,0,1
BRDA:25,e0,1,0
BRDA:29,0,0,2
BRDA:29,e0,1,0
BRDA:30,0,0,2
BRDA:30,e0,1,0
BRDA:32,0,0,2
BRDA:32,e0,1,0
BRDA:32,0,2,49
BRDA:32,e0,3,0
BRDA:32,0,4,47
BRDA:32,0,5,2
BRDA:34,0,0,47
BRDA:34,e0,1,0
BRDA:35,0,0,47
BRDA:35,e0,1,0
BRDA:35,0,2,47
BRDA:35,e0,3,0
BRDA:35,0,4,47
BRDA:35,e0,5,0
BRDA:35,0,6,47
BRDA:35,e0,7,0
BRDA:36,0,0,47
BRDA:36,e0,1,0
BRDA:36,0,2,47
BRDA:36,e0,3,0
BRDA:36,0,4,47
BRDA:36,e0,5,0
BRDA:36,0,6,47
BRDA:36,e0,7,0
BRDA:37,0,0,47
BRDA:37,e0,1,0
BRDA:37,0,2,47
BRDA:37,e0,3,0
BRDA:40,0,0,2
BRDA:40,e0,1,0
BRDA:40,0,2,2
BRDA:40,e0,3,0
BRDA:40,0,4,2
BRDA:40,e0,5,0
BRDA:40,0,6,2
BRDA:40,e0,7,0
BRDA:42,0,0,2
BRDA:42,e0,1,0
BRDA:43,0,0,2
BRDA:43,e0,1,0
BRDA:43,0,2,0
BRDA:43,0,3,2
BRDA:45,0,0,-
BRDA:45,e0,1,-
BRDA:45,0,2,-
BRDA:45,e0,3,-
BRDA:45,0,4,-
BRDA:45,e0,5,-
BRDA:45,0,6,-
BRDA:45,e0,7,-
BRDA:46,0,0,-
BRDA:46,e0,1,-
BRDA:46,0,2,-
BRDA:46,e0,3,-
BRDA:46,0,4,-
BRDA:46,e0,5,-
BRDA:48,0,0,2
BRDA:48,e0,1,0
BRDA:48,0,2,2
BRDA:48,e0,3,0
BRDA:48,0,4,2
BRDA:48,e0,5,0
BRDA:49,0,0,2
BRDA:49,e0,1,0
BRDA:56,0,0,3
BRDA:56,e0,1,0
BRDA:56,0,2,73
BRDA:56,e0,3,0
BRDA:56,0,4,70
BRDA:56,0,5,3
BRDA:57,0,0,70
BRDA:57,e0,1,0
BRDA:57,0,2,70
BRDA:57,e0,3,0
BRDA:59,0,0,3
BRDA:59,e0,1,0
BRDA:59,0,2,3
BRDA:59,e0,3,0
BRDA:59,0,4,3
BRDA:59,e0,5,0
BRDA:63,0,0,3
BRDA:63,e0,1,0
BRDA:68,0,0,15
BRDA:68,e0,1,0
BRDA:69,0,0,15
BRDA:69,e0,1,0
BRDA:69,0,2,0
BRDA:69,0,3,15
BRDA:70,0,0,-
BRDA:70,e0,1,-
BRDA:70,0,2,-
BRDA:70,e0,3,-
BRDA:70,0,4,-
BRDA:70,e0,5,-
BRDA:73,0,0,15
BRDA:73,e0,1,0
BRDA:74,0,0,15
BRDA:74,e0,1,0
BRDA:75,0,0,15
BRDA:75,e0,1,0
BRDA:77,0,0,15
BRDA:77,e0,1,0
BRDA:77,0,2,0
BRDA:77,0,3,15
BRDA:78,0,0,-
BRDA:78,e0,1,-
BRDA:81,0,0,15
BRDA:81,e0,1,0
BRDA:82,0,0,15
BRDA:82,e0,1,0
BRDA:82,0,2,15
BRDA:82,e0,3,0
BRDA:82,0,4,15
BRDA:82,e0,5,0
BRDA:84,0,0,15
BRDA:84,e0,1,0
BRDA:84,0,2,15
BRDA:84,e0,3,0
BRDA:84,0,4,346
BRDA:84,e0,5,0
BRDA:84,0,6,346
BRDA:84,0,7,15
BRDA:85,0,0,346
BRDA:85,e0,1,0
BRDA:86,0,0,346
BRDA:86,e0,1,0
BRDA:86,0,2,346
BRDA:86,e0,3,0
BRDA:86,0,4,346
BRDA:86,e0,5,0
BRDA:87,0,0,346
BRDA:87,e0,1,0
BRDA:87,0,2,346
BRDA:87,e0,3,0
BRDA:87,0,4,346
BRDA:87,e0,5,0
BRDA:88,0,0,346
BRDA:88,e0,1,0
BRDA:94,0,0,15
BRDA:94,e0,1,0
BRDA:95,0,0,15
BRDA:95,e0,1,0
BRDA:96,0,0,15
BRDA:96,e0,1,0
BRDA:96,0,2,0
BRDA:96,0,3,15
BRDA:98,0,0,-
BRDA:98,e0,1,-
BRDA:98,0,2,-
BRDA:98,e0,3,-
BRDA:100,0,0,15
BRDA:100,e0,1,0
BRDA:105,0,0,15
BRDA:105,e0,1,0
BRDA:106,0,0,3
BRDA:106,0,1,12
BRDA:108,0,0,3
BRDA:108,e0,1,0
BRDA:109,0,0,3
BRDA:109,e0,1,0
BRDA:109,0,2,0
BRDA:109,0,3,3
BRDA:111,0,0,-
BRDA:111,e0,1,-
BRDA:111,0,2,-
BRDA:111,e0,3,-
BRDA:111,0,4,-
BRDA:111,e0,5,-
BRDA:111,0,6,-
BRDA:111,e0,7,-
BRDA:111,0,8,-
BRDA:111,e0,9,-
BRDA:112,0,0,-
BRDA:112,e0,1,-
BRDA:115,0,0,3
BRDA:115,e0,1,0
BRDA:116,0,0,3
BRDA:116,e0,1,0
BRDA:116,0,2,0
BRDA:116,0,3,3
BRDA:118,0,0,-
BRDA:118,e0,1,-
BRDA:118,0,2,-
BRDA:118,e0,3,-
BRDA:118,0,4,-
BRDA:118,e0,5,-
BRDA:119,0,0,-
BRDA:119,e0,1,-
BRF:214
BRH:90
DA:5,15
DA:6,15
DA:8,15
DA:9,15
DA:10,15
DA:13,2
DA:15,4
DA:17,2
DA:18,2
DA:19,2
DA:21,1
DA:25,1
DA:27,2
DA:29,2
DA:30,2
DA:32,49
DA:34,47
DA:35,47
DA:36,47
DA:37,47
DA:38,47
DA:40,2
DA:42,2
DA:43,2
DA:45,0
DA:46,0
DA:48,2
DA:49,2
DA:51,2
DA:53,3
DA:55,3
DA:56,73
DA:57,70
DA:59,3
DA:60,383
DA:63,6
DA:64,3
DA:66,15
DA:68,15
DA:69,15
DA:70,0
DA:73,15
DA:74,15
DA:75,15
DA:77,15
DA:78,0
DA:81,15
DA:82,15
DA:84,361
DA:85,346
DA:86,346
DA:87,346
DA:88,346
DA:89,346
DA:90,15
DA:92,15
DA:94,15
DA:95,15
DA:96,15
DA:98,0
DA:100,30
DA:101,15
DA:103,15
DA:105,15
DA:106,15
DA:108,3
DA:109,3
DA:111,0
DA:112,0
DA:115,3
DA:116,3
DA:118,0
DA:119,0
DA:121,3
DA:122,15
LF:75
LH:66
end_of_record
TN:
SF:/home/jovan/Documents/VS-2/SketchIt/SketchIt/server/leaderboard.h
FNF:0
FNH:0
LF:0
LH:0
end_of_record
TN:
SF:/home/jovan/Documents/VS-2/SketchIt/SketchIt/server/manager.cpp
FN:118,137,_ZN7Manager16newPlayerIsReadyEv
FN:139,150,_ZN7Manager11onGameEndedE7QString
FN:152,166,_ZN7Manager20onPlayerConfirmedEndEv
FN:168,173,_ZN7Manager12onRoundEndedEv
FN:17,26,_ZN7Manager14getLeaderboardEv
FN:28,31,_ZN7Manager17updateLeaderbaordER4QMapIP6PlayeriE
FN:33,50,_ZN7Manager9addPlayerEP6Player
FN:4,7,_ZN7ManagerC2Ev
FN:51,59,_ZN7Manager15getPlayerByNickE7QString
FN:61,64,_ZN7Manager13gameIsRunningEv
FN:66,72,_ZN7Manager19onPassDrawingUpdateERK10QByteArray
FN:74,77,_ZN7Manager17onMessageReceivedERK7QStringP6Player
FN:79,82,_ZN7Manager14onWordSelectedERK7QString
FN:84,87,_ZNK7Manager13getAllPlayersEv
FN:89,92,_ZN7Manager15numberOfPlayersEv
FN:9,15,_ZN7ManagerD0Ev
FN:9,15,_ZN7ManagerD2Ev
FN:94,116,_ZN7Manager20onPlayerDisconnectedEP6Player
FNDA:0,_ZN7Manager16newPlayerIsReadyEv
FNDA:0,_ZN7Manager11onGameEndedE7QString
FNDA:0,_ZN7Manager20onPlayerConfirmedEndEv
FNDA:0,_ZN7Manager12onRoundEndedEv
FNDA:0,_ZN7Manager14getLeaderboardEv
FNDA:0,_ZN7Manager17updateLeaderbaordER4QMapIP6PlayeriE
FNDA:4,_ZN7Manager9addPlayerEP6Player
FNDA:5,_ZN7ManagerC2Ev
FNDA:2,_ZN7Manager15getPlayerByNickE7QString
FNDA:1,_ZN7Manager13gameIsRunningEv
FNDA:0,_ZN7Manager19onPassDrawingUpdateERK10QByteArray
FNDA:0,_ZN7Manager17onMessageReceivedERK7QStringP6Player
FNDA:0,_ZN7Manager14onWordSelectedERK7QString
FNDA:1,_ZNK7Manager13getAllPlayersEv
FNDA:2,_ZN7Manager15numberOfPlayersEv
FNDA:0,_ZN7ManagerD0Ev
FNDA:5,_ZN7ManagerD2Ev
FNDA:0,_ZN7Manager20onPlayerDisconnectedEP6Player
FNF:18
FNH:7
BRDA:4,0,0,5
BRDA:4,e0,1,0
BRDA:4,0,2,5
BRDA:4,e0,3,0
BRDA:11,0,0,4
BRDA:11,0,1,5
BRDA:19,0,0,-
BRDA:19,e0,1,-
BRDA:20,0,0,-
BRDA:20,e0,1,-
BRDA:21,0,0,-
BRDA:21,e0,1,-
BRDA:21,0,2,-
BRDA:21,e0,3,-
BRDA:21,0,4,-
BRDA:21,0,5,-
BRDA:23,0,0,-
BRDA:23,e0,1,-
BRDA:23,0,2,-
BRDA:23,e0,3,-
BRDA:23,0,4,-
BRDA:23,e0,5,-
BRDA:23,0,6,-
BRDA:23,e0,7,-
BRDA:23,0,8,-
BRDA:23,e0,9,-
BRDA:36,0,0,4
BRDA:36,e0,1,0
BRDA:37,0,0,4
BRDA:37,e0,1,0
BRDA:39,0,0,4
BRDA:39,e0,1,0
BRDA:39,0,2,4
BRDA:39,e0,3,0
BRDA:39,0,4,5
BRDA:39,0,5,4
BRDA:41,0,0,5
BRDA:41,e0,1,0
BRDA:42,0,0,5
BRDA:42,e0,1,0
BRDA:43,0,0,5
BRDA:43,e0,1,0
BRDA:44,0,0,5
BRDA:44,e0,1,0
BRDA:46,0,0,5
BRDA:46,e0,1,0
BRDA:46,0,2,5
BRDA:46,e0,3,0
BRDA:46,0,4,5
BRDA:46,e0,5,0
BRDA:46,0,6,5
BRDA:46,e0,7,0
BRDA:46,0,8,5
BRDA:46,e0,9,0
BRDA:48,0,0,5
BRDA:48,e0,1,0
BRDA:52,0,0,2
BRDA:52,e0,1,0
BRDA:52,0,2,2
BRDA:52,e0,3,0
BRDA:52,0,4,2
BRDA:52,0,5,1
BRDA:53,0,0,2
BRDA:53,e0,1,0
BRDA:53,0,2,1
BRDA:53,0,3,1
BRDA:67,0,0,-
BRDA:67,e0,1,-
BRDA:67,0,2,-
BRDA:67,e0,3,-
BRDA:67,0,4,-
BRDA:67,0,5,-
BRDA:68,0,0,-
BRDA:68,0,1,-
BRDA:69,0,0,-
BRDA:69,e0,1,-
BRDA:97,0,0,-
BRDA:97,e0,1,-
BRDA:97,0,2,-
BRDA:97,e0,3,-
BRDA:97,0,4,-
BRDA:97,0,5,-
BRDA:98,0,0,-
BRDA:98,0,1,-
BRDA:100,0,0,-
BRDA:100,e0,1,-
BRDA:100,0,2,-
BRDA:100,e0,3,-
BRDA:100,0,4,-
BRDA:100,e0,5,-
BRDA:100,0,6,-
BRDA:100,e0,7,-
BRDA:108,0,0,-
BRDA:108,0,1,-
BRDA:121,0,0,-
BRDA:121,0,1,-
BRDA:121,0,2,-
BRDA:121,0,3,-
BRDA:121,0,4,-
BRDA:121,0,5,-
BRDA:123,0,0,-
BRDA:123,e0,1,-
BRDA:123,0,2,-
BRDA:123,0,3,-
BRDA:126,0,0,-
BRDA:126,e0,1,-
BRDA:127,0,0,-
BRDA:127,e0,1,-
BRDA:128,0,0,-
BRDA:128,e0,1,-
BRDA:130,0,0,-
BRDA:130,e0,1,-
BRDA:130,0,2,-
BRDA:130,e0,3,-
BRDA:130,0,4,-
BRDA:130,0,5,-
BRDA:141,0,0,-
BRDA:141,e0,1,-
BRDA:141,0,2,-
BRDA:141,e0,3,-
BRDA:141,0,4,-
BRDA:141,0,5,-
BRDA:142,0,0,-
BRDA:142,e0,1,-
BRDA:142,0,2,-
BRDA:142,e0,3,-
BRDA:143,0,0,-
BRDA:143,e0,1,-
BRDA:143,0,2,-
BRDA:143,e0,3,-
BRDA:148,0,0,-
BRDA:148,0,1,-
BRDA:155,0,0,-
BRDA:155,0,1,-
BRDA:156,0,0,-
BRDA:156,0,1,-
BRDA:157,0,0,-
BRDA:157,0,1,-
BRDA:161,0,0,-
BRDA:161,e0,1,-
BRDA:161,0,2,-
BRDA:161,e0,3,-
BRDA:161,0,4,-
BRDA:161,0,5,-
BRDA:162,0,0,-
BRDA:162,e0,1,-
BRDA:162,0,2,-
BRDA:162,e0,3,-
BRDA:169,0,0,-
BRDA:169,e0,1,-
BRDA:169,0,2,-
BRDA:169,e0,3,-
BRDA:169,0,4,-
BRDA:169,0,5,-
BRDA:170,0,0,-
BRDA:170,e0,1,-
BRDA:170,0,2,-
BRDA:170,e0,3,-
BRF:158
BRH:27
DA:4,5
DA:7,5
DA:9,5
DA:11,9
DA:13,4
DA:15,5
DA:17,0
DA:19,0
DA:20,0
DA:21,0
DA:23,0
DA:24,0
DA:25,0
DA:26,0
DA:28,0
DA:30,0
DA:31,0
DA:33,4
DA:35,4
DA:36,4
DA:37,4
DA:39,9
DA:40,5
DA:41,5
DA:42,5
DA:43,5
DA:44,5
DA:46,5
DA:48,5
DA:49,5
DA:50,4
DA:51,2
DA:52,3
DA:53,2
DA:54,1
DA:57,1
DA:61,1
DA:63,1
DA:66,0
DA:67,0
DA:68,0
DA:69,0
DA:72,0
DA:74,0
DA:76,0
DA:77,0
DA:79,0
DA:81,0
DA:82,0
DA:84,1
DA:86,1
DA:89,2
DA:91,2
DA:94,0
DA:97,0
DA:98,0
DA:100,0
DA:104,0
DA:106,0
DA:108,0
DA:110,0
DA:113,0
DA:114,0
DA:116,0
DA:118,0
DA:120,0
DA:121,0
DA:123,0
DA:124,0
DA:126,0
DA:127,0
DA:128,0
DA:130,0
DA:132,0
DA:134,0
DA:137,0
DA:139,0
DA:141,0
DA:142,0
DA:143,0
DA:146,0
DA:147,0
DA:148,0
DA:149,0
DA:150,0
DA:152,0
DA:153,0
DA:155,0
DA:156,0
DA:157,0
DA:158,0
DA:161,0
DA:162,0
DA:164,0
DA:166,0
DA:168,0
DA:169,0
DA:170,0
DA:173,0
LF:99
LH:31
end_of_record
TN:
SF:/home/jovan/Documents/VS-2/SketchIt/SketchIt/server/player.cpp
FN:10,24,_ZN6Player3runEv
FN:157,172,_ZN6Player10sendSignalE10QByteArray
FN:174,186,_ZN6Player17sendDrawingUpdateERK10QByteArray
FN:188,190,_ZN6Player11setNicknameERK7QString
FN:192,194,_ZNK6Player11getNicknameEv
FN:196,200,_ZN6Player14onDisconnectedEv
FN:202,205,_ZN6Player15onErrorOccurredEN15QAbstractSocket11SocketErrorE
FN:207,218,_ZN6PlayerD0Ev
FN:207,218,_ZN6PlayerD2Ev
FN:30,60,_ZN6Player11onReadyReadEv
FN:4,8,_ZN6PlayerC2ExP7QObject
FN:61,76,_ZN6Player11sendMessageERK10QByteArray
FN:78,85,_ZN6Player13setProfilePicERK10QByteArray
FN:87,156,_ZN6Player14processMessageE11MessageTypeRK10QByteArray
FNDA:0,_ZN6Player3runEv
FNDA:5,_ZN6Player10sendSignalE10QByteArray
FNDA:0,_ZN6Player17sendDrawingUpdateERK10QByteArray
FNDA:16,_ZN6Player11setNicknameERK7QString
FNDA:9,_ZNK6Player11getNicknameEv
FNDA:0,_ZN6Player14onDisconnectedEv
FNDA:0,_ZN6Player15onErrorOccurredEN15QAbstractSocket11SocketErrorE
FNDA:16,_ZN6PlayerD0Ev
FNDA:16,_ZN6PlayerD2Ev
FNDA:0,_ZN6Player11onReadyReadEv
FNDA:16,_ZN6PlayerC2ExP7QObject
FNDA:0,_ZN6Player11sendMessageERK10QByteArray
FNDA:0,_ZN6Player13setProfilePicERK10QByteArray
FNDA:0,_ZN6Player14processMessageE11MessageTypeRK10QByteArray
FNF:14
FNH:6
BRDA:7,0,0,16
BRDA:7,e0,1,0
BRDA:7,0,2,16
BRDA:7,e0,3,0
BRDA:7,0,4,0
BRDA:7,0,5,0
BRDA:12,0,0,-
BRDA:12,e0,1,-
BRDA:12,0,2,-
BRDA:12,0,3,-
BRDA:15,0,0,-
BRDA:15,e0,1,-
BRDA:16,0,0,-
BRDA:16,e0,1,-
BRDA:17,0,0,-
BRDA:17,e0,1,-
BRDA:18,0,0,-
BRDA:18,e0,1,-
BRDA:18,0,2,-
BRDA:18,0,3,-
BRDA:19,0,0,-
BRDA:19,e0,1,-
BRDA:19,0,2,-
BRDA:19,e0,3,-
BRDA:19,0,4,-
BRDA:19,e0,5,-
BRDA:34,0,0,-
BRDA:34,e0,1,-
BRDA:35,0,0,-
BRDA:35,e0,1,-
BRDA:35,0,2,-
BRDA:35,0,3,-
BRDA:36,0,0,-
BRDA:36,0,1,-
BRDA:36,0,2,-
BRDA:36,e0,3,-
BRDA:36,0,4,-
BRDA:36,0,5,-
BRDA:36,0,6,-
BRDA:36,0,7,-
BRDA:38,0,0,-
BRDA:38,e0,1,-
BRDA:38,0,2,-
BRDA:38,e0,3,-
BRDA:44,0,0,-
BRDA:44,0,1,-
BRDA:44,0,2,-
BRDA:44,e0,3,-
BRDA:44,0,4,-
BRDA:44,0,5,-
BRDA:44,0,6,-
BRDA:44,0,7,-
BRDA:46,0,0,-
BRDA:46,e0,1,-
BRDA:47,0,0,-
BRDA:47,e0,1,-
BRDA:47,0,2,-
BRDA:47,e0,3,-
BRDA:49,0,0,-
BRDA:49,e0,1,-
BRDA:54,0,0,-
BRDA:54,e0,1,-
BRDA:54,0,2,-
BRDA:54,e0,3,-
BRDA:63,0,0,-
BRDA:63,0,1,-
BRDA:65,0,0,-
BRDA:65,e0,1,-
BRDA:67,0,0,-
BRDA:67,e0,1,-
BRDA:68,0,0,-
BRDA:68,e0,1,-
BRDA:69,0,0,-
BRDA:69,e0,1,-
BRDA:71,0,0,-
BRDA:71,e0,1,-
BRDA:72,0,0,-
BRDA:72,e0,1,-
BRDA:74,0,0,-
BRDA:74,e0,1,-
BRDA:74,0,2,-
BRDA:74,e0,3,-
BRDA:80,0,0,-
BRDA:80,e0,1,-
BRDA:80,0,2,-
BRDA:80,0,3,-
BRDA:81,0,0,-
BRDA:81,e0,1,-
BRDA:81,0,2,-
BRDA:81,e0,3,-
BRDA:83,0,0,-
BRDA:83,e0,1,-
BRDA:88,0,0,-
BRDA:88,0,1,-
BRDA:88,0,2,-
BRDA:88,0,3,-
BRDA:88,0,4,-
BRDA:99,0,0,-
BRDA:99,e0,1,-
BRDA:100,0,0,-
BRDA:100,e0,1,-
BRDA:100,0,2,-
BRDA:100,e0,3,-
BRDA:101,0,0,-
BRDA:101,e0,1,-
BRDA:101,0,2,-
BRDA:101,e0,3,-
BRDA:101,0,4,-
BRDA:101,e0,5,-
BRDA:102,0,0,-
BRDA:102,e0,1,-
BRDA:102,0,2,-
BRDA:102,e0,3,-
BRDA:102,0,4,-
BRDA:102,e0,5,-
BRDA:104,0,0,-
BRDA:104,e0,1,-
BRDA:111,0,0,-
BRDA:111,e0,1,-
BRDA:112,0,0,-
BRDA:112,e0,1,-
BRDA:112,0,2,-
BRDA:112,e0,3,-
BRDA:112,0,4,-
BRDA:112,0,5,-
BRDA:114,0,0,-
BRDA:114,e0,1,-
BRDA:115,0,0,-
BRDA:115,e0,1,-
BRDA:116,0,0,-
BRDA:116,e0,1,-
BRDA:119,0,0,-
BRDA:119,e0,1,-
BRDA:119,0,2,-
BRDA:119,e0,3,-
BRDA:119,0,4,-
BRDA:119,0,5,-
BRDA:121,0,0,-
BRDA:121,e0,1,-
BRDA:122,0,0,-
BRDA:122,e0,1,-
BRDA:123,0,0,-
BRDA:123,e0,1,-
BRDA:126,0,0,-
BRDA:126,0,1,-
BRDA:127,0,0,-
BRDA:127,0,1,-
BRDA:130,0,0,-
BRDA:130,e0,1,-
BRDA:134,0,0,-
BRDA:134,0,1,-
BRDA:135,0,0,-
BRDA:135,e0,1,-
BRDA:138,0,0,-
BRDA:138,0,1,-
BRDA:139,0,0,-
BRDA:139,e0,1,-
BRDA:142,0,0,-
BRDA:142,0,1,-
BRDA:144,0,0,-
BRDA:144,e0,1,-
BRDA:147,0,0,-
BRDA:147,0,1,-
BRDA:149,0,0,-
BRDA:149,e0,1,-
BRDA:152,0,0,-
BRDA:152,0,1,-
BRDA:154,0,0,-
BRDA:154,e0,1,-
BRDA:154,0,2,-
BRDA:154,e0,3,-
BRDA:154,0,4,-
BRDA:154,e0,5,-
BRDA:154,0,6,-
BRDA:154,e0,7,-
BRDA:158,0,0,0
BRDA:158,0,1,5
BRDA:160,0,0,-
BRDA:160,e0,1,-
BRDA:162,0,0,-
BRDA:162,e0,1,-
BRDA:163,0,0,-
BRDA:163,e0,1,-
BRDA:164,0,0,-
BRDA:164,e0,1,-
BRDA:166,0,0,-
BRDA:166,e0,1,-
BRDA:167,0,0,-
BRDA:167,e0,1,-
BRDA:169,0,0,5
BRDA:169,e0,1,0
BRDA:169,0,2,5
BRDA:169,e0,3,0
BRDA:170,0,0,5
BRDA:170,e0,1,0
BRDA:170,0,2,5
BRDA:170,e0,3,0
BRDA:170,0,4,5
BRDA:170,e0,5,0
BRDA:177,0,0,-
BRDA:177,e0,1,-
BRDA:179,0,0,-
BRDA:179,e0,1,-
BRDA:180,0,0,-
BRDA:180,e0,1,-
BRDA:182,0,0,-
BRDA:182,e0,1,-
BRDA:184,0,0,-
BRDA:184,e0,1,-
BRDA:185,0,0,-
BRDA:185,e0,1,-
BRDA:204,0,0,-
BRDA:204,e0,1,-
BRDA:204,0,2,-
BRDA:204,e0,3,-
BRDA:204,0,4,-
BRDA:204,e0,5,-
BRDA:204,0,6,-
BRDA:204,e0,7,-
BRDA:204,0,8,-
BRDA:204,e0,9,-
BRDA:209,0,0,0
BRDA:209,0,1,16
BRDA:214,0,0,16
BRDA:214,0,1,0
BRF:225
BRH:10
DA:4,16
DA:5,16
DA:7,16
DA:8,16
DA:10,0
DA:12,0
DA:13,0
DA:15,0
DA:16,0
DA:17,0
DA:18,0
DA:19,0
DA:20,0
DA:23,0
DA:30,0
DA:32,0
DA:34,0
DA:35,0
DA:36,0
DA:38,0
DA:40,0
DA:41,0
DA:44,0
DA:45,0
DA:46,0
DA:47,0
DA:49,0
DA:51,0
DA:52,0
DA:53,0
DA:54,0
DA:55,0
DA:60,0
DA:61,0
DA:63,0
DA:64,0
DA:65,0
DA:67,0
DA:68,0
DA:69,0
DA:71,0
DA:72,0
DA:73,0
DA:74,0
DA:76,0
DA:78,0
DA:79,0
DA:80,0
DA:81,0
DA:83,0
DA:85,0
DA:87,0
DA:88,0
DA:89,0
DA:90,0
DA:91,0
DA:93,0
DA:95,0
DA:96,0
DA:98,0
DA:99,0
DA:100,0
DA:101,0
DA:102,0
DA:104,0
DA:106,0
DA:107,0
DA:109,0
DA:111,0
DA:112,0
DA:114,0
DA:115,0
DA:116,0
DA:117,0
DA:118,0
DA:119,0
DA:121,0
DA:122,0
DA:123,0
DA:124,0
DA:125,0
DA:126,0
DA:127,0
DA:129,0
DA:130,0
DA:132,0
DA:134,0
DA:135,0
DA:136,0
DA:138,0
DA:139,0
DA:140,0
DA:142,0
DA:144,0
DA:145,0
DA:147,0
DA:149,0
DA:150,0
DA:152,0
DA:154,0
DA:156,0
DA:157,5
DA:158,5
DA:159,0
DA:160,0
DA:162,0
DA:163,0
DA:164,0
DA:166,0
DA:167,0
DA:168,0
DA:169,5
DA:170,5
DA:172,5
DA:174,0
DA:176,0
DA:177,0
DA:179,0
DA:180,0
DA:182,0
DA:184,0
DA:185,0
DA:186,0
DA:188,16
DA:189,16
DA:190,16
DA:192,9
DA:193,9
DA:196,0
DA:198,0
DA:199,0
DA:200,0
DA:202,0
DA:204,0
DA:205,0
DA:207,32
DA:209,16
DA:211,0
DA:212,0
DA:214,16
DA:216,16
DA:218,32
LF:142
LH:19
end_of_record
TN:
SF:/home/jovan/Documents/VS-2/SketchIt/SketchIt/server/points.cpp
FN:12,21,_ZN6Points10initializeEP6Player
FN:22,25,_ZN6Points11erasePlayerEP6Player
FN:27,38,_ZN6Points15newCorrectGuessEP6Playeri
FN:3,10,_ZN6PointsC2E5QListIP6PlayerE
FN:40,43,_ZN6Points15getRoundResultsEv
FN:45,48,_ZN6Points17newRevealedLetterEv
FNDA:4,_ZN6Points10initializeEP6Player
FNDA:2,_ZN6Points11erasePlayerEP6Player
FNDA:4,_ZN6Points15newCorrectGuessEP6Playeri
FNDA:6,_ZN6PointsC2E5QListIP6PlayerE
FNDA:6,_ZN6Points15getRoundResultsEv
FNDA:3,_ZN6Points17newRevealedLetterEv
FNF:6
FNH:6
BRDA:5,0,0,6
BRDA:5,e0,1,0
BRDA:5,0,2,6
BRDA:5,e0,3,0
BRDA:5,0,4,10
BRDA:5,0,5,6
BRDA:7,0,0,10
BRDA:7,e0,1,0
BRDA:18,0,0,4
BRDA:18,e0,1,0
BRDA:18,0,2,12
BRDA:18,e0,3,0
BRDA:18,0,4,8
BRDA:18,0,5,4
BRDA:19,0,0,8
BRDA:19,e0,1,0
BRF:16
BRH:10
DA:3,6
DA:5,16
DA:7,10
DA:10,6
DA:12,4
DA:14,4
DA:15,4
DA:16,4
DA:18,12
DA:19,8
DA:21,4
DA:22,2
DA:24,2
DA:27,4
DA:29,4
DA:30,4
DA:31,4
DA:32,4
DA:34,4
DA:36,4
DA:37,4
DA:38,4
DA:40,6
DA:42,6
DA:45,3
DA:47,3
LF:26
LH:26
end_of_record
TN:
SF:/home/jovan/Documents/VS-2/SketchIt/SketchIt/server/points.h
FNF:0
FNH:0
LF:0
LH:0
end_of_record
TN:
SF:/home/jovan/Documents/VS-2/SketchIt/SketchIt/server/words.cpp
FN:30,45,_ZN5Words9pickWordsEi
FN:4,28,_ZN5WordsC2EP7QObject
FNDA:3,_ZN5Words9pickWordsEi
FNDA:3,_ZN5WordsC2EP7QObject
FNF:2
FNH:2
BRDA:5,0,0,3
BRDA:5,e0,1,0
BRDA:7,0,0,3
BRDA:7,e0,1,0
BRDA:8,0,0,3
BRDA:8,e0,1,0
BRDA:8,0,2,0
BRDA:8,0,3,3
BRDA:10,0,0,-
BRDA:10,e0,1,-
BRDA:10,0,2,-
BRDA:10,e0,3,-
BRDA:10,0,4,-
BRDA:10,e0,5,-
BRDA:13,0,0,3
BRDA:13,e0,1,0
BRDA:14,0,0,699
BRDA:14,e0,1,0
BRDA:14,0,2,696
BRDA:14,0,3,3
BRDA:16,0,0,696
BRDA:16,e0,1,0
BRDA:16,0,2,696
BRDA:16,e0,3,0
BRDA:17,0,0,696
BRDA:17,0,1,0
BRDA:19,0,0,696
BRDA:19,e0,1,0
BRDA:22,0,0,3
BRDA:22,e0,1,0
BRDA:24,0,0,0
BRDA:24,0,1,3
BRDA:26,0,0,-
BRDA:26,e0,1,-
BRDA:35,0,0,18
BRDA:35,0,1,3
BRDA:37,0,0,18
BRDA:37,0,1,0
BRDA:37,0,2,18
BRDA:37,e0,3,0
BRDA:38,0,0,18
BRDA:38,0,1,0
BRDA:40,0,0,18
BRDA:40,e0,1,0
BRDA:41,0,0,18
BRDA:41,e0,1,0
BRDA:41,0,2,18
BRDA:41,e0,3,0
BRF:48
BRH:22
DA:4,3
DA:5,3
DA:7,3
DA:8,3
DA:10,0
DA:13,3
DA:14,699
DA:16,696
DA:17,696
DA:19,696
DA:21,696
DA:22,3
DA:24,3
DA:26,0
DA:28,3
DA:30,3
DA:32,3
DA:33,3
DA:35,21
DA:37,18
DA:38,18
DA:40,18
DA:41,18
DA:44,6
DA:45,3
LF:25
LH:23
end_of_record
TN:
SF:/home/jovan/Documents/VS-2/SketchIt/SketchIt/server/words.h
FNF:0
FNH:0
LF:0
LH:0
end_of_record
TN:
SF:/home/jovan/Documents/VS-2/unit_tests/build/serverlogic_autogen/OUQCYHRRBL/moc_game.cpp
FN:104,141,_ZN4Game18qt_static_metacallEP7QObjectN11QMetaObject4CallEiPPv
FN:143,146,_ZNK4Game10metaObjectEv
FN:148,154,_ZN4Game11qt_metacastEPKc
FN:156,172,_ZN4Game11qt_metacallEN11QMetaObject4CallEiPPv
FN:175,178,_ZN4Game9gameEndedE7QString
FN:181,184,_ZN4Game10roundEndedEv
FN:187,190,_ZN4Game10startTimerEv
FNDA:0,_ZN4Game18qt_static_metacallEP7QObjectN11QMetaObject4CallEiPPv
FNDA:0,_ZNK4Game10metaObjectEv
FNDA:0,_ZN4Game11qt_metacastEPKc
FNDA:0,_ZN4Game11qt_metacallEN11QMetaObject4CallEiPPv
FNDA:0,_ZN4Game9gameEndedE7QString
FNDA:0,_ZN4Game10roundEndedEv
FNDA:0,_ZN4Game10startTimerEv
FNF:7
FNH:0
BRDA:107,0,0,-
BRDA:107,0,1,-
BRDA:108,0,0,-
BRDA:108,0,1,-
BRDA:108,0,2,-
BRDA:108,0,3,-
BRDA:108,0,4,-
BRDA:108,0,5,-
BRDA:108,0,6,-
BRDA:108,0,7,-
BRDA:108,0,8,-
BRDA:108,0,9,-
BRDA:109,0,0,-
BRDA:109,e0,1,-
BRDA:121,0,0,-
BRDA:121,0,1,-
BRDA:122,0,0,-
BRDA:122,0,1,-
BRDA:125,0,0,-
BRDA:125,0,1,-
BRDA:133,0,0,-
BRDA:133,0,1,-
BRDA:134,0,0,-
BRDA:134,0,1,-
BRDA:136,0,0,-
BRDA:136,0,1,-
BRDA:138,0,0,-
BRDA:138,0,1,-
BRDA:145,0,0,-
BRDA:145,0,1,-
BRDA:150,0,0,-
BRDA:150,0,1,-
BRDA:151,0,0,-
BRDA:151,0,1,-
BRDA:159,0,0,-
BRDA:159,0,1,-
BRDA:161,0,0,-
BRDA:161,0,1,-
BRDA:162,0,0,-
BRDA:162,0,1,-
BRDA:166,0,0,-
BRDA:166,0,1,-
BRDA:167,0,0,-
BRDA:167,0,1,-
BRF:44
BRH:0
DA:104,0
DA:106,0
DA:107,0
DA:108,0
DA:109,0
DA:110,0
DA:111,0
DA:112,0
DA:113,0
DA:114,0
DA:115,0
DA:116,0
DA:117,0
DA:118,0
DA:121,0
DA:122,0
DA:123,0
DA:124,0
DA:125,0
DA:126,0
DA:127,0
DA:128,0
DA:130,0
DA:133,0
DA:134,0
DA:135,0
DA:136,0
DA:137,0
DA:138,0
DA:139,0
DA:143,0
DA:145,0
DA:148,0
DA:150,0
DA:151,0
DA:152,0
DA:153,0
DA:156,0
DA:158,0
DA:159,0
DA:160,0
DA:161,0
DA:162,0
DA:163,0
DA:164,0
DA:166,0
DA:167,0
DA:168,0
DA:169,0
DA:171,0
DA:175,0
DA:177,0
DA:178,0
DA:181,0
DA:183,0
DA:184,0
DA:187,0
DA:189,0
DA:190,0
LF:59
LH:0
end_of_record
TN:
SF:/home/jovan/Documents/VS-2/unit_tests/build/serverlogic_autogen/OUQCYHRRBL/moc_leaderboard.cpp
FN:63,70,_ZN11Leaderboard18qt_static_metacallEP7QObjectN11QMetaObject4CallEiPPv
FN:72,75,_ZNK11Leaderboard10metaObjectEv
FN:77,83,_ZN11Leaderboard11qt_metacastEPKc
FN:85,89,_ZN11Leaderboard11qt_metacallEN11QMetaObject4CallEiPPv
FNDA:0,_ZN11Leaderboard18qt_static_metacallEP7QObjectN11QMetaObject4CallEiPPv
FNDA:0,_ZNK11Leaderboard10metaObjectEv
FNDA:0,_ZN11Leaderboard11qt_metacastEPKc
FNDA:0,_ZN11Leaderboard11qt_metacallEN11QMetaObject4CallEiPPv
FNF:4
FNH:0
BRDA:74,0,0,-
BRDA:74,0,1,-
BRDA:79,0,0,-
BRDA:79,0,1,-
BRDA:80,0,0,-
BRDA:80,0,1,-
BRF:6
BRH:0
DA:63,0
DA:65,0
DA:70,0
DA:72,0
DA:74,0
DA:77,0
DA:79,0
DA:80,0
DA:81,0
DA:82,0
DA:85,0
DA:87,0
DA:88,0
LF:13
LH:0
end_of_record
TN:
SF:/home/jovan/Documents/VS-2/unit_tests/build/serverlogic_autogen/OUQCYHRRBL/moc_manager.cpp
FN:114,164,_ZN7Manager18qt_static_metacallEP7QObjectN11QMetaObject4CallEiPPv
FN:166,169,_ZNK7Manager10metaObjectEv
FN:171,177,_ZN7Manager11qt_metacastEPKc
FN:179,195,_ZN7Manager11qt_metacallEN11QMetaObject4CallEiPPv
FN:198,201,_ZN7Manager12wordSelectedERK7QString
FN:204,207,_ZN7Manager15messageReceivedERK7QStringP6Player
FNDA:0,_ZN7Manager18qt_static_metacallEP7QObjectN11QMetaObject4CallEiPPv
FNDA:0,_ZNK7Manager10metaObjectEv
FNDA:0,_ZN7Manager11qt_metacastEPKc
FNDA:0,_ZN7Manager11qt_metacallEN11QMetaObject4CallEiPPv
FNDA:0,_ZN7Manager12wordSelectedERK7QString
FNDA:0,_ZN7Manager15messageReceivedERK7QStringP6Player
FNF:6
FNH:0
BRDA:117,0,0,-
BRDA:117,0,1,-
BRDA:118,0,0,-
BRDA:118,0,1,-
BRDA:118,0,2,-
BRDA:118,0,3,-
BRDA:118,0,4,-
BRDA:118,0,5,-
BRDA:118,0,6,-
BRDA:118,0,7,-
BRDA:118,0,8,-
BRDA:118,0,9,-
BRDA:118,0,10,-
BRDA:127,0,0,-
BRDA:127,e0,1,-
BRDA:132,0,0,-
BRDA:132,0,1,-
BRDA:133,0,0,-
BRDA:133,0,1,-
BRDA:133,0,2,-
BRDA:133,0,3,-
BRDA:136,0,0,-
BRDA:136,0,1,-
BRDA:143,0,0,-
BRDA:143,0,1,-
BRDA:150,0,0,-
BRDA:150,0,1,-
BRDA:158,0,0,-
BRDA:158,0,1,-
BRDA:159,0,0,-
BRDA:159,0,1,-
BRDA:161,0,0,-
BRDA:161,0,1,-
BRDA:168,0,0,-
BRDA:168,0,1,-
BRDA:173,0,0,-
BRDA:173,0,1,-
BRDA:174,0,0,-
BRDA:174,0,1,-
BRDA:182,0,0,-
BRDA:182,0,1,-
BRDA:184,0,0,-
BRDA:184,0,1,-
BRDA:185,0,0,-
BRDA:185,0,1,-
BRDA:189,0,0,-
BRDA:189,0,1,-
BRDA:190,0,0,-
BRDA:190,0,1,-
BRF:49
BRH:0
DA:114,0
DA:116,0
DA:117,0
DA:118,0
DA:119,0
DA:120,0
DA:121,0
DA:122,0
DA:123,0
DA:124,0
DA:125,0
DA:126,0
DA:127,0
DA:128,0
DA:129,0
DA:132,0
DA:133,0
DA:134,0
DA:135,0
DA:136,0
DA:137,0
DA:138,0
DA:139,0
DA:141,0
DA:142,0
DA:143,0
DA:144,0
DA:145,0
DA:146,0
DA:148,0
DA:149,0
DA:150,0
DA:151,0
DA:152,0
DA:153,0
DA:155,0
DA:158,0
DA:159,0
DA:160,0
DA:161,0
DA:162,0
DA:166,0
DA:168,0
DA:171,0
DA:173,0
DA:174,0
DA:175,0
DA:176,0
DA:179,0
DA:181,0
DA:182,0
DA:183,0
DA:184,0
DA:185,0
DA:186,0
DA:187,0
DA:189,0
DA:190,0
DA:191,0
DA:192,0
DA:194,0
DA:198,0
DA:200,0
DA:201,0
DA:204,0
DA:206,0
DA:207,0
LF:67
LH:0
end_of_record
TN:
SF:/home/jovan/Documents/VS-2/unit_tests/build/serverlogic_autogen/OUQCYHRRBL/moc_player.cpp
FN:139,224,_ZN6Player18qt_static_metacallEP7QObjectN11QMetaObject4CallEiPPv
FN:226,229,_ZNK6Player10metaObjectEv
FN:231,237,_ZN6Player11qt_metacastEPKc
FN:239,255,_ZN6Player11qt_metacallEN11QMetaObject4CallEiPPv
FN:258,261,_ZN6Player12disconnectedEPS_
FN:264,267,_ZN6Player15messageReceivedERK7QStringPS_
FN:270,273,_ZN6Player13playerIsReadyEv
FN:276,279,_ZN6Player17passDrawingUpdateERK10QByteArray
FN:282,285,_ZN6Player12wordSelectedERK7QString
FN:288,291,_ZN6Player20revealedWordReceivedERK7QString
FN:294,297,_ZN6Player12confirmedEndEv
FN:300,303,_ZN6Player12readyForTurnEv
FN:306,309,_ZN6Player18requestLeaderboardEPS_
FN:312,315,_ZN6Player11requestGameEPS_
FNDA:8,_ZN6Player18qt_static_metacallEP7QObjectN11QMetaObject4CallEiPPv
FNDA:8,_ZNK6Player10metaObjectEv
FNDA:0,_ZN6Player11qt_metacastEPKc
FNDA:0,_ZN6Player11qt_metacallEN11QMetaObject4CallEiPPv
FNDA:0,_ZN6Player12disconnectedEPS_
FNDA:0,_ZN6Player15messageReceivedERK7QStringPS_
FNDA:0,_ZN6Player13playerIsReadyEv
FNDA:0,_ZN6Player17passDrawingUpdateERK10QByteArray
FNDA:0,_ZN6Player12wordSelectedERK7QString
FNDA:0,_ZN6Player20revealedWordReceivedERK7QString
FNDA:0,_ZN6Player12confirmedEndEv
FNDA:0,_ZN6Player12readyForTurnEv
FNDA:0,_ZN6Player18requestLeaderboardEPS_
FNDA:0,_ZN6Player11requestGameEPS_
FNF:14
FNH:2
BRDA:142,0,0,0
BRDA:142,0,1,8
BRDA:143,0,0,-
BRDA:143,0,1,-
BRDA:143,0,2,-
BRDA:143,0,3,-
BRDA:143,0,4,-
BRDA:143,0,5,-
BRDA:143,0,6,-
BRDA:143,0,7,-
BRDA:143,0,8,-
BRDA:143,0,9,-
BRDA:143,0,10,-
BRDA:143,0,11,-
BRDA:143,0,12,-
BRDA:143,0,13,-
BRDA:143,0,14,-
BRDA:143,0,15,-
BRDA:162,0,0,0
BRDA:162,0,1,8
BRDA:163,0,0,-
BRDA:163,0,1,-
BRDA:163,0,2,-
BRDA:163,0,3,-
BRDA:163,0,4,-
BRDA:163,0,5,-
BRDA:166,0,0,-
BRDA:166,0,1,-
BRDA:173,0,0,-
BRDA:173,0,1,-
BRDA:180,0,0,-
BRDA:180,0,1,-
BRDA:187,0,0,-
BRDA:187,0,1,-
BRDA:194,0,0,-
BRDA:194,0,1,-
BRDA:202,0,0,8
BRDA:202,0,1,0
BRDA:203,0,0,0
BRDA:203,0,1,8
BRDA:205,0,0,4
BRDA:205,0,1,4
BRDA:207,0,0,0
BRDA:207,0,1,4
BRDA:209,0,0,0
BRDA:209,0,1,4
BRDA:211,0,0,4
BRDA:211,0,1,0
BRDA:213,0,0,-
BRDA:213,0,1,-
BRDA:215,0,0,-
BRDA:215,0,1,-
BRDA:217,0,0,-
BRDA:217,0,1,-
BRDA:219,0,0,-
BRDA:219,0,1,-
BRDA:221,0,0,-
BRDA:221,0,1,-
BRDA:228,0,0,0
BRDA:228,0,1,8
BRDA:233,0,0,-
BRDA:233,0,1,-
BRDA:234,0,0,-
BRDA:234,0,1,-
BRDA:242,0,0,-
BRDA:242,0,1,-
BRDA:244,0,0,-
BRDA:244,0,1,-
BRDA:245,0,0,-
BRDA:245,0,1,-
BRDA:249,0,0,-
BRDA:249,0,1,-
BRDA:250,0,0,-
BRDA:250,0,1,-
BRF:74
BRH:10
DA:139,8
DA:141,8
DA:142,8
DA:143,0
DA:144,0
DA:145,0
DA:146,0
DA:147,0
DA:148,0
DA:149,0
DA:150,0
DA:151,0
DA:152,0
DA:153,0
DA:154,0
DA:155,0
DA:156,0
DA:157,0
DA:158,0
DA:159,0
DA:162,8
DA:163,0
DA:164,0
DA:165,0
DA:166,0
DA:167,0
DA:168,0
DA:169,0
DA:171,0
DA:172,0
DA:173,0
DA:174,0
DA:175,0
DA:176,0
DA:178,0
DA:179,0
DA:180,0
DA:181,0
DA:182,0
DA:183,0
DA:185,0
DA:186,0
DA:187,0
DA:188,0
DA:189,0
DA:190,0
DA:192,0
DA:193,0
DA:194,0
DA:195,0
DA:196,0
DA:197,0
DA:199,0
DA:202,8
DA:203,8
DA:204,0
DA:205,8
DA:206,4
DA:207,4
DA:208,0
DA:209,4
DA:210,0
DA:211,4
DA:212,4
DA:213,0
DA:214,0
DA:215,0
DA:216,0
DA:217,0
DA:218,0
DA:219,0
DA:220,0
DA:221,0
DA:222,0
DA:226,8
DA:228,8
DA:231,0
DA:233,0
DA:234,0
DA:235,0
DA:236,0
DA:239,0
DA:241,0
DA:242,0
DA:243,0
DA:244,0
DA:245,0
DA:246,0
DA:247,0
DA:249,0
DA:250,0
DA:251,0
DA:252,0
DA:254,0
DA:258,0
DA:260,0
DA:261,0
DA:264,0
DA:266,0
DA:267,0
DA:270,0
DA:272,0
DA:273,0
DA:276,0
DA:278,0
DA:279,0
DA:282,0
DA:284,0
DA:285,0
DA:288,0
DA:290,0
DA:291,0
DA:294,0
DA:296,0
DA:297,0
DA:300,0
DA:302,0
DA:303,0
DA:306,0
DA:308,0
DA:309,0
DA:312,0
DA:314,0
DA:315,0
LF:124
LH:14
end_of_record
TN:
SF:/home/jovan/Documents/VS-2/unit_tests/build/serverlogic_autogen/OUQCYHRRBL/moc_words.cpp
FN:63,70,_ZN5Words18qt_static_metacallEP7QObjectN11QMetaObject4CallEiPPv
FN:72,75,_ZNK5Words10metaObjectEv
FN:77,83,_ZN5Words11qt_metacastEPKc
FN:85,89,_ZN5Words11qt_metacallEN11QMetaObject4CallEiPPv
FNDA:0,_ZN5Words18qt_static_metacallEP7QObjectN11QMetaObject4CallEiPPv
FNDA:0,_ZNK5Words10metaObjectEv
FNDA:0,_ZN5Words11qt_metacastEPKc
FNDA:0,_ZN5Words11qt_metacallEN11QMetaObject4CallEiPPv
FNF:4
FNH:0
BRDA:74,0,0,-
BRDA:74,0,1,-
BRDA:79,0,0,-
BRDA:79,0,1,-
BRDA:80,0,0,-
BRDA:80,0,1,-
BRF:6
BRH:0
DA:63,0
DA:65,0
DA:70,0
DA:72,0
DA:74,0
DA:77,0
DA:79,0
DA:80,0
DA:81,0
DA:82,0
DA:85,0
DA:87,0
DA:88,0
LF:13
LH:0
end_of_record
TN:
SF:/home/jovan/Documents/VS-2/unit_tests/build/serverlogic_autogen/VDGMSR47WF/qrc_resources.cpp
FN:196,200,_ZL20qResourceFeatureZstdv
FN:210,216,_Z24qInitResources_resourcesv
FN:219,226,_Z27qCleanupResources_resourcesv
FN:235,235,_ZN12_GLOBAL__N_111initializerC2Ev
FN:236,236,_ZN12_GLOBAL__N_111initializerD2Ev
FNDA:3,_ZL20qResourceFeatureZstdv
FNDA:6,_Z24qInitResources_resourcesv
FNDA:3,_Z27qCleanupResources_resourcesv
FNDA:3,_ZN12_GLOBAL__N_111initializerC2Ev
FNDA:3,_ZN12_GLOBAL__N_111initializerD2Ev
FNF:5
FNH:5
DA:196,3
DA:199,3
DA:210,6
DA:212,6
DA:214,6
DA:215,6
DA:219,3
DA:221,3
DA:222,3
DA:224,3
DA:225,3
DA:235,3
DA:236,3
LF:13
LH:13
end_of_record
TN:
SF:/home/jovan/Documents/VS-2/unit_tests/build/tst_hangman_autogen/include/tst_hangman.moc
FN:103,119,_ZN11TestHangman11qt_metacallEN11QMetaObject4CallEiPPv
FN:75,88,_ZN11TestHangman18qt_static_metacallEP7QObjectN11QMetaObject4CallEiPPv
FN:90,93,_ZNK11TestHangman10metaObjectEv
FN:95,101,_ZN11TestHangman11qt_metacastEPKc
FNDA:0,_ZN11TestHangman11qt_metacallEN11QMetaObject4CallEiPPv
FNDA:4,_ZN11TestHangman18qt_static_metacallEP7QObjectN11QMetaObject4CallEiPPv
FNDA:12,_ZNK11TestHangman10metaObjectEv
FNDA:0,_ZN11TestHangman11qt_metacastEPKc
FNF:4
FNH:2
BRDA:78,0,0,4
BRDA:78,0,1,0
BRDA:79,0,0,1
BRDA:79,0,1,1
BRDA:79,0,2,1
BRDA:79,0,3,1
BRDA:79,0,4,0
BRDA:92,0,0,0
BRDA:92,0,1,12
BRDA:97,0,0,-
BRDA:97,0,1,-
BRDA:98,0,0,-
BRDA:98,0,1,-
BRDA:106,0,0,-
BRDA:106,0,1,-
BRDA:108,0,0,-
BRDA:108,0,1,-
BRDA:109,0,0,-
BRDA:109,0,1,-
BRDA:113,0,0,-
BRDA:113,0,1,-
BRDA:114,0,0,-
BRDA:114,0,1,-
BRF:23
BRH:6
DA:75,4
DA:77,4
DA:78,4
DA:79,4
DA:80,1
DA:81,1
DA:82,1
DA:83,1
DA:84,4
DA:88,4
DA:90,12
DA:92,12
DA:95,0
DA:97,0
DA:98,0
DA:99,0
DA:100,0
DA:103,0
DA:105,0
DA:106,0
DA:107,0
DA:108,0
DA:109,0
DA:110,0
DA:111,0
DA:113,0
DA:114,0
DA:115,0
DA:116,0
DA:118,0
LF:30
LH:12
end_of_record
TN:
SF:/home/jovan/Documents/VS-2/unit_tests/build/tst_leaderboard_autogen/include/tst_leaderboard.moc
FN:107,123,_ZN15TestLeaderboard11qt_metacallEN11QMetaObject4CallEiPPv
FN:78,92,_ZN15TestLeaderboard18qt_static_metacallEP7QObjectN11QMetaObject4CallEiPPv
FN:94,97,_ZNK15TestLeaderboard10metaObjectEv
FN:99,105,_ZN15TestLeaderboard11qt_metacastEPKc
FNDA:0,_ZN15TestLeaderboard11qt_metacallEN11QMetaObject4CallEiPPv
FNDA:7,_ZN15TestLeaderboard18qt_static_metacallEP7QObjectN11QMetaObject4CallEiPPv
FNDA:11,_ZNK15TestLeaderboard10metaObjectEv
FNDA:0,_ZN15TestLeaderboard11qt_metacastEPKc
FNF:4
FNH:2
BRDA:81,0,0,7
BRDA:81,0,1,0
BRDA:82,0,0,1
BRDA:82,0,1,3
BRDA:82,0,2,1
BRDA:82,0,3,1
BRDA:82,0,4,1
BRDA:82,0,5,0
BRDA:96,0,0,0
BRDA:96,0,1,11
BRDA:101,0,0,-
BRDA:101,0,1,-
BRDA:102,0,0,-
BRDA:102,0,1,-
BRDA:110,0,0,-
BRDA:110,0,1,-
BRDA:112,0,0,-
BRDA:112,0,1,-
BRDA:113,0,0,-
BRDA:113,0,1,-
BRDA:117,0,0,-
BRDA:117,0,1,-
BRDA:118,0,0,-
BRDA:118,0,1,-
BRF:24
BRH:7
DA:78,7
DA:80,7
DA:81,7
DA:82,7
DA:83,1
DA:84,3
DA:85,1
DA:86,1
DA:87,1
DA:88,7
DA:92,7
DA:94,11
DA:96,11
DA:99,0
DA:101,0
DA:102,0
DA:103,0
DA:104,0
DA:107,0
DA:109,0
DA:110,0
DA:111,0
DA:112,0
DA:113,0
DA:114,0
DA:115,0
DA:117,0
DA:118,0
DA:119,0
DA:120,0
DA:122,0
LF:31
LH:13
end_of_record
TN:
SF:/home/jovan/Documents/VS-2/unit_tests/build/tst_manager_autogen/include/tst_manager.moc
FN:103,109,_ZN11TestManager11qt_metacastEPKc
FN:111,127,_ZN11TestManager11qt_metacallEN11QMetaObject4CallEiPPv
FN:81,96,_ZN11TestManager18qt_static_metacallEP7QObjectN11QMetaObject4CallEiPPv
FN:98,101,_ZNK11TestManager10metaObjectEv
FNDA:0,_ZN11TestManager11qt_metacastEPKc
FNDA:0,_ZN11TestManager11qt_metacallEN11QMetaObject4CallEiPPv
FNDA:6,_ZN11TestManager18qt_static_metacallEP7QObjectN11QMetaObject4CallEiPPv
FNDA:13,_ZNK11TestManager10metaObjectEv
FNF:4
FNH:2
BRDA:84,0,0,6
BRDA:84,0,1,0
BRDA:85,0,0,1
BRDA:85,0,1,1
BRDA:85,0,2,1
BRDA:85,0,3,1
BRDA:85,0,4,1
BRDA:85,0,5,1
BRDA:85,0,6,0
BRDA:100,0,0,0
BRDA:100,0,1,13
BRDA:105,0,0,-
BRDA:105,0,1,-
BRDA:106,0,0,-
BRDA:106,0,1,-
BRDA:114,0,0,-
BRDA:114,0,1,-
BRDA:116,0,0,-
BRDA:116,0,1,-
BRDA:117,0,0,-
BRDA:117,0,1,-
BRDA:121,0,0,-
BRDA:121,0,1,-
BRDA:122,0,0,-
BRDA:122,0,1,-
BRF:25
BRH:8
DA:81,6
DA:83,6
DA:84,6
DA:85,6
DA:86,1
DA:87,1
DA:88,1
DA:89,1
DA:90,1
DA:91,1
DA:92,6
DA:96,6
DA:98,13
DA:100,13
DA:103,0
DA:105,0
DA:106,0
DA:107,0
DA:108,0
DA:111,0
DA:113,0
DA:114,0
DA:115,0
DA:116,0
DA:117,0
DA:118,0
DA:119,0
DA:121,0
DA:122,0
DA:123,0
DA:124,0
DA:126,0
LF:32
LH:14
end_of_record
TN:
SF:/home/jovan/Documents/VS-2/unit_tests/build/tst_points_autogen/include/tst_points.moc
FN:103,109,_ZN10TestPoints11qt_metacastEPKc
FN:111,127,_ZN10TestPoints11qt_metacallEN11QMetaObject4CallEiPPv
FN:81,96,_ZN10TestPoints18qt_static_metacallEP7QObjectN11QMetaObject4CallEiPPv
FN:98,101,_ZNK10TestPoints10metaObjectEv
FNDA:0,_ZN10TestPoints11qt_metacastEPKc
FNDA:0,_ZN10TestPoints11qt_metacallEN11QMetaObject4CallEiPPv
FNDA:6,_ZN10TestPoints18qt_static_metacallEP7QObjectN11QMetaObject4CallEiPPv
FNDA:14,_ZNK10TestPoints10metaObjectEv
FNF:4
FNH:2
BRDA:84,0,0,6
BRDA:84,0,1,0
BRDA:85,0,0,1
BRDA:85,0,1,1
BRDA:85,0,2,1
BRDA:85,0,3,1
BRDA:85,0,4,1
BRDA:85,0,5,1
BRDA:85,0,6,0
BRDA:100,0,0,0
BRDA:100,0,1,14
BRDA:105,0,0,-
BRDA:105,0,1,-
BRDA:106,0,0,-
BRDA:106,0,1,-
BRDA:114,0,0,-
BRDA:114,0,1,-
BRDA:116,0,0,-
BRDA:116,0,1,-
BRDA:117,0,0,-
BRDA:117,0,1,-
BRDA:121,0,0,-
BRDA:121,0,1,-
BRDA:122,0,0,-
BRDA:122,0,1,-
BRF:25
BRH:8
DA:81,6
DA:83,6
DA:84,6
DA:85,6
DA:86,1
DA:87,1
DA:88,1
DA:89,1
DA:90,1
DA:91,1
DA:92,6
DA:96,6
DA:98,14
DA:100,14
DA:103,0
DA:105,0
DA:106,0
DA:107,0
DA:108,0
DA:111,0
DA:113,0
DA:114,0
DA:115,0
DA:116,0
DA:117,0
DA:118,0
DA:119,0
DA:121,0
DA:122,0
DA:123,0
DA:124,0
DA:126,0
LF:32
LH:14
end_of_record
TN:
SF:/home/jovan/Documents/VS-2/unit_tests/build/tst_words_autogen/include/tst_words.moc
FN:103,119,_ZN9TestWords11qt_metacallEN11QMetaObject4CallEiPPv
FN:75,88,_ZN9TestWords18qt_static_metacallEP7QObjectN11QMetaObject4CallEiPPv
FN:90,93,_ZNK9TestWords10metaObjectEv
FN:95,101,_ZN9TestWords11qt_metacastEPKc
FNDA:0,_ZN9TestWords11qt_metacallEN11QMetaObject4CallEiPPv
FNDA:4,_ZN9TestWords18qt_static_metacallEP7QObjectN11QMetaObject4CallEiPPv
FNDA:11,_ZNK9TestWords10metaObjectEv
FNDA:0,_ZN9TestWords11qt_metacastEPKc
FNF:4
FNH:2
BRDA:78,0,0,4
BRDA:78,0,1,0
BRDA:79,0,0,1
BRDA:79,0,1,1
BRDA:79,0,2,1
BRDA:79,0,3,1
BRDA:79,0,4,0
BRDA:92,0,0,0
BRDA:92,0,1,11
BRDA:97,0,0,-
BRDA:97,0,1,-
BRDA:98,0,0,-
BRDA:98,0,1,-
BRDA:106,0,0,-
BRDA:106,0,1,-
BRDA:108,0,0,-
BRDA:108,0,1,-
BRDA:109,0,0,-
BRDA:109,0,1,-
BRDA:113,0,0,-
BRDA:113,0,1,-
BRDA:114,0,0,-
BRDA:114,0,1,-
BRF:23
BRH:6
DA:75,4
DA:77,4
DA:78,4
DA:79,4
DA:80,1
DA:81,1
DA:82,1
DA:83,1
DA:84,4
DA:88,4
DA:90,11
DA:92,11
DA:95,0
DA:97,0
DA:98,0
DA:99,0
DA:100,0
DA:103,0
DA:105,0
DA:106,0
DA:107,0
DA:108,0
DA:109,0
DA:110,0
DA:111,0
DA:113,0
DA:114,0
DA:115,0
DA:116,0
DA:118,0
LF:30
LH:12
end_of_record
TN:
SF:/home/jovan/Documents/VS-2/unit_tests/tests/integration/tst_leaderboard.cpp
FN:19,24,_ZN15TestLeaderboard8mkPlayerERK7QString
FN:26,30,_ZN15TestLeaderboard8seedPathEv
FN:40,46,_ZN15TestLeaderboard12initTestCaseEv
FN:48,52,_ZN15TestLeaderboard4initEv
FN:56,66,_ZN15TestLeaderboard36seedIsSortedDescendingAndCappedAtTenEv
FN:69,82,_ZN15TestLeaderboard24updateAddsNewPlayerToTopEv
FN:85,97,_ZN15TestLeaderboard30updateAccumulatesExistingScoreEv
FN:99,99,main
FNDA:2,_ZN15TestLeaderboard8mkPlayerERK7QString
FNDA:3,_ZN15TestLeaderboard8seedPathEv
FNDA:1,_ZN15TestLeaderboard12initTestCaseEv
FNDA:3,_ZN15TestLeaderboard4initEv
FNDA:1,_ZN15TestLeaderboard36seedIsSortedDescendingAndCappedAtTenEv
FNDA:1,_ZN15TestLeaderboard24updateAddsNewPlayerToTopEv
FNDA:1,_ZN15TestLeaderboard30updateAccumulatesExistingScoreEv
FNDA:1,main
FNF:8
FNH:8
BRDA:21,0,0,2
BRDA:21,e0,1,0
BRDA:21,0,2,0
BRDA:21,0,3,0
BRDA:28,0,0,3
BRDA:28,e0,1,0
BRDA:29,0,0,3
BRDA:29,e0,1,0
BRDA:51,0,0,3
BRDA:51,e0,1,0
BRDA:51,0,2,3
BRDA:51,e0,3,0
BRDA:58,0,0,1
BRDA:58,e0,1,0
BRDA:59,0,0,1
BRDA:59,e0,1,0
BRDA:61,0,0,1
BRDA:61,e0,1,0
BRDA:61,0,2,0
BRDA:61,0,3,1
BRDA:61,0,4,0
BRDA:61,e0,5,0
BRDA:62,0,0,1
BRDA:62,e0,1,0
BRDA:62,0,2,1
BRDA:62,e0,3,0
BRDA:62,0,4,1
BRDA:62,e0,5,0
BRDA:62,0,6,0
BRDA:62,0,7,1
BRDA:62,0,8,0
BRDA:62,e0,9,0
BRDA:63,0,0,1
BRDA:63,e0,1,0
BRDA:63,0,2,1
BRDA:63,e0,3,0
BRDA:63,0,4,0
BRDA:63,0,5,1
BRDA:63,0,6,0
BRDA:63,e0,7,0
BRDA:64,0,0,9
BRDA:64,0,1,1
BRDA:65,0,0,9
BRDA:65,e0,1,0
BRDA:65,0,2,9
BRDA:65,e0,3,0
BRDA:65,0,4,9
BRDA:65,e0,5,0
BRDA:65,0,6,0
BRDA:65,0,7,9
BRDA:65,0,8,0
BRDA:65,e0,9,0
BRDA:66,0,0,1
BRDA:66,0,1,0
BRDA:66,0,2,1
BRDA:66,0,3,0
BRDA:72,0,0,1
BRDA:72,e0,1,0
BRDA:74,0,0,1
BRDA:74,e0,1,0
BRDA:74,0,2,1
BRDA:74,e0,3,0
BRDA:74,0,4,1
BRDA:74,e0,5,0
BRDA:75,0,0,1
BRDA:75,e0,1,0
BRDA:78,0,0,1
BRDA:78,e0,1,0
BRDA:79,0,0,1
BRDA:79,e0,1,0
BRDA:80,0,0,1
BRDA:80,e0,1,0
BRDA:80,0,2,1
BRDA:80,e0,3,0
BRDA:80,0,4,1
BRDA:80,e0,5,0
BRDA:80,0,6,0
BRDA:80,0,7,1
BRDA:80,0,8,0
BRDA:80,e0,9,0
BRDA:81,0,0,1
BRDA:81,e0,1,0
BRDA:81,0,2,1
BRDA:81,e0,3,0
BRDA:81,0,4,0
BRDA:81,0,5,1
BRDA:81,0,6,0
BRDA:81,e0,7,0
BRDA:82,0,0,1
BRDA:82,0,1,0
BRDA:82,0,2,1
BRDA:82,0,3,0
BRDA:88,0,0,1
BRDA:88,e0,1,0
BRDA:90,0,0,1
BRDA:90,e0,1,0
BRDA:90,0,2,1
BRDA:90,e0,3,0
BRDA:90,0,4,1
BRDA:90,e0,5,0
BRDA:91,0,0,1
BRDA:91,e0,1,0
BRDA:93,0,0,1
BRDA:93,e0,1,0
BRDA:94,0,0,1
BRDA:94,e0,1,0
BRDA:95,0,0,1
BRDA:95,e0,1,0
BRDA:95,0,2,1
BRDA:95,e0,3,0
BRDA:95,0,4,1
BRDA:95,e0,5,0
BRDA:95,0,6,0
BRDA:95,0,7,1
BRDA:95,0,8,0
BRDA:95,e0,9,0
BRDA:96,0,0,1
BRDA:96,e0,1,0
BRDA:96,0,2,1
BRDA:96,e0,3,0
BRDA:96,0,4,0
BRDA:96,0,5,1
BRDA:96,0,6,0
BRDA:96,e0,7,0
BRDA:97,0,0,1
BRDA:97,0,1,0
BRDA:97,0,2,1
BRDA:97,0,3,0
BRDA:97,0,4,1
BRDA:97,0,5,0
BRDA:97,0,6,1
BRDA:97,0,7,0
BRDA:99,0,0,1
BRDA:99,e0,1,0
BRDA:99,0,2,1
BRDA:99,e0,3,0
BRDA:99,0,4,1
BRDA:99,e0,5,0
BRDA:99,0,6,1
BRDA:99,e0,7,0
BRDA:99,0,8,1
BRDA:99,e0,9,0
BRF:142
BRH:63
DA:19,2
DA:21,2
DA:22,2
DA:23,2
DA:26,3
DA:28,6
DA:29,6
DA:40,1
DA:42,1
DA:45,1
DA:46,1
DA:48,3
DA:51,3
DA:52,3
DA:56,1
DA:58,1
DA:59,1
DA:61,1
DA:62,1
DA:63,1
DA:64,10
DA:65,9
DA:66,1
DA:69,1
DA:72,1
DA:73,1
DA:74,1
DA:75,1
DA:76,1
DA:78,1
DA:79,1
DA:80,1
DA:81,1
DA:82,1
DA:85,1
DA:88,1
DA:89,1
DA:90,1
DA:91,1
DA:93,1
DA:94,1
DA:95,1
DA:96,1
DA:97,1
DA:99,1
LF:45
LH:45
end_of_record
TN:
SF:/home/jovan/Documents/VS-2/unit_tests/tests/integration/tst_manager.cpp
FN:17,22,_ZN11TestManager8mkPlayerERK7QString
FN:33,37,_ZN11TestManager12initTestCaseEv
FN:39,43,_ZN11TestManager17rosterStartsEmptyEv
FN:45,52,_ZN11TestManager20addPlayerGrowsRosterEv
FN:54,60,_ZN11TestManager16lookupByNicknameEv
FN:62,67,_ZN11TestManager24lookupMissingReturnsNullEv
FN:69,73,_ZN11TestManager23gameNotRunningInitiallyEv
FN:75,75,main
FNDA:4,_ZN11TestManager8mkPlayerERK7QString
FNDA:1,_ZN11TestManager12initTestCaseEv
FNDA:1,_ZN11TestManager17rosterStartsEmptyEv
FNDA:1,_ZN11TestManager20addPlayerGrowsRosterEv
FNDA:1,_ZN11TestManager16lookupByNicknameEv
FNDA:1,_ZN11TestManager24lookupMissingReturnsNullEv
FNDA:1,_ZN11TestManager23gameNotRunningInitiallyEv
FNDA:1,main
FNF:8
FNH:8
BRDA:19,0,0,4
BRDA:19,e0,1,0
BRDA:19,0,2,0
BRDA:19,0,3,0
BRDA:41,0,0,1
BRDA:41,e0,1,0
BRDA:42,0,0,1
BRDA:42,e0,1,0
BRDA:42,0,2,1
BRDA:42,e0,3,0
BRDA:42,0,4,0
BRDA:42,0,5,1
BRDA:42,0,6,0
BRDA:42,e0,7,0
BRDA:43,0,0,1
BRDA:43,0,1,0
BRDA:47,0,0,1
BRDA:47,e0,1,0
BRDA:48,0,0,1
BRDA:48,e0,1,0
BRDA:48,0,2,1
BRDA:48,e0,3,0
BRDA:48,0,4,1
BRDA:48,e0,5,0
BRDA:49,0,0,1
BRDA:49,e0,1,0
BRDA:49,0,2,1
BRDA:49,e0,3,0
BRDA:49,0,4,1
BRDA:49,e0,5,0
BRDA:50,0,0,1
BRDA:50,e0,1,0
BRDA:50,0,2,1
BRDA:50,e0,3,0
BRDA:50,0,4,0
BRDA:50,0,5,1
BRDA:50,0,6,0
BRDA:50,e0,7,0
BRDA:51,0,0,1
BRDA:51,e0,1,0
BRDA:51,0,2,1
BRDA:51,e0,3,0
BRDA:51,0,4,0
BRDA:51,0,5,1
BRDA:51,0,6,0
BRDA:51,e0,7,0
BRDA:52,0,0,1
BRDA:52,0,1,0
BRDA:56,0,0,1
BRDA:56,e0,1,0
BRDA:57,0,0,1
BRDA:57,e0,1,0
BRDA:57,0,2,1
BRDA:57,e0,3,0
BRDA:58,0,0,1
BRDA:58,e0,1,0
BRDA:59,0,0,1
BRDA:59,e0,1,0
BRDA:59,0,2,1
BRDA:59,e0,3,0
BRDA:59,0,4,1
BRDA:59,e0,5,0
BRDA:59,0,6,0
BRDA:59,0,7,1
BRDA:59,0,8,0
BRDA:59,e0,9,0
BRDA:60,0,0,1
BRDA:60,0,1,0
BRDA:64,0,0,1
BRDA:64,e0,1,0
BRDA:65,0,0,1
BRDA:65,e0,1,0
BRDA:65,0,2,1
BRDA:65,e0,3,0
BRDA:65,0,4,1
BRDA:65,e0,5,0
BRDA:66,0,0,1
BRDA:66,e0,1,0
BRDA:66,0,2,1
BRDA:66,e0,3,0
BRDA:66,0,4,1
BRDA:66,e0,5,0
BRDA:66,0,6,0
BRDA:66,0,7,1
BRDA:66,0,8,0
BRDA:66,e0,9,0
BRDA:67,0,0,1
BRDA:67,0,1,0
BRDA:71,0,0,1
BRDA:71,e0,1,0
BRDA:72,0,0,1
BRDA:72,e0,1,0
BRDA:72,0,2,1
BRDA:72,e0,3,0
BRDA:72,0,4,0
BRDA:72,0,5,1
BRDA:72,0,6,0
BRDA:72,e0,7,0
BRDA:73,0,0,1
BRDA:73,0,1,0
BRDA:75,0,0,1
BRDA:75,e0,1,0
BRDA:75,0,2,1
BRDA:75,e0,3,0
BRDA:75,0,4,1
BRDA:75,e0,5,0
BRDA:75,0,6,1
BRDA:75,e0,7,0
BRDA:75,0,8,1
BRDA:75,e0,9,0
BRF:110
BRH:48
DA:17,4
DA:19,4
DA:20,4
DA:21,4
DA:33,1
DA:35,1
DA:36,1
DA:37,1
DA:39,1
DA:41,1
DA:42,1
DA:43,1
DA:45,1
DA:47,1
DA:48,1
DA:49,1
DA:50,1
DA:51,1
DA:52,1
DA:54,1
DA:56,1
DA:57,1
DA:58,1
DA:59,1
DA:60,1
DA:62,1
DA:64,1
DA:65,1
DA:66,1
DA:67,1
DA:69,1
DA:71,1
DA:72,1
DA:73,1
DA:75,1
LF:35
LH:35
end_of_record
TN:
SF:/home/jovan/Documents/VS-2/unit_tests/tests/integration/tst_words.cpp
FN:29,32,_ZN9TestWords12initTestCaseEv
FN:34,38,_ZN9TestWords19picksRequestedCountEv
FN:48,55,_ZN9TestWords22picksAreFromDictionaryEv
FN:57,61,_ZN9TestWords18defaultPickIsThreeEv
FN:63,63,main
FNDA:1,_ZN9TestWords12initTestCaseEv
FNDA:1,_ZN9TestWords19picksRequestedCountEv
FNDA:1,_ZN9TestWords22picksAreFromDictionaryEv
FNDA:1,_ZN9TestWords18defaultPickIsThreeEv
FNDA:1,main
FNF:5
FNH:5
BRDA:36,0,0,1
BRDA:36,e0,1,0
BRDA:37,0,0,1
BRDA:37,e0,1,0
BRDA:37,0,2,1
BRDA:37,e0,3,0
BRDA:37,0,4,0
BRDA:37,0,5,1
BRDA:37,0,6,0
BRDA:37,e0,7,0
BRDA:38,0,0,1
BRDA:38,0,1,0
BRDA:50,0,0,1
BRDA:50,e0,1,0
BRDA:51,0,0,1
BRDA:51,e0,1,0
BRDA:52,0,0,1
BRDA:52,e0,1,0
BRDA:52,0,2,0
BRDA:52,0,3,1
BRDA:52,0,4,0
BRDA:52,e0,5,0
BRDA:53,0,0,1
BRDA:53,e0,1,0
BRDA:53,0,2,1
BRDA:53,e0,3,0
BRDA:53,0,4,10
BRDA:53,0,5,1
BRDA:54,0,0,10
BRDA:54,0,1,0
BRDA:54,0,2,10
BRDA:54,e0,3,0
BRDA:54,0,4,0
BRDA:54,0,5,10
BRDA:54,0,6,0
BRDA:54,e0,7,0
BRDA:54,0,8,0
BRDA:54,e0,9,0
BRDA:54,0,10,0
BRDA:54,0,11,0
BRDA:54,0,12,0
BRDA:54,e0,13,0
BRDA:55,0,0,1
BRDA:55,0,1,0
BRDA:55,0,2,1
BRDA:55,0,3,0
BRDA:59,0,0,1
BRDA:59,e0,1,0
BRDA:60,0,0,1
BRDA:60,e0,1,0
BRDA:60,0,2,1
BRDA:60,e0,3,0
BRDA:60,0,4,0
BRDA:60,0,5,1
BRDA:60,0,6,0
BRDA:60,e0,7,0
BRDA:61,0,0,1
BRDA:61,0,1,0
BRDA:63,0,0,1
BRDA:63,e0,1,0
BRDA:63,0,2,1
BRDA:63,e0,3,0
BRDA:63,0,4,1
BRDA:63,e0,5,0
BRDA:63,0,6,1
BRDA:63,e0,7,0
BRDA:63,0,8,1
BRDA:63,e0,9,0
BRF:68
BRH:28
DA:29,1
DA:31,1
DA:32,1
DA:34,1
DA:36,1
DA:37,1
DA:38,1
DA:48,1
DA:50,1
DA:51,1
DA:52,1
DA:53,11
DA:54,10
DA:55,1
DA:57,1
DA:59,1
DA:60,1
DA:61,1
DA:63,1
LF:19
LH:19
end_of_record
TN:
SF:/home/jovan/Documents/VS-2/unit_tests/tests/unit/tst_hangman.cpp
FN:22,27,_ZN11TestHangman24maskedFormatForMultiCharEv
FN:30,37,_ZN11TestHangman14singleCharWordEv
FN:41,53,_ZN11TestHangman18revealAllCompletesEv
FN:58,72,_ZN11TestHangman28emptyWordIsRejectedOrCrashesEv
FN:74,74,main
FNDA:1,_ZN11TestHangman24maskedFormatForMultiCharEv
FNDA:1,_ZN11TestHangman14singleCharWordEv
FNDA:1,_ZN11TestHangman18revealAllCompletesEv
FNDA:1,_ZN11TestHangman28emptyWordIsRejectedOrCrashesEv
FNDA:1,main
FNF:5
FNH:5
BRDA:24,0,0,1
BRDA:24,e0,1,0
BRDA:24,0,2,1
BRDA:24,e0,3,0
BRDA:25,0,0,1
BRDA:25,e0,1,0
BRDA:25,0,2,1
BRDA:25,e0,3,0
BRDA:25,0,4,1
BRDA:25,e0,5,0
BRDA:25,0,6,1
BRDA:25,e0,7,0
BRDA:25,0,8,0
BRDA:25,0,9,1
BRDA:25,0,10,0
BRDA:25,e0,11,0
BRDA:26,0,0,1
BRDA:26,e0,1,0
BRDA:26,0,2,1
BRDA:26,e0,3,0
BRDA:26,0,4,0
BRDA:26,0,5,1
BRDA:26,0,6,0
BRDA:26,e0,7,0
BRDA:27,0,0,1
BRDA:27,0,1,0
BRDA:32,0,0,1
BRDA:32,e0,1,0
BRDA:32,0,2,1
BRDA:32,e0,3,0
BRDA:33,0,0,1
BRDA:33,e0,1,0
BRDA:33,0,2,1
BRDA:33,e0,3,0
BRDA:33,0,4,1
BRDA:33,e0,5,0
BRDA:33,0,6,1
BRDA:33,e0,7,0
BRDA:33,0,8,0
BRDA:33,0,9,1
BRDA:33,0,10,0
BRDA:33,e0,11,0
BRDA:34,0,0,1
BRDA:34,e0,1,0
BRDA:35,0,0,1
BRDA:35,e0,1,0
BRDA:35,0,2,1
BRDA:35,e0,3,0
BRDA:35,0,4,1
BRDA:35,e0,5,0
BRDA:35,0,6,1
BRDA:35,e0,7,0
BRDA:35,0,8,0
BRDA:35,0,9,1
BRDA:35,0,10,0
BRDA:35,e0,11,0
BRDA:36,0,0,1
BRDA:36,e0,1,0
BRDA:36,0,2,1
BRDA:36,e0,3,0
BRDA:36,0,4,0
BRDA:36,0,5,1
BRDA:36,0,6,0
BRDA:36,e0,7,0
BRDA:37,0,0,1
BRDA:37,0,1,0
BRDA:43,0,0,1
BRDA:43,e0,1,0
BRDA:44,0,0,1
BRDA:44,e0,1,0
BRDA:45,0,0,3
BRDA:45,0,1,1
BRDA:46,0,0,3
BRDA:46,e0,1,0
BRDA:48,0,0,1
BRDA:48,e0,1,0
BRDA:48,0,2,1
BRDA:48,e0,3,0
BRDA:48,0,4,0
BRDA:48,0,5,1
BRDA:48,0,6,0
BRDA:48,e0,7,0
BRDA:49,0,0,1
BRDA:49,e0,1,0
BRDA:49,0,2,1
BRDA:49,e0,3,0
BRDA:51,0,0,3
BRDA:51,0,1,1
BRDA:52,0,0,3
BRDA:52,e0,1,0
BRDA:52,0,2,0
BRDA:52,0,3,3
BRDA:52,0,4,0
BRDA:52,e0,5,0
BRDA:53,0,0,1
BRDA:53,0,1,0
BRDA:53,0,2,1
BRDA:53,0,3,0
BRDA:53,0,4,1
BRDA:53,0,5,0
BRDA:62,0,0,1
BRDA:62,e0,1,0
BRDA:62,0,2,0
BRDA:62,e0,3,1
BRDA:64,0,0,0
BRDA:64,0,1,1
BRDA:64,0,2,0
BRDA:69,0,0,1
BRDA:69,0,1,0
BRDA:69,0,2,0
BRDA:69,0,3,1
BRDA:69,0,4,0
BRDA:69,0,5,0
BRDA:74,0,0,1
BRDA:74,e0,1,0
BRDA:74,0,2,1
BRDA:74,e0,3,0
BRDA:74,0,4,1
BRDA:74,e0,5,0
BRDA:74,0,6,1
BRDA:74,e0,7,0
BRDA:74,0,8,1
BRDA:74,e0,9,0
BRF:123
BRH:55
DA:22,1
DA:24,1
DA:25,1
DA:26,1
DA:27,1
DA:30,1
DA:32,1
DA:33,1
DA:34,1
DA:35,1
DA:36,1
DA:37,1
DA:41,1
DA:43,1
DA:44,1
DA:45,4
DA:46,3
DA:48,1
DA:49,1
DA:51,4
DA:52,3
DA:53,1
DA:58,1
DA:60,1
DA:62,2
DA:64,1
DA:65,1
DA:66,1
DA:67,0
DA:68,0
DA:69,1
DA:74,1
LF:32
LH:30
end_of_record
TN:
SF:/home/jovan/Documents/VS-2/unit_tests/tests/unit/tst_points.cpp
FN:104,115,_ZN10TestPoints26drawerKeyWhenUninitializedEv
FN:117,117,main
FN:16,21,_ZN10TestPoints8mkPlayerERK7QString
FN:33,45,_ZN10TestPoints25initializeResetsAllScoresEv
FN:49,61,_ZN10TestPoints20correctGuessFullTimeEv
FN:64,76,_ZN10TestPoints20correctGuessZeroTimeEv
FN:78,88,_ZN10TestPoints23erasePlayerRemovesEntryEv
FN:91,100,_ZN10TestPoints32revealedLetterIncrementsFromZeroEv
FNDA:1,_ZN10TestPoints26drawerKeyWhenUninitializedEv
FNDA:1,main
FNDA:10,_ZN10TestPoints8mkPlayerERK7QString
FNDA:1,_ZN10TestPoints25initializeResetsAllScoresEv
FNDA:1,_ZN10TestPoints20correctGuessFullTimeEv
FNDA:1,_ZN10TestPoints20correctGuessZeroTimeEv
FNDA:1,_ZN10TestPoints23erasePlayerRemovesEntryEv
FNDA:1,_ZN10TestPoints32revealedLetterIncrementsFromZeroEv
FNF:8
FNH:8
BRDA:18,0,0,10
BRDA:18,e0,1,0
BRDA:18,0,2,0
BRDA:18,0,3,0
BRDA:35,0,0,1
BRDA:35,e0,1,0
BRDA:35,0,2,1
BRDA:35,e0,3,0
BRDA:36,0,0,1
BRDA:36,e0,1,0
BRDA:36,0,2,1
BRDA:36,e0,3,0
BRDA:37,0,0,1
BRDA:37,e0,1,0
BRDA:37,0,2,1
BRDA:37,e0,3,0
BRDA:39,0,0,1
BRDA:39,e0,1,0
BRDA:40,0,0,1
BRDA:40,e0,1,0
BRDA:42,0,0,1
BRDA:42,e0,1,0
BRDA:43,0,0,1
BRDA:43,e0,1,0
BRDA:43,0,2,1
BRDA:43,e0,3,0
BRDA:43,0,4,0
BRDA:43,0,5,1
BRDA:43,0,6,0
BRDA:43,e0,7,0
BRDA:44,0,0,1
BRDA:44,e0,1,0
BRDA:44,0,2,1
BRDA:44,e0,3,0
BRDA:44,0,4,0
BRDA:44,0,5,1
BRDA:44,0,6,0
BRDA:44,e0,7,0
BRDA:45,0,0,1
BRDA:45,0,1,0
BRDA:45,0,2,1
BRDA:45,0,3,0
BRDA:51,0,0,1
BRDA:51,e0,1,0
BRDA:51,0,2,1
BRDA:51,e0,3,0
BRDA:52,0,0,1
BRDA:52,e0,1,0
BRDA:52,0,2,1
BRDA:52,e0,3,0
BRDA:53,0,0,1
BRDA:53,e0,1,0
BRDA:53,0,2,1
BRDA:53,e0,3,0
BRDA:54,0,0,1
BRDA:54,e0,1,0
BRDA:56,0,0,1
BRDA:56,e0,1,0
BRDA:58,0,0,1
BRDA:58,e0,1,0
BRDA:59,0,0,1
BRDA:59,e0,1,0
BRDA:59,0,2,1
BRDA:59,e0,3,0
BRDA:59,0,4,0
BRDA:59,0,5,1
BRDA:59,0,6,0
BRDA:59,e0,7,0
BRDA:60,0,0,1
BRDA:60,e0,1,0
BRDA:60,0,2,1
BRDA:60,e0,3,0
BRDA:60,0,4,0
BRDA:60,0,5,1
BRDA:60,0,6,0
BRDA:60,e0,7,0
BRDA:61,0,0,1
BRDA:61,0,1,0
BRDA:61,0,2,1
BRDA:61,0,3,0
BRDA:66,0,0,1
BRDA:66,e0,1,0
BRDA:66,0,2,1
BRDA:66,e0,3,0
BRDA:67,0,0,1
BRDA:67,e0,1,0
BRDA:67,0,2,1
BRDA:67,e0,3,0
BRDA:68,0,0,1
BRDA:68,e0,1,0
BRDA:68,0,2,1
BRDA:68,e0,3,0
BRDA:69,0,0,1
BRDA:69,e0,1,0
BRDA:71,0,0,1
BRDA:71,e0,1,0
BRDA:73,0,0,1
BRDA:73,e0,1,0
BRDA:74,0,0,1
BRDA:74,e0,1,0
BRDA:74,0,2,1
BRDA:74,e0,3,0
BRDA:74,0,4,0
BRDA:74,0,5,1
BRDA:74,0,6,0
BRDA:74,e0,7,0
BRDA:75,0,0,1
BRDA:75,e0,1,0
BRDA:75,0,2,1
BRDA:75,e0,3,0
BRDA:75,0,4,0
BRDA:75,0,5,1
BRDA:75,0,6,0
BRDA:75,e0,7,0
BRDA:76,0,0,1
BRDA:76,0,1,0
BRDA:76,0,2,1
BRDA:76,0,3,0
BRDA:80,0,0,1
BRDA:80,e0,1,0
BRDA:80,0,2,1
BRDA:80,e0,3,0
BRDA:81,0,0,1
BRDA:81,e0,1,0
BRDA:81,0,2,1
BRDA:81,e0,3,0
BRDA:82,0,0,1
BRDA:82,e0,1,0
BRDA:82,0,2,1
BRDA:82,e0,3,0
BRDA:84,0,0,1
BRDA:84,e0,1,0
BRDA:84,0,2,1
BRDA:84,e0,3,0
BRDA:84,0,4,0
BRDA:84,0,5,1
BRDA:84,0,6,0
BRDA:84,e0,7,0
BRDA:85,0,0,1
BRDA:85,e0,1,0
BRDA:85,0,2,1
BRDA:85,e0,3,0
BRDA:85,0,4,0
BRDA:85,0,5,1
BRDA:85,0,6,0
BRDA:85,e0,7,0
BRDA:86,0,0,1
BRDA:86,e0,1,0
BRDA:86,0,2,1
BRDA:86,e0,3,0
BRDA:86,0,4,1
BRDA:86,e0,5,0
BRDA:86,0,6,0
BRDA:86,0,7,1
BRDA:86,0,8,0
BRDA:86,e0,9,0
BRDA:87,0,0,1
BRDA:87,e0,1,0
BRDA:87,0,2,1
BRDA:87,e0,3,0
BRDA:87,0,4,1
BRDA:87,e0,5,0
BRDA:87,0,6,0
BRDA:87,0,7,1
BRDA:87,0,8,0
BRDA:87,e0,9,0
BRDA:88,0,0,1
BRDA:88,0,1,0
BRDA:93,0,0,1
BRDA:93,e0,1,0
BRDA:93,0,2,1
BRDA:93,e0,3,0
BRDA:94,0,0,1
BRDA:94,e0,1,0
BRDA:94,0,2,1
BRDA:94,e0,3,0
BRDA:95,0,0,1
BRDA:95,e0,1,0
BRDA:97,0,0,1
BRDA:97,e0,1,0
BRDA:97,0,2,1
BRDA:97,e0,3,0
BRDA:97,0,4,0
BRDA:97,0,5,1
BRDA:97,0,6,0
BRDA:97,e0,7,0
BRDA:98,0,0,1
BRDA:98,e0,1,0
BRDA:98,0,2,1
BRDA:98,e0,3,0
BRDA:98,0,4,0
BRDA:98,0,5,1
BRDA:98,0,6,0
BRDA:98,e0,7,0
BRDA:99,0,0,1
BRDA:99,e0,1,0
BRDA:99,0,2,1
BRDA:99,e0,3,0
BRDA:99,0,4,0
BRDA:99,0,5,1
BRDA:99,0,6,0
BRDA:99,e0,7,0
BRDA:100,0,0,1
BRDA:100,0,1,0
BRDA:106,0,0,1
BRDA:106,e0,1,0
BRDA:106,0,2,1
BRDA:106,e0,3,0
BRDA:107,0,0,1
BRDA:107,e0,1,0
BRDA:107,0,2,1
BRDA:107,e0,3,0
BRDA:110,0,0,1
BRDA:110,e0,1,0
BRDA:112,0,0,1
BRDA:112,e0,1,0
BRDA:113,0,0,1
BRDA:113,e0,1,0
BRDA:113,0,2,1
BRDA:113,0,3,0
BRDA:113,0,4,1
BRDA:113,e0,5,0
BRDA:113,0,6,0
BRDA:113,0,7,1
BRDA:113,0,8,0
BRDA:113,e0,9,0
BRDA:113,0,10,0
BRDA:113,e0,11,0
BRDA:113,0,12,0
BRDA:113,0,13,0
BRDA:113,0,14,0
BRDA:113,e0,15,0
BRDA:115,0,0,1
BRDA:115,0,1,0
BRDA:115,0,2,1
BRDA:115,0,3,0
BRDA:117,0,0,1
BRDA:117,e0,1,0
BRDA:117,0,2,1
BRDA:117,e0,3,0
BRDA:117,0,4,1
BRDA:117,e0,5,0
BRDA:117,0,6,1
BRDA:117,e0,7,0
BRDA:117,0,8,1
BRDA:117,e0,9,0
BRF:246
BRH:105
DA:16,10
DA:18,10
DA:19,10
DA:20,10
DA:33,1
DA:35,1
DA:36,1
DA:37,1
DA:39,1
DA:40,1
DA:42,1
DA:43,1
DA:44,1
DA:45,1
DA:49,1
DA:51,1
DA:52,1
DA:53,1
DA:54,1
DA:56,1
DA:58,1
DA:59,1
DA:60,1
DA:61,1
DA:64,1
DA:66,1
DA:67,1
DA:68,1
DA:69,1
DA:71,1
DA:73,1
DA:74,1
DA:75,1
DA:76,1
DA:78,1
DA:80,1
DA:81,1
DA:82,1
DA:84,1
DA:85,1
DA:86,1
DA:87,1
DA:88,1
DA:91,1
DA:93,1
DA:94,1
DA:95,1
DA:97,1
DA:98,1
DA:99,1
DA:100,1
DA:104,1
DA:106,1
DA:107,1
DA:110,1
DA:112,1
DA:113,1
DA:115,1
DA:117,1
LF:59
LH:59
end_of_record
TN:
SF:/home/jovan/Qt/6.10.2/gcc_64/include/QtCore/q20type_traits.h
FN:53,66,_ZN3q2021is_constant_evaluatedEv
FNDA:0,_ZN3q2021is_constant_evaluatedEv
FNF:1
FNH:0
DA:53,0
DA:62,0
LF:2
LH:0
end_of_record
TN:
SF:/home/jovan/Qt/6.10.2/gcc_64/include/QtCore/qalgorithms.h
FN:416,431,_Z21qCountLeadingZeroBitsy
FN:433,436,_Z21qCountLeadingZeroBitsm
FNDA:18,_Z21qCountLeadingZeroBitsy
FNDA:0,_Z21qCountLeadingZeroBitsm
FNF:2
FNH:1
BRDA:421,0,0,18
BRDA:421,0,1,0
BRF:2
BRH:1
DA:87,18
DA:416,18
DA:421,36
DA:433,0
DA:435,0
LF:5
LH:3
end_of_record
TN:
SF:/home/jovan/Qt/6.10.2/gcc_64/include/QtCore/qanystringview.h
FN:115,131,_ZN14QAnyStringView29isAsciiOnlyCharsAtCompileTimeIK5QCharEEbPT_x
FN:134,143,_ZN14QAnyStringView10encodeTypeI5QCharEEmPKT_x
FN:183,186,_ZN14QAnyStringViewC2I5QCharLb1EEEPKT_x
FNDA:0,_ZN14QAnyStringView29isAsciiOnlyCharsAtCompileTimeIK5QCharEEbPT_x
FNDA:0,_ZN14QAnyStringView10encodeTypeI5QCharEEmPKT_x
FNDA:0,_ZN14QAnyStringViewC2I5QCharLb1EEEPKT_x
FNF:3
FNH:0
BRDA:118,0,0,-
BRDA:118,0,1,-
BRF:2
BRH:0
DA:115,0
DA:118,0
DA:119,0
DA:123,0
DA:134,0
DA:140,0
DA:142,0
DA:183,0
DA:184,0
DA:186,0
LF:10
LH:0
end_of_record
TN:
SF:/home/jovan/Qt/6.10.2/gcc_64/include/QtCore/qarraydata.h
FN:129,148,_ZN15QTypedArrayDataI7QStringE8allocateExN10QArrayData16AllocationOptionE
FN:129,148,_ZN15QTypedArrayDataIP6PlayerE8allocateExN10QArrayData16AllocationOptionE
FN:129,148,_ZN15QTypedArrayDataISt4pairI7QStringiEE8allocateExN10QArrayData16AllocationOptionE
FN:151,157,_ZN15QTypedArrayDataI7QStringE19reallocateUnalignedEPS1_PS0_xN10QArrayData16AllocationOptionE
FN:151,157,_ZN15QTypedArrayDataIP6PlayerE19reallocateUnalignedEPS2_PS1_xN10QArrayData16AllocationOptionE
FN:151,157,_ZN15QTypedArrayDataISt4pairI7QStringiEE19reallocateUnalignedEPS3_PS2_xN10QArrayData16AllocationOptionE
FN:159,163,_ZN15QTypedArrayDataI7QStringE10deallocateEP10QArrayData
FN:159,163,_ZN15QTypedArrayDataIDsE10deallocateEP10QArrayData
FN:159,163,_ZN15QTypedArrayDataIP6PlayerE10deallocateEP10QArrayData
FN:159,163,_ZN15QTypedArrayDataISt4pairI7QStringiEE10deallocateEP10QArrayData
FN:159,163,_ZN15QTypedArrayDataIcE10deallocateEP10QArrayData
FN:165,172,_ZN15QTypedArrayDataI7QStringE9dataStartEP10QArrayDatax
FN:165,172,_ZN15QTypedArrayDataIP6PlayerE9dataStartEP10QArrayDatax
FN:165,172,_ZN15QTypedArrayDataISt4pairI7QStringiEE9dataStartEP10QArrayDatax
FN:165,172,_ZN15QTypedArrayDataIcE9dataStartEP10QArrayDatax
FN:189,219,_ZN9QtPrivate20QContainerImplHelper3midExPxS1_
FN:51,54,_ZNK10QArrayData22constAllocatedCapacityEv
FN:57,61,_ZN10QArrayData3refEv
FN:64,67,_ZN10QArrayData5derefEv
FN:77,80,_ZN10QArrayData11needsDetachEv
FN:82,87,_ZNK10QArrayData14detachCapacityEx
FNDA:6,_ZN15QTypedArrayDataI7QStringE8allocateExN10QArrayData16AllocationOptionE
FNDA:13,_ZN15QTypedArrayDataIP6PlayerE8allocateExN10QArrayData16AllocationOptionE
FNDA:6,_ZN15QTypedArrayDataISt4pairI7QStringiEE8allocateExN10QArrayData16AllocationOptionE
FNDA:26,_ZN15QTypedArrayDataI7QStringE19reallocateUnalignedEPS1_PS0_xN10QArrayData16AllocationOptionE
FNDA:0,_ZN15QTypedArrayDataIP6PlayerE19reallocateUnalignedEPS2_PS1_xN10QArrayData16AllocationOptionE
FNDA:12,_ZN15QTypedArrayDataISt4pairI7QStringiEE19reallocateUnalignedEPS3_PS2_xN10QArrayData16AllocationOptionE
FNDA:6,_ZN15QTypedArrayDataI7QStringE10deallocateEP10QArrayData
FNDA:1936,_ZN15QTypedArrayDataIDsE10deallocateEP10QArrayData
FNDA:9,_ZN15QTypedArrayDataIP6PlayerE10deallocateEP10QArrayData
FNDA:6,_ZN15QTypedArrayDataISt4pairI7QStringiEE10deallocateEP10QArrayData
FNDA:27,_ZN15QTypedArrayDataIcE10deallocateEP10QArrayData
FNDA:812,_ZN15QTypedArrayDataI7QStringE9dataStartEP10QArrayDatax
FNDA:1,_ZN15QTypedArrayDataIP6PlayerE9dataStartEP10QArrayDatax
FNDA:115,_ZN15QTypedArrayDataISt4pairI7QStringiEE9dataStartEP10QArrayDatax
FNDA:0,_ZN15QTypedArrayDataIcE9dataStartEP10QArrayDatax
FNDA:3,_ZN9QtPrivate20QContainerImplHelper3midExPxS1_
FNDA:966,_ZNK10QArrayData22constAllocatedCapacityEv
FNDA:1200,_ZN10QArrayData3refEv
FNDA:3881,_ZN10QArrayData5derefEv
FNDA:1720,_ZN10QArrayData11needsDetachEv
FNDA:0,_ZNK10QArrayData14detachCapacityEx
FNF:21
FNH:18
BRDA:84,0,0,-
BRDA:84,0,1,-
BRDA:84,0,2,-
BRDA:84,0,3,-
BRDA:84,0,4,-
BRDA:84,0,5,-
BRDA:193,0,0,0
BRDA:193,0,1,3
BRDA:199,0,0,0
BRDA:199,0,1,3
BRDA:200,0,0,-
BRDA:200,0,1,-
BRDA:200,0,2,-
BRDA:200,0,3,-
BRDA:205,0,0,-
BRDA:205,0,1,-
BRDA:211,0,0,0
BRDA:211,0,1,3
BRDA:215,0,0,3
BRDA:215,0,1,0
BRDA:215,0,2,0
BRDA:215,0,3,3
BRDA:218,0,0,3
BRDA:218,0,1,0
BRF:24
BRH:6
DA:51,966
DA:53,966
DA:57,1200
DA:59,1200
DA:60,1200
DA:64,3881
DA:66,3881
DA:77,1720
DA:79,1720
DA:82,0
DA:84,0
DA:85,0
DA:86,0
DA:129,25
DA:141,25
DA:145,25
DA:147,25
DA:151,38
DA:155,38
DA:156,38
DA:159,1984
DA:162,1984
DA:163,1984
DA:165,928
DA:169,928
DA:170,928
DA:171,928
DA:189,3
DA:191,3
DA:192,3
DA:193,3
DA:194,0
DA:195,0
DA:196,0
DA:199,3
DA:200,0
DA:201,0
DA:202,0
DA:203,0
DA:205,0
DA:206,0
DA:207,0
DA:209,0
DA:210,0
DA:211,3
DA:212,0
DA:215,3
DA:216,0
DA:218,3
LF:49
LH:31
end_of_record
TN:
SF:/home/jovan/Qt/6.10.2/gcc_64/include/QtCore/qarraydataops.h
FN:142,167,_ZN9QtPrivate12QPodArrayOpsIP6PlayerE7emplaceIJRS2_EEEvxDpOT_
FN:169,188,_ZN9QtPrivate12QPodArrayOpsIP6PlayerE5eraseEPS2_x
FN:259,266,_ZN9QtPrivate12QPodArrayOpsIP6PlayerE10reallocateExN10QArrayData16AllocationOptionE
FN:282,298,_ZN9QtPrivate16QGenericArrayOpsI7QStringE10copyAppendEPKS1_S4_
FN:282,298,_ZN9QtPrivate16QGenericArrayOpsISt4pairI7QStringiEE10copyAppendEPKS3_S6_
FN:314,330,_ZN9QtPrivate16QGenericArrayOpsI7QStringE10moveAppendEPS1_S3_
FN:314,330,_ZN9QtPrivate16QGenericArrayOpsISt4pairI7QStringiEE10moveAppendEPS3_S5_
FN:342,351,_ZN9QtPrivate16QGenericArrayOpsI7QStringE10destroyAllEv
FN:342,351,_ZN9QtPrivate16QGenericArrayOpsISt4pairI7QStringiEE10destroyAllEv
FN:41,53,_ZN9QtPrivate12QPodArrayOpsIP6PlayerE10copyAppendEPKS2_S5_
FN:643,644,_ZN9QtPrivate16QMovableArrayOpsI7QStringE8Inserter10verifyPostEv
FN:643,644,_ZN9QtPrivate16QMovableArrayOpsISt4pairI7QStringiEE8Inserter10verifyPostEv
FN:646,654,_ZN9QtPrivate16QMovableArrayOpsI7QStringE8InserterC2EP17QArrayDataPointerIS1_Exx
FN:646,654,_ZN9QtPrivate16QMovableArrayOpsISt4pairI7QStringiEE8InserterC2EP17QArrayDataPointerIS3_Exx
FN:655,664,_ZN9QtPrivate16QMovableArrayOpsI7QStringE8InserterD2Ev
FN:655,664,_ZN9QtPrivate16QMovableArrayOpsISt4pairI7QStringiEE8InserterD2Ev
FN:68,71,_ZN9QtPrivate12QPodArrayOpsIP6PlayerE10moveAppendEPS2_S4_
FN:686,691,_ZN9QtPrivate16QMovableArrayOpsI7QStringE8Inserter9insertOneEOS1_
FN:686,691,_ZN9QtPrivate16QMovableArrayOpsISt4pairI7QStringiEE8Inserter9insertOneEOS3_
FN:745,774,_ZN9QtPrivate16QMovableArrayOpsI7QStringE7emplaceIJRKS1_EEEvxDpOT_
FN:745,774,_ZN9QtPrivate16QMovableArrayOpsI7QStringE7emplaceIJS1_EEEvxDpOT_
FN:745,774,_ZN9QtPrivate16QMovableArrayOpsISt4pairI7QStringiEE7emplaceIJS3_EEEvxDpOT_
FN:799,806,_ZN9QtPrivate16QMovableArrayOpsI7QStringE10reallocateExN10QArrayData16AllocationOptionE
FN:799,806,_ZN9QtPrivate16QMovableArrayOpsISt4pairI7QStringiEE10reallocateExN10QArrayData16AllocationOptionE
FN:82,89,_ZN9QtPrivate12QPodArrayOpsIDsE10destroyAllEv
FN:82,89,_ZN9QtPrivate12QPodArrayOpsIP6PlayerE10destroyAllEv
FN:82,89,_ZN9QtPrivate12QPodArrayOpsIcE10destroyAllEv
FN:91,107,_ZN9QtPrivate12QPodArrayOpsIP6PlayerE10createHoleEN10QArrayData14GrowthPositionExx
FNDA:4,_ZN9QtPrivate12QPodArrayOpsIP6PlayerE7emplaceIJRS2_EEEvxDpOT_
FNDA:0,_ZN9QtPrivate12QPodArrayOpsIP6PlayerE5eraseEPS2_x
FNDA:0,_ZN9QtPrivate12QPodArrayOpsIP6PlayerE10reallocateExN10QArrayData16AllocationOptionE
FNDA:0,_ZN9QtPrivate16QGenericArrayOpsI7QStringE10copyAppendEPKS1_S4_
FNDA:3,_ZN9QtPrivate16QGenericArrayOpsISt4pairI7QStringiEE10copyAppendEPKS3_S6_
FNDA:0,_ZN9QtPrivate16QGenericArrayOpsI7QStringE10moveAppendEPS1_S3_
FNDA:0,_ZN9QtPrivate16QGenericArrayOpsISt4pairI7QStringiEE10moveAppendEPS3_S5_
FNDA:6,_ZN9QtPrivate16QGenericArrayOpsI7QStringE10destroyAllEv
FNDA:6,_ZN9QtPrivate16QGenericArrayOpsISt4pairI7QStringiEE10destroyAllEv
FNDA:6,_ZN9QtPrivate12QPodArrayOpsIP6PlayerE10copyAppendEPKS2_S5_
FNDA:32,_ZN9QtPrivate16QMovableArrayOpsI7QStringE8Inserter10verifyPostEv
FNDA:15,_ZN9QtPrivate16QMovableArrayOpsISt4pairI7QStringiEE8Inserter10verifyPostEv
FNDA:32,_ZN9QtPrivate16QMovableArrayOpsI7QStringE8InserterC2EP17QArrayDataPointerIS1_Exx
FNDA:15,_ZN9QtPrivate16QMovableArrayOpsISt4pairI7QStringiEE8InserterC2EP17QArrayDataPointerIS3_Exx
FNDA:32,_ZN9QtPrivate16QMovableArrayOpsI7QStringE8InserterD2Ev
FNDA:15,_ZN9QtPrivate16QMovableArrayOpsISt4pairI7QStringiEE8InserterD2Ev
FNDA:0,_ZN9QtPrivate12QPodArrayOpsIP6PlayerE10moveAppendEPS2_S4_
FNDA:32,_ZN9QtPrivate16QMovableArrayOpsI7QStringE8Inserter9insertOneEOS1_
FNDA:15,_ZN9QtPrivate16QMovableArrayOpsISt4pairI7QStringiEE8Inserter9insertOneEOS3_
FNDA:714,_ZN9QtPrivate16QMovableArrayOpsI7QStringE7emplaceIJRKS1_EEEvxDpOT_
FNDA:0,_ZN9QtPrivate16QMovableArrayOpsI7QStringE7emplaceIJS1_EEEvxDpOT_
FNDA:70,_ZN9QtPrivate16QMovableArrayOpsISt4pairI7QStringiEE7emplaceIJS3_EEEvxDpOT_
FNDA:26,_ZN9QtPrivate16QMovableArrayOpsI7QStringE10reallocateExN10QArrayData16AllocationOptionE
FNDA:12,_ZN9QtPrivate16QMovableArrayOpsISt4pairI7QStringiEE10reallocateExN10QArrayData16AllocationOptionE
FNDA:1936,_ZN9QtPrivate12QPodArrayOpsIDsE10destroyAllEv
FNDA:9,_ZN9QtPrivate12QPodArrayOpsIP6PlayerE10destroyAllEv
FNDA:27,_ZN9QtPrivate12QPodArrayOpsIcE10destroyAllEv
FNDA:3,_ZN9QtPrivate12QPodArrayOpsIP6PlayerE10createHoleEN10QArrayData14GrowthPositionExx
FNF:28
FNH:21
BRDA:48,0,0,0
BRDA:48,0,1,6
BRDA:97,0,0,3
BRDA:97,0,1,0
BRDA:98,0,0,0
BRDA:98,0,1,3
BRDA:145,0,0,1
BRDA:145,0,1,3
BRDA:146,0,0,1
BRDA:146,0,1,0
BRDA:146,0,2,1
BRDA:146,0,3,0
BRDA:146,0,4,1
BRDA:146,0,5,0
BRDA:151,0,0,-
BRDA:151,0,1,-
BRDA:151,0,2,-
BRDA:151,0,3,-
BRDA:151,0,4,-
BRDA:151,0,5,-
BRDA:160,0,0,0
BRDA:160,0,1,3
BRDA:160,0,2,0
BRDA:160,0,3,0
BRDA:163,0,0,3
BRDA:163,e0,1,0
BRDA:181,0,0,-
BRDA:181,0,1,-
BRDA:181,0,2,-
BRDA:181,0,3,-
BRDA:181,0,4,-
BRDA:181,0,5,-
BRDA:183,0,0,-
BRDA:183,0,1,-
BRDA:261,0,0,-
BRDA:261,e0,1,-
BRDA:262,0,0,-
BRDA:262,0,1,-
BRDA:289,0,0,0
BRDA:289,0,1,3
BRDA:293,0,0,30
BRDA:293,0,1,3
BRDA:321,0,0,-
BRDA:321,0,1,-
BRDA:325,0,0,-
BRDA:325,0,1,-
BRDA:748,0,0,775
BRDA:748,0,1,9
BRDA:749,0,0,775
BRDA:749,0,1,0
BRDA:749,0,2,737
BRDA:749,0,3,38
BRDA:749,0,4,737
BRDA:749,0,5,38
BRDA:754,0,0,0
BRDA:754,0,1,38
BRDA:754,0,2,0
BRDA:754,0,3,0
BRDA:754,0,4,0
BRDA:754,0,5,38
BRDA:762,0,0,38
BRDA:762,0,1,9
BRDA:762,0,2,0
BRDA:762,0,3,38
BRDA:763,0,0,0
BRDA:763,0,1,47
BRDA:765,0,0,47
BRDA:765,e0,1,0
BRDA:766,0,0,0
BRDA:766,0,1,47
BRDA:772,0,0,47
BRDA:772,e0,1,0
BRDA:801,0,0,38
BRDA:801,e0,1,0
BRDA:802,0,0,0
BRDA:802,0,1,38
BRF:76
BRH:31
DA:41,6
DA:48,6
DA:49,0
DA:51,6
DA:52,6
DA:68,0
DA:70,0
DA:71,0
DA:82,1972
DA:89,1972
DA:91,3
DA:96,3
DA:97,3
DA:98,3
DA:99,0
DA:102,0
DA:103,0
DA:105,3
DA:106,3
DA:142,4
DA:144,4
DA:145,4
DA:146,1
DA:147,1
DA:148,1
DA:149,1
DA:151,0
DA:152,0
DA:153,0
DA:154,0
DA:155,0
DA:158,3
DA:159,3
DA:160,3
DA:161,0
DA:163,3
DA:165,3
DA:166,3
DA:169,0
DA:171,0
DA:181,0
DA:182,0
DA:183,0
DA:184,0
DA:185,0
DA:187,0
DA:188,0
DA:259,0
DA:261,0
DA:262,0
DA:264,0
DA:265,0
DA:266,0
DA:282,3
DA:289,3
DA:290,0
DA:292,3
DA:293,33
DA:294,30
DA:295,30
DA:296,30
DA:314,0
DA:321,0
DA:322,0
DA:324,0
DA:325,0
DA:326,0
DA:327,0
DA:328,0
DA:342,12
DA:350,12
DA:351,12
DA:643,47
DA:644,47
DA:646,47
DA:647,47
DA:648,47
DA:649,47
DA:650,47
DA:651,47
DA:653,47
DA:654,47
DA:655,47
DA:656,47
DA:663,47
DA:664,47
DA:686,47
DA:688,47
DA:689,47
DA:690,47
DA:691,47
DA:745,784
DA:747,784
DA:748,784
DA:749,775
DA:750,737
DA:751,737
DA:752,737
DA:754,38
DA:755,0
DA:756,0
DA:757,0
DA:758,0
DA:761,47
DA:762,47
DA:763,47
DA:765,47
DA:766,47
DA:768,0
DA:769,0
DA:770,0
DA:772,47
DA:774,47
DA:799,38
DA:801,38
DA:802,38
DA:804,38
DA:805,38
DA:806,38
LF:119
LH:75
end_of_record
TN:
SF:/home/jovan/Qt/6.10.2/gcc_64/include/QtCore/qarraydatapointer.h
FN:101,104,_ZNK17QArrayDataPointerIP6PlayerEptEv
FN:101,104,_ZNK17QArrayDataPointerISt4pairI7QStringiEEptEv
FN:106,112,_ZN17QArrayDataPointerI7QStringED2Ev
FN:106,112,_ZN17QArrayDataPointerIDsED2Ev
FN:106,112,_ZN17QArrayDataPointerIP6PlayerED2Ev
FN:106,112,_ZN17QArrayDataPointerISt4pairI7QStringiEED2Ev
FN:106,112,_ZN17QArrayDataPointerIcED2Ev
FN:119,119,_ZN17QArrayDataPointerI7QStringE4dataEv
FN:119,119,_ZN17QArrayDataPointerIP6PlayerE4dataEv
FN:119,119,_ZN17QArrayDataPointerISt4pairI7QStringiEE4dataEv
FN:119,119,_ZN17QArrayDataPointerIcE4dataEv
FN:120,120,_ZNK17QArrayDataPointerI7QStringE4dataEv
FN:120,120,_ZNK17QArrayDataPointerIDsE4dataEv
FN:120,120,_ZNK17QArrayDataPointerIP6PlayerE4dataEv
FN:120,120,_ZNK17QArrayDataPointerISt4pairI7QStringiEE4dataEv
FN:120,120,_ZNK17QArrayDataPointerIcE4dataEv
FN:122,122,_ZN17QArrayDataPointerI7QStringE5beginEv
FN:122,122,_ZN17QArrayDataPointerIP6PlayerE5beginEv
FN:122,122,_ZN17QArrayDataPointerISt4pairI7QStringiEE5beginEv
FN:123,123,_ZN17QArrayDataPointerI7QStringE3endEv
FN:123,123,_ZN17QArrayDataPointerIP6PlayerE3endEv
FN:123,123,_ZN17QArrayDataPointerISt4pairI7QStringiEE3endEv
FN:124,124,_ZNK17QArrayDataPointerI7QStringE5beginEv
FN:124,124,_ZNK17QArrayDataPointerIP6PlayerE5beginEv
FN:124,124,_ZNK17QArrayDataPointerISt4pairI7QStringiEE5beginEv
FN:125,125,_ZNK17QArrayDataPointerI7QStringE3endEv
FN:125,125,_ZNK17QArrayDataPointerIP6PlayerE3endEv
FN:125,125,_ZNK17QArrayDataPointerISt4pairI7QStringiEE3endEv
FN:126,126,_ZNK17QArrayDataPointerIP6PlayerE10constBeginEv
FN:127,127,_ZNK17QArrayDataPointerIP6PlayerE8constEndEv
FN:129,134,_ZN17QArrayDataPointerI7QStringE4swapERS1_
FN:129,134,_ZN17QArrayDataPointerIDsE4swapERS0_
FN:129,134,_ZN17QArrayDataPointerIP6PlayerE4swapERS2_
FN:129,134,_ZN17QArrayDataPointerISt4pairI7QStringiEE4swapERS3_
FN:142,146,_ZN17QArrayDataPointerI7QStringE6detachEPS1_
FN:142,146,_ZN17QArrayDataPointerIP6PlayerE6detachEPS2_
FN:142,146,_ZN17QArrayDataPointerISt4pairI7QStringiEE6detachEPS3_
FN:193,210,_ZN17QArrayDataPointerI7QStringE13detachAndGrowEN10QArrayData14GrowthPositionExPPKS0_PS1_
FN:193,210,_ZN17QArrayDataPointerIP6PlayerE13detachAndGrowEN10QArrayData14GrowthPositionExPPKS1_PS2_
FN:193,210,_ZN17QArrayDataPointerISt4pairI7QStringiEE13detachAndGrowEN10QArrayData14GrowthPositionExPPKS2_PS3_
FN:218,250,_ZN17QArrayDataPointerI7QStringE17reallocateAndGrowEN10QArrayData14GrowthPositionExPS1_
FN:218,250,_ZN17QArrayDataPointerIP6PlayerE17reallocateAndGrowEN10QArrayData14GrowthPositionExPS2_
FN:218,250,_ZN17QArrayDataPointerISt4pairI7QStringiEE17reallocateAndGrowEN10QArrayData14GrowthPositionExPS3_
FN:269,306,_ZN17QArrayDataPointerI7QStringE20tryReadjustFreeSpaceEN10QArrayData14GrowthPositionExPPKS0_
FN:269,306,_ZN17QArrayDataPointerIP6PlayerE20tryReadjustFreeSpaceEN10QArrayData14GrowthPositionExPPKS1_
FN:269,306,_ZN17QArrayDataPointerISt4pairI7QStringiEE20tryReadjustFreeSpaceEN10QArrayData14GrowthPositionExPPKS2_
FN:31,34,_ZN17QArrayDataPointerI7QStringEC1Ev
FN:31,34,_ZN17QArrayDataPointerIDsEC1Ev
FN:31,34,_ZN17QArrayDataPointerIDsEC2Ev
FN:31,34,_ZN17QArrayDataPointerIP6PlayerEC2Ev
FN:31,34,_ZN17QArrayDataPointerISt4pairI7QStringiEEC1Ev
FN:313,321,_ZN17QArrayDataPointerI7QStringE8relocateExPPKS0_
FN:313,321,_ZN17QArrayDataPointerIP6PlayerE8relocateExPPKS1_
FN:313,321,_ZN17QArrayDataPointerISt4pairI7QStringiEE8relocateExPPKS2_
FN:37,41,_ZN17QArrayDataPointerIDsEC2ERKS0_
FN:37,41,_ZN17QArrayDataPointerIP6PlayerEC2ERKS2_
FN:37,41,_ZN17QArrayDataPointerISt4pairI7QStringiEEC2ERKS3_
FN:37,41,_ZN17QArrayDataPointerIcEC2ERKS0_
FN:44,47,_ZN17QArrayDataPointerI7QStringEC2EP15QTypedArrayDataIS0_EPS0_x
FN:44,47,_ZN17QArrayDataPointerIP6PlayerEC2EP15QTypedArrayDataIS1_EPS1_x
FN:44,47,_ZN17QArrayDataPointerISt4pairI7QStringiEEC2EP15QTypedArrayDataIS2_EPS2_x
FN:454,454,_ZNK17QArrayDataPointerI7QStringE22constAllocatedCapacityEv
FN:454,454,_ZNK17QArrayDataPointerIP6PlayerE22constAllocatedCapacityEv
FN:454,454,_ZNK17QArrayDataPointerISt4pairI7QStringiEE22constAllocatedCapacityEv
FN:454,454,_ZNK17QArrayDataPointerIcE22constAllocatedCapacityEv
FN:455,455,_ZN17QArrayDataPointerIDsE3refEv
FN:455,455,_ZN17QArrayDataPointerIP6PlayerE3refEv
FN:455,455,_ZN17QArrayDataPointerISt4pairI7QStringiEE3refEv
FN:455,455,_ZN17QArrayDataPointerIcE3refEv
FN:456,456,_ZN17QArrayDataPointerI7QStringE5derefEv
FN:456,456,_ZN17QArrayDataPointerIDsE5derefEv
FN:456,456,_ZN17QArrayDataPointerIP6PlayerE5derefEv
FN:456,456,_ZN17QArrayDataPointerISt4pairI7QStringiEE5derefEv
FN:456,456,_ZN17QArrayDataPointerIcE5derefEv
FN:460,460,_ZNK17QArrayDataPointerI7QStringE11needsDetachEv
FN:460,460,_ZNK17QArrayDataPointerIP6PlayerE11needsDetachEv
FN:460,460,_ZNK17QArrayDataPointerISt4pairI7QStringiEE11needsDetachEv
FN:460,460,_ZNK17QArrayDataPointerIcE11needsDetachEv
FN:461,461,_ZNK17QArrayDataPointerI7QStringE14detachCapacityEx
FN:461,461,_ZNK17QArrayDataPointerIP6PlayerE14detachCapacityEx
FN:461,461,_ZNK17QArrayDataPointerISt4pairI7QStringiEE14detachCapacityEx
FN:462,462,_ZNK17QArrayDataPointerI7QStringE5flagsEv
FN:462,462,_ZNK17QArrayDataPointerIP6PlayerE5flagsEv
FN:462,462,_ZNK17QArrayDataPointerISt4pairI7QStringiEE5flagsEv
FN:463,463,_ZN17QArrayDataPointerIcE7setFlagE6QFlagsIN10QArrayData11ArrayOptionEE
FN:469,474,_ZNK17QArrayDataPointerI7QStringE16freeSpaceAtBeginEv
FN:469,474,_ZNK17QArrayDataPointerIP6PlayerE16freeSpaceAtBeginEv
FN:469,474,_ZNK17QArrayDataPointerISt4pairI7QStringiEE16freeSpaceAtBeginEv
FN:469,474,_ZNK17QArrayDataPointerIcE16freeSpaceAtBeginEv
FN:476,481,_ZNK17QArrayDataPointerI7QStringE14freeSpaceAtEndEv
FN:476,481,_ZNK17QArrayDataPointerIP6PlayerE14freeSpaceAtEndEv
FN:476,481,_ZNK17QArrayDataPointerISt4pairI7QStringiEE14freeSpaceAtEndEv
FN:484,508,_ZN17QArrayDataPointerI7QStringE12allocateGrowERKS1_xN10QArrayData14GrowthPositionE
FN:484,508,_ZN17QArrayDataPointerIP6PlayerE12allocateGrowERKS2_xN10QArrayData14GrowthPositionE
FN:484,508,_ZN17QArrayDataPointerISt4pairI7QStringiEE12allocateGrowERKS3_xN10QArrayData14GrowthPositionE
FN:50,53,_ZN17QArrayDataPointerIP6PlayerEC2ESt4pairIP15QTypedArrayDataIS1_EPS1_Ex
FN:50,53,_ZN17QArrayDataPointerISt4pairI7QStringiEEC2ES0_IP15QTypedArrayDataIS2_EPS2_Ex
FN:56,60,_ZN17QArrayDataPointerIP6PlayerEC2ExxN10QArrayData16AllocationOptionE
FN:56,60,_ZN17QArrayDataPointerISt4pairI7QStringiEEC2ExxN10QArrayData16AllocationOptionE
FN:77,82,_ZN17QArrayDataPointerI7QStringEC2EOS1_
FN:77,82,_ZN17QArrayDataPointerIDsEC2EOS0_
FN:77,82,_ZN17QArrayDataPointerISt4pairI7QStringiEEC2EOS3_
FN:77,82,_ZN17QArrayDataPointerIcEC2EOS0_
FN:84,84,_ZN17QArrayDataPointerI7QStringEaSEOS1_
FN:91,94,_ZN17QArrayDataPointerI7QStringEptEv
FN:91,94,_ZN17QArrayDataPointerIDsEptEv
FN:91,94,_ZN17QArrayDataPointerIP6PlayerEptEv
FN:91,94,_ZN17QArrayDataPointerISt4pairI7QStringiEEptEv
FN:91,94,_ZN17QArrayDataPointerIcEptEv
FNDA:0,_ZNK17QArrayDataPointerIP6PlayerEptEv
FNDA:6,_ZNK17QArrayDataPointerISt4pairI7QStringiEEptEv
FNDA:12,_ZN17QArrayDataPointerI7QStringED2Ev
FNDA:4021,_ZN17QArrayDataPointerIDsED2Ev
FNDA:19,_ZN17QArrayDataPointerIP6PlayerED2Ev
FNDA:15,_ZN17QArrayDataPointerISt4pairI7QStringiEED2Ev
FNDA:57,_ZN17QArrayDataPointerIcED2Ev
FNDA:1434,_ZN17QArrayDataPointerI7QStringE4dataEv
FNDA:54,_ZN17QArrayDataPointerIP6PlayerE4dataEv
FNDA:173,_ZN17QArrayDataPointerISt4pairI7QStringiEE4dataEv
FNDA:0,_ZN17QArrayDataPointerIcE4dataEv
FNDA:0,_ZNK17QArrayDataPointerI7QStringE4dataEv
FNDA:4480,_ZNK17QArrayDataPointerIDsE4dataEv
FNDA:0,_ZNK17QArrayDataPointerIP6PlayerE4dataEv
FNDA:6,_ZNK17QArrayDataPointerISt4pairI7QStringiEE4dataEv
FNDA:5,_ZNK17QArrayDataPointerIcE4dataEv
FNDA:7,_ZN17QArrayDataPointerI7QStringE5beginEv
FNDA:17,_ZN17QArrayDataPointerIP6PlayerE5beginEv
FNDA:18,_ZN17QArrayDataPointerISt4pairI7QStringiEE5beginEv
FNDA:1403,_ZN17QArrayDataPointerI7QStringE3endEv
FNDA:28,_ZN17QArrayDataPointerIP6PlayerE3endEv
FNDA:134,_ZN17QArrayDataPointerISt4pairI7QStringiEE3endEv
FNDA:0,_ZNK17QArrayDataPointerI7QStringE5beginEv
FNDA:0,_ZNK17QArrayDataPointerIP6PlayerE5beginEv
FNDA:0,_ZNK17QArrayDataPointerISt4pairI7QStringiEE5beginEv
FNDA:0,_ZNK17QArrayDataPointerI7QStringE3endEv
FNDA:0,_ZNK17QArrayDataPointerIP6PlayerE3endEv
FNDA:0,_ZNK17QArrayDataPointerISt4pairI7QStringiEE3endEv
FNDA:0,_ZNK17QArrayDataPointerIP6PlayerE10constBeginEv
FNDA:0,_ZNK17QArrayDataPointerIP6PlayerE8constEndEv
[...]
DA:270,0
DA:273,1643
DA:274,1643
DA:277,1
DA:278,1
DA:281,166
DA:282,166
DA:285,78
DA:287,78
DA:288,78
DA:300,0
DA:302,0
DA:303,0
DA:315,419
DA:316,419
DA:320,85
DA:321,85
DA:343,0
DA:344,0
DA:347,92
DA:348,92
DA:350,366
DA:351,366
DA:354,358
DA:355,358
DA:358,0
DA:359,0
DA:362,104
DA:363,104
DA:366,49
DA:368,49
DA:369,49
DA:373,1
DA:375,1
DA:376,1
DA:377,1
DA:381,0
DA:383,0
DA:384,0
DA:396,15
DA:397,15
DA:401,67
DA:402,67
DA:525,3
DA:526,3
DA:530,3
DA:531,3
DA:549,1444
DA:550,1444
DA:562,361
DA:563,722
DA:566,361
DA:567,361
DA:592,361
DA:596,361
DA:597,361
DA:601,0
DA:603,0
DA:604,0
DA:605,0
DA:607,361
DA:611,361
DA:613,361
DA:614,361
DA:615,361
DA:620,361
DA:625,361
DA:626,361
DA:628,361
DA:631,361
DA:633,361
DA:634,361
DA:635,361
DA:639,0
DA:647,0
DA:648,0
DA:649,0
DA:650,0
DA:651,0
DA:669,23
DA:673,23
DA:674,23
DA:676,0
DA:678,0
DA:679,0
DA:680,0
DA:712,0
DA:713,0
DA:716,0
DA:717,0
DA:720,3
DA:721,3
DA:728,668
DA:729,668
DA:736,427
DA:737,427
DA:740,427
DA:741,427
DA:744,11
DA:747,11
DA:751,1122
DA:752,1122
DA:755,11
DA:756,11
DA:759,3004
DA:777,3004
DA:781,391
DA:782,391
DA:785,14
DA:786,14
DA:789,1915
DA:790,1915
DA:793,9
DA:794,9
DA:797,702
DA:798,702
DA:801,0
DA:802,0
DA:809,0
DA:810,0
DA:889,0
DA:892,0
DA:893,0
DA:894,0
DA:895,0
DA:896,0
DA:900,0
DA:902,0
DA:903,0
DA:930,23
DA:937,0
DA:938,0
DA:940,0
DA:941,0
DA:942,0
DA:985,23
DA:986,23
DA:993,1
DA:994,1
DA:997,34
DA:998,34
DA:1001,4
DA:1002,4
DA:1005,484
DA:1006,484
DA:1009,77
DA:1010,77
DA:1033,361
DA:1034,361
DA:1060,0
DA:1062,0
DA:1063,0
DA:1237,0
DA:1239,0
DA:1240,0
DA:1253,0
DA:1255,0
DA:1256,0
DA:1257,0
DA:1270,358
DA:1271,358
DA:1635,358
DA:1636,358
DA:1637,358
DA:1638,358
DA:1640,358
DA:1642,358
DA:1643,0
DA:1644,358
DA:1651,358
DA:1652,358
DA:1655,358
DA:1657,358
DA:1658,358
DA:1659,358
DA:1818,3
DA:1827,3
DA:1828,6
DA:1829,2
DA:1831,3
DA:1833,3
DA:1834,3
DA:1835,3
DA:1836,3
DA:1892,0
DA:1896,0
DA:1897,0
DA:1901,0
DA:1902,0
DA:1903,0
DA:1904,0
DA:1905,0
DA:1907,0
DA:1909,0
DA:1910,0
DA:1911,0
DA:1912,0
DA:1913,0
DA:1915,0
DA:1916,0
DA:1919,0
DA:1921,0
DA:1922,0
DA:1924,0
DA:1930,383
DA:1934,743
DA:1936,360
DA:1937,360
DA:1938,360
DA:1939,360
DA:1941,383
DA:1947,377
DA:1951,1952
DA:1952,1575
DA:1953,23
DA:1955,1552
DA:1956,377
DA:1963,11
DA:1967,34
DA:1968,23
DA:1969,14
DA:1971,9
DA:1972,11
DA:1979,1
DA:1983,2
DA:1984,1
DA:1985,1
DA:1987,0
DA:1988,1
DA:2013,2
DA:2016,2
DA:2017,2
DA:2018,3
DA:2020,2
DA:2021,0
DA:2022,2
DA:2023,1
DA:2026,1
DA:2027,1
DA:2028,1
DA:2029,1
DA:2030,1
DA:2031,1
DA:2032,2
DA:2035,1
DA:2036,2
DA:2108,26
DA:2112,26
DA:2113,26
DA:2114,26
DA:2115,33
DA:2117,7
DA:2118,7
DA:2119,7
DA:2121,26
DA:2122,26
DA:2124,25
DA:2125,25
DA:2127,0
DA:2129,1
DA:2130,1
DA:2131,0
DA:2162,3
DA:2171,3
DA:2173,3
DA:2175,3
DA:2176,3
DA:2178,3
DA:2181,0
DA:2210,358
DA:2214,358
DA:2218,358
DA:2220,357
DA:2221,357
DA:2222,334
DA:2224,23
DA:2226,1
DA:2229,1
DA:2230,1
DA:2231,1
DA:2232,0
DA:2234,0
DA:2235,0
DA:2237,0
DA:2240,0
DA:2242,0
DA:2245,0
DA:2246,0
DA:2247,0
DA:2248,0
DA:2250,0
DA:2251,0
DA:2253,0
DA:2256,0
DA:2260,0
DA:2271,0
DA:2281,0
DA:2283,0
DA:2284,0
DA:2286,0
DA:2287,0
DA:2377,358
DA:2381,357
DA:2382,715
DA:2383,3
DA:2385,358
DA:2386,358
DA:2387,358
DA:2388,358
DA:2458,358
DA:2462,358
DA:2463,358
DA:2464,358
DA:2465,358
DA:2466,0
DA:2467,358
DA:2489,1
DA:2494,1
DA:2495,1
DA:2496,1
DA:2497,1
DA:2498,1
DA:2503,2
DA:2506,2
DA:2507,0
DA:2509,3
DA:2510,1
DA:2511,2
DA:2516,2
DA:2519,2
DA:2520,2
DA:2521,2
DA:2522,4
DA:2529,18
DA:2532,18
DA:2533,36
DA:2534,18
DA:2535,54
DA:2542,11
DA:2545,11
DA:2546,22
DA:2547,11
DA:2548,33
LF:369
LH:254
end_of_record
TN:
SF:/usr/include/c++/13/bits/stl_uninitialized.h
FN:1114,1134,_ZSt14__relocate_a_1ImmENSt9enable_ifIXsrSt24__is_bitwise_relocatableIT_vE5valueEPS2_E4typeES4_S4_S4_RSaIT0_E
FN:1141,1150,_ZSt12__relocate_aIPmS0_SaImEET0_T_S3_S2_RT1_
FN:660,671,_ZNSt27__uninitialized_default_n_1ILb1EE18__uninit_default_nIPmmEET_S3_T0_
FN:696,713,_ZSt25__uninitialized_default_nIPmmET_S1_T0_
FN:777,779,_ZSt27__uninitialized_default_n_aIPmmmET_S1_T0_RSaIT1_E
FNDA:3,_ZSt14__relocate_a_1ImmENSt9enable_ifIXsrSt24__is_bitwise_relocatableIT_vE5valueEPS2_E4typeES4_S4_S4_RSaIT0_E
FNDA:3,_ZSt12__relocate_aIPmS0_SaImEET0_T_S3_S2_RT1_
FNDA:3,_ZNSt27__uninitialized_default_n_1ILb1EE18__uninit_default_nIPmmEET_S3_T0_
FNDA:3,_ZSt25__uninitialized_default_nIPmmET_S1_T0_
FNDA:3,_ZSt27__uninitialized_default_n_aIPmmmET_S1_T0_RSaIT1_E
FNF:5
FNH:5
BRDA:662,0,0,3
BRDA:662,0,1,0
BRDA:1119,0,0,0
BRDA:1119,0,1,3
BRF:4
BRH:2
DA:660,3
DA:662,3
DA:665,3
DA:666,3
DA:667,3
DA:668,3
DA:670,3
DA:696,3
DA:707,3
DA:712,3
DA:777,3
DA:779,3
DA:1114,3
DA:1118,3
DA:1119,3
DA:1131,0
DA:1133,3
DA:1141,3
DA:1147,3
DA:1149,3
LF:20
LH:19
end_of_record
TN:
SF:/usr/include/c++/13/bits/stl_vector.h
FN:1013,1019,_ZNSt6vectorImSaImEE6resizeEm
FN:1126,1130,_ZNSt6vectorImSaImEEixEm
FN:137,143,_ZNSt12_Vector_baseImSaImEE12_Vector_implC2Ev
FN:1896,1903,_ZNKSt6vectorImSaImEE12_M_check_lenEmPKc
FN:1916,1925,_ZNSt6vectorImSaImEE11_S_max_sizeERKS0_
FN:1933,1942,_ZNSt6vectorImSaImEE15_M_erase_at_endEPm
FN:301,302,_ZNSt12_Vector_baseImSaImEE19_M_get_Tp_allocatorEv
FN:306,307,_ZNKSt12_Vector_baseImSaImEE19_M_get_Tp_allocatorEv
FN:315,315,_ZNSt12_Vector_baseImSaImEEC2Ev
FN:367,371,_ZNSt12_Vector_baseImSaImEED2Ev
FN:378,382,_ZNSt12_Vector_baseImSaImEE11_M_allocateEm
FN:386,391,_ZNSt12_Vector_baseImSaImEE13_M_deallocateEPmm
FN:504,514,_ZNSt6vectorImSaImEE11_S_relocateEPmS2_S2_RS0_
FN:531,531,_ZNSt6vectorImSaImEEC2Ev
FN:733,738,_ZNSt6vectorImSaImEED2Ev
FN:873,874,_ZNSt6vectorImSaImEE5beginEv
FN:893,894,_ZNSt6vectorImSaImEE3endEv
FN:99,101,_ZNSt12_Vector_baseImSaImEE17_Vector_impl_dataC2Ev
FN:992,993,_ZNKSt6vectorImSaImEE4sizeEv
FN:998,999,_ZNKSt6vectorImSaImEE8max_sizeEv
FNDA:3,_ZNSt6vectorImSaImEE6resizeEm
FNDA:4,_ZNSt6vectorImSaImEEixEm
FNDA:3,_ZNSt12_Vector_baseImSaImEE12_Vector_implC2Ev
FNDA:3,_ZNKSt6vectorImSaImEE12_M_check_lenEmPKc
FNDA:12,_ZNSt6vectorImSaImEE11_S_max_sizeERKS0_
FNDA:0,_ZNSt6vectorImSaImEE15_M_erase_at_endEPm
FNDA:9,_ZNSt12_Vector_baseImSaImEE19_M_get_Tp_allocatorEv
FNDA:12,_ZNKSt12_Vector_baseImSaImEE19_M_get_Tp_allocatorEv
FNDA:3,_ZNSt12_Vector_baseImSaImEEC2Ev
FNDA:3,_ZNSt12_Vector_baseImSaImEED2Ev
FNDA:3,_ZNSt12_Vector_baseImSaImEE11_M_allocateEm
FNDA:6,_ZNSt12_Vector_baseImSaImEE13_M_deallocateEPmm
FNDA:3,_ZNSt6vectorImSaImEE11_S_relocateEPmS2_S2_RS0_
FNDA:3,_ZNSt6vectorImSaImEEC2Ev
FNDA:3,_ZNSt6vectorImSaImEED2Ev
FNDA:6,_ZNSt6vectorImSaImEE5beginEv
FNDA:6,_ZNSt6vectorImSaImEE3endEv
FNDA:3,_ZNSt12_Vector_baseImSaImEE17_Vector_impl_dataC2Ev
FNDA:25,_ZNKSt6vectorImSaImEE4sizeEv
FNDA:12,_ZNKSt6vectorImSaImEE8max_sizeEv
FNF:20
FNH:19
BRDA:381,0,0,3
BRDA:381,0,1,0
BRDA:389,0,0,3
BRDA:389,0,1,3
BRDA:1015,0,0,3
BRDA:1015,0,1,0
BRDA:1017,0,0,-
BRDA:1017,0,1,-
BRDA:1898,0,0,0
BRDA:1898,0,1,3
BRDA:1902,0,0,3
BRDA:1902,0,1,0
BRDA:1902,0,2,0
BRDA:1902,0,3,3
BRDA:1935,0,0,-
BRDA:1935,0,1,-
BRF:16
BRH:7
DA:99,3
DA:100,3
DA:101,3
DA:137,3
DA:142,3
DA:143,3
DA:301,9
DA:302,9
DA:306,12
DA:307,12
DA:315,3
DA:367,3
DA:369,3
DA:370,3
DA:371,3
DA:378,3
DA:381,6
DA:386,6
DA:389,6
DA:390,3
DA:391,6
DA:504,3
DA:509,3
DA:531,3
DA:733,3
DA:735,3
DA:736,3
DA:738,3
DA:873,6
DA:874,6
DA:893,6
DA:894,6
DA:992,25
DA:993,25
DA:998,12
DA:999,12
DA:1013,3
DA:1015,3
DA:1016,3
DA:1017,0
DA:1018,0
DA:1019,3
DA:1126,4
DA:1129,4
DA:1896,3
DA:1898,3
DA:1899,0
DA:1901,3
DA:1902,3
DA:1916,12
DA:1921,12
DA:1923,12
DA:1924,12
DA:1933,0
DA:1935,0
DA:1937,0
DA:1938,0
DA:1939,0
DA:1942,0
LF:59
LH:50
end_of_record
TN:
SF:/usr/include/c++/13/bits/uniform_int_dist.h
FN:104,109,_ZNSt24uniform_int_distributionImE10param_typeC2Emm
FN:112,113,_ZNKSt24uniform_int_distributionImE10param_type1aEv
FN:116,117,_ZNKSt24uniform_int_distributionImE10param_type1bEv
FN:136,136,_ZNSt24uniform_int_distributionImEC2Ev
FN:142,146,_ZNSt24uniform_int_distributionImEC2Emm
FN:203,204,_ZNSt24uniform_int_distributionImEclISt23mersenne_twister_engineImLm32ELm624ELm397ELm31ELm2567483615ELm11ELm4294967295ELm7ELm2636928640ELm15ELm4022730752ELm18ELm1812433253EEEEmRT_
FN:257,281,_ZNSt24uniform_int_distributionImE5_S_ndImSt23mersenne_twister_engineImLm32ELm624ELm397ELm31ELm2567483615ELm11ELm4294967295ELm7ELm2636928640ELm15ELm4022730752ELm18ELm1812433253EEjEET1_RT0_S4_
FN:287,373,_ZNSt24uniform_int_distributionImEclISt23mersenne_twister_engineImLm32ELm624ELm397ELm31ELm2567483615ELm11ELm4294967295ELm7ELm2636928640ELm15ELm4022730752ELm18ELm1812433253EEEEmRT_RKNS0_10param_typeE
FNDA:2,_ZNSt24uniform_int_distributionImE10param_typeC2Emm
FNDA:4,_ZNKSt24uniform_int_distributionImE10param_type1aEv
FNDA:2,_ZNKSt24uniform_int_distributionImE10param_type1bEv
FNDA:0,_ZNSt24uniform_int_distributionImEC2Ev
FNDA:2,_ZNSt24uniform_int_distributionImEC2Emm
FNDA:2,_ZNSt24uniform_int_distributionImEclISt23mersenne_twister_engineImLm32ELm624ELm397ELm31ELm2567483615ELm11ELm4294967295ELm7ELm2636928640ELm15ELm4022730752ELm18ELm1812433253EEEEmRT_
FNDA:2,_ZNSt24uniform_int_distributionImE5_S_ndImSt23mersenne_twister_engineImLm32ELm624ELm397ELm31ELm2567483615ELm11ELm4294967295ELm7ELm2636928640ELm15ELm4022730752ELm18ELm1812433253EEjEET1_RT0_S4_
FNDA:2,_ZNSt24uniform_int_distributionImEclISt23mersenne_twister_engineImLm32ELm624ELm397ELm31ELm2567483615ELm11ELm4294967295ELm7ELm2636928640ELm15ELm4022730752ELm18ELm1812433253EEEEmRT_RKNS0_10param_typeE
FNF:8
FNH:7
BRDA:108,0,0,0
BRDA:108,0,1,2
BRDA:108,0,2,0
BRDA:108,0,3,0
BRDA:108,0,4,0
BRDA:108,0,5,2
BRDA:271,0,0,0
BRDA:271,0,1,2
BRDA:274,0,0,-
BRDA:274,0,1,-
BRDA:305,0,0,2
BRDA:305,0,1,0
BRDA:342,0,0,-
BRDA:342,0,1,-
BRDA:364,0,0,-
BRDA:364,e0,1,-
BRDA:367,0,0,-
BRDA:367,0,1,-
BRDA:367,0,2,-
BRDA:367,0,3,-
BRF:20
BRH:4
DA:104,2
DA:106,2
DA:108,2
DA:109,2
DA:112,4
DA:113,4
DA:116,2
DA:117,2
DA:136,0
DA:142,2
DA:145,2
DA:146,2
DA:203,2
DA:204,2
DA:257,2
DA:269,2
DA:270,2
DA:271,2
DA:273,0
DA:274,0
DA:276,0
DA:277,0
DA:280,2
DA:287,2
DA:295,2
DA:296,2
DA:299,2
DA:301,2
DA:302,2
DA:305,2
DA:309,2
DA:327,2
DA:328,2
DA:342,0
DA:362,0
DA:363,0
DA:364,0
DA:365,0
DA:367,0
DA:370,0
DA:372,2
LF:41
LH:29
end_of_record
TN:
SF:/usr/include/c++/13/bits/vector.tcc
FN:634,710,_ZNSt6vectorImSaImEE17_M_default_appendEm
FNDA:3,_ZNSt6vectorImSaImEE17_M_default_appendEm
FNF:1
FNH:1
BRDA:637,0,0,3
BRDA:637,0,1,0
BRDA:643,0,0,3
BRDA:643,0,1,0
BRDA:643,0,2,0
BRDA:643,0,3,3
BRDA:643,0,4,0
BRDA:643,0,5,3
BRDA:646,0,0,0
BRDA:646,0,1,3
BRDA:668,0,0,3
BRDA:668,e0,1,0
BRDA:673,0,0,0
BRDA:673,e0,1,0
BRF:14
BRH:6
DA:634,3
DA:637,3
DA:639,3
DA:640,3
DA:641,3
DA:643,3
DA:644,0
DA:646,3
DA:649,0
DA:650,0
DA:651,0
DA:658,3
DA:659,3
DA:662,3
DA:663,3
DA:668,3
DA:669,3
DA:671,0
DA:673,0
DA:674,0
DA:676,3
DA:677,3
DA:703,3
DA:704,3
DA:705,3
DA:706,3
DA:707,3
DA:710,3
LF:28
LH:21
end_of_record
TN:
SF:/usr/include/c++/13/ext/aligned_buffer.h
FN:64,65,_ZN9__gnu_cxx16__aligned_membufISt4pairIK7QStringiEE7_M_addrEv
FN:64,65,_ZN9__gnu_cxx16__aligned_membufISt4pairIKP6PlayeriEE7_M_addrEv
FN:68,69,_ZNK9__gnu_cxx16__aligned_membufISt4pairIK7QStringiEE7_M_addrEv
FN:68,69,_ZNK9__gnu_cxx16__aligned_membufISt4pairIKP6PlayeriEE7_M_addrEv
FN:72,73,_ZN9__gnu_cxx16__aligned_membufISt4pairIK7QStringiEE6_M_ptrEv
FN:72,73,_ZN9__gnu_cxx16__aligned_membufISt4pairIKP6PlayeriEE6_M_ptrEv
FN:76,77,_ZNK9__gnu_cxx16__aligned_membufISt4pairIK7QStringiEE6_M_ptrEv
FN:76,77,_ZNK9__gnu_cxx16__aligned_membufISt4pairIKP6PlayeriEE6_M_ptrEv
FNDA:836,_ZN9__gnu_cxx16__aligned_membufISt4pairIK7QStringiEE7_M_addrEv
FNDA:53,_ZN9__gnu_cxx16__aligned_membufISt4pairIKP6PlayeriEE7_M_addrEv
FNDA:2998,_ZNK9__gnu_cxx16__aligned_membufISt4pairIK7QStringiEE7_M_addrEv
FNDA:110,_ZNK9__gnu_cxx16__aligned_membufISt4pairIKP6PlayeriEE7_M_addrEv
FNDA:836,_ZN9__gnu_cxx16__aligned_membufISt4pairIK7QStringiEE6_M_ptrEv
FNDA:53,_ZN9__gnu_cxx16__aligned_membufISt4pairIKP6PlayeriEE6_M_ptrEv
FNDA:2998,_ZNK9__gnu_cxx16__aligned_membufISt4pairIK7QStringiEE6_M_ptrEv
FNDA:110,_ZNK9__gnu_cxx16__aligned_membufISt4pairIKP6PlayeriEE6_M_ptrEv
FNF:8
FNH:8
DA:64,889
DA:65,889
DA:68,3108
DA:69,3108
DA:72,889
DA:73,889
DA:76,3108
DA:77,3108
LF:8
LH:8
end_of_record
TN:
SF:/usr/include/c++/13/ext/alloc_traits.h
FNF:0
FNH:0
DA:98,0
LF:1
LH:0
end_of_record
TN:
SF:/usr/include/c++/13/initializer_list
FN:69,69,_ZNKSt16initializer_listIP6PlayerE4sizeEv
FN:73,73,_ZNKSt16initializer_listIP6PlayerE5beginEv
FN:77,77,_ZNKSt16initializer_listIP6PlayerE3endEv
FNDA:18,_ZNKSt16initializer_listIP6PlayerE4sizeEv
FNDA:12,_ZNKSt16initializer_listIP6PlayerE5beginEv
FNDA:6,_ZNKSt16initializer_listIP6PlayerE3endEv
FNF:3
FNH:3
DA:69,18
DA:73,12
DA:77,6
LF:3
LH:3
end_of_record
TN:
SF:/usr/include/c++/13/limits
FN:1274,1274,_ZNSt14numeric_limitsImE3maxEv
FN:1347,1347,_ZNSt14numeric_limitsIxE3maxEv
FNDA:0,_ZNSt14numeric_limitsImE3maxEv
FNDA:0,_ZNSt14numeric_limitsIxE3maxEv
FNF:2
FNH:0
DA:1274,0
DA:1347,0
LF:2
LH:0
end_of_record
TN:
SF:/usr/include/c++/13/new
FN:174,175,_ZnwmPv
FN:180,180,_ZdlPvS_
FNDA:1561,_ZnwmPv
FNDA:0,_ZdlPvS_
FNF:2
FNH:1
DA:174,1561
DA:175,1561
DA:180,0
LF:3
LH:2
end_of_record
TN:
SF:/usr/include/c++/13/optional
FN:120,120,_ZNSt22_Optional_payload_baseI6QFlagsIN11QFileDevice10PermissionEEEC2Ev
FN:209,209,_ZNSt22_Optional_payload_baseI6QFlagsIN11QFileDevice10PermissionEEE8_StorageIS3_Lb1EEC2Ev
FN:343,343,_ZNSt17_Optional_payloadI6QFlagsIN11QFileDevice10PermissionEELb1ELb1ELb1EEC2Ev
FN:645,645,_ZNSt14_Optional_baseI6QFlagsIN11QFileDevice10PermissionEELb1ELb1EEC2Ev
FN:741,741,_ZNSt8optionalI6QFlagsIN11QFileDevice10PermissionEEEC2ESt9nullopt_t
FNDA:0,_ZNSt22_Optional_payload_baseI6QFlagsIN11QFileDevice10PermissionEEEC2Ev
FNDA:0,_ZNSt22_Optional_payload_baseI6QFlagsIN11QFileDevice10PermissionEEE8_StorageIS3_Lb1EEC2Ev
FNDA:0,_ZNSt17_Optional_payloadI6QFlagsIN11QFileDevice10PermissionEELb1ELb1ELb1EEC2Ev
FNDA:0,_ZNSt14_Optional_baseI6QFlagsIN11QFileDevice10PermissionEELb1ELb1EEC2Ev
FNDA:0,_ZNSt8optionalI6QFlagsIN11QFileDevice10PermissionEEEC2ESt9nullopt_t
FNF:5
FNH:0
DA:120,0
DA:209,0
DA:343,0
DA:645,0
DA:741,0
LF:5
LH:0
end_of_record
TN:
SF:/usr/include/c++/13/tuple
FN:1787,1788,_ZSt12__get_helperILm0ERK7QStringJEERT0_RSt11_Tuple_implIXT_EJS3_DpT1_EE
FN:1787,1788,_ZSt12__get_helperILm0ERKP6PlayerJEERT0_RSt11_Tuple_implIXT_EJS4_DpT1_EE
FN:1787,1788,_ZSt12__get_helperILm0ERKiJEERT0_RSt11_Tuple_implIXT_EJS2_DpT1_EE
FN:1803,1804,_ZSt3getILm0EJRK7QStringEERNSt13tuple_elementIXT_ESt5tupleIJDpT0_EEE4typeERS7_
FN:1803,1804,_ZSt3getILm0EJRKP6PlayerEERNSt13tuple_elementIXT_ESt5tupleIJDpT0_EEE4typeERS8_
FN:1803,1804,_ZSt3getILm0EJRKiEERNSt13tuple_elementIXT_ESt5tupleIJDpT0_EEE4typeERS6_
FN:193,194,_ZNSt10_Head_baseILm0ERK7QStringLb0EEC2ES2_
FN:193,194,_ZNSt10_Head_baseILm0ERKP6PlayerLb0EEC2ES3_
FN:193,194,_ZNSt10_Head_baseILm0ERKiLb0EEC2ES1_
FN:2013,2014,_ZSt16forward_as_tupleIJRK7QStringEESt5tupleIJDpOT_EES6_
FN:2013,2014,_ZSt16forward_as_tupleIJRKP6PlayerEESt5tupleIJDpOT_EES7_
FN:2013,2014,_ZSt16forward_as_tupleIJRKiEESt5tupleIJDpOT_EES5_
FN:2252,2258,_ZNSt4pairIK7QStringiEC2IJRS1_EJRKiEEESt21piecewise_construct_tSt5tupleIJDpT_EES8_IJDpT0_EE
FN:2252,2258,_ZNSt4pairIKP6PlayeriEC2IJRS2_EJRKiEEESt21piecewise_construct_tSt5tupleIJDpT_EES9_IJDpT0_EE
FN:2264,2269,_ZNSt4pairIK7QStringiEC2IJRS1_EJLm0EEJRKiEJLm0EEEERSt5tupleIJDpT_EERS7_IJDpT1_EESt12_Index_tupleIJXspT0_EEESG_IJXspT2_EEE
FN:2264,2269,_ZNSt4pairIKP6PlayeriEC2IJRS2_EJLm0EEJRKiEJLm0EEEERSt5tupleIJDpT_EERS8_IJDpT1_EESt12_Index_tupleIJXspT0_EEESH_IJXspT2_EEE
FN:234,234,_ZNSt10_Head_baseILm0ERK7QStringLb0EE7_M_headERS3_
FN:234,234,_ZNSt10_Head_baseILm0ERKP6PlayerLb0EE7_M_headERS4_
FN:234,234,_ZNSt10_Head_baseILm0ERKiLb0EE7_M_headERS2_
FN:497,497,_ZNSt11_Tuple_implILm0EJRK7QStringEE7_M_headERS3_
FN:497,497,_ZNSt11_Tuple_implILm0EJRKP6PlayerEE7_M_headERS4_
FN:497,497,_ZNSt11_Tuple_implILm0EJRKiEE7_M_headERS2_
FN:507,509,_ZNSt11_Tuple_implILm0EJRK7QStringEEC2ES2_
FN:507,509,_ZNSt11_Tuple_implILm0EJRKP6PlayerEEC2ES3_
FN:507,509,_ZNSt11_Tuple_implILm0EJRKiEEC2ES1_
FN:527,530,_ZNSt11_Tuple_implILm0EJRK7QStringEEC2EOS3_
FN:527,530,_ZNSt11_Tuple_implILm0EJRKP6PlayerEEC2EOS4_
FN:527,530,_ZNSt11_Tuple_implILm0EJRKiEEC2EOS2_
FN:874,876,_ZNSt5tupleIJRK7QStringEEC2ILb1ELb1EEES2_
FN:874,876,_ZNSt5tupleIJRKP6PlayerEEC2ILb1ELb1EEES3_
FN:874,876,_ZNSt5tupleIJRKiEEC2ILb1ELb1EEES1_
FN:903,903,_ZNSt5tupleIJRK7QStringEEC2EOS3_
FN:903,903,_ZNSt5tupleIJRKP6PlayerEEC2EOS4_
FN:903,903,_ZNSt5tupleIJRKiEEC2EOS2_
FNDA:346,_ZSt12__get_helperILm0ERK7QStringJEERT0_RSt11_Tuple_implIXT_EJS3_DpT1_EE
FNDA:12,_ZSt12__get_helperILm0ERKP6PlayerJEERT0_RSt11_Tuple_implIXT_EJS4_DpT1_EE
FNDA:358,_ZSt12__get_helperILm0ERKiJEERT0_RSt11_Tuple_implIXT_EJS2_DpT1_EE
FNDA:346,_ZSt3getILm0EJRK7QStringEERNSt13tuple_elementIXT_ESt5tupleIJDpT0_EEE4typeERS7_
FNDA:12,_ZSt3getILm0EJRKP6PlayerEERNSt13tuple_elementIXT_ESt5tupleIJDpT0_EEE4typeERS8_
FNDA:358,_ZSt3getILm0EJRKiEERNSt13tuple_elementIXT_ESt5tupleIJDpT0_EEE4typeERS6_
FNDA:346,_ZNSt10_Head_baseILm0ERK7QStringLb0EEC2ES2_
FNDA:12,_ZNSt10_Head_baseILm0ERKP6PlayerLb0EEC2ES3_
FNDA:358,_ZNSt10_Head_baseILm0ERKiLb0EEC2ES1_
FNDA:346,_ZSt16forward_as_tupleIJRK7QStringEESt5tupleIJDpOT_EES6_
FNDA:12,_ZSt16forward_as_tupleIJRKP6PlayerEESt5tupleIJDpOT_EES7_
FNDA:358,_ZSt16forward_as_tupleIJRKiEESt5tupleIJDpOT_EES5_
FNDA:346,_ZNSt4pairIK7QStringiEC2IJRS1_EJRKiEEESt21piecewise_construct_tSt5tupleIJDpT_EES8_IJDpT0_EE
FNDA:12,_ZNSt4pairIKP6PlayeriEC2IJRS2_EJRKiEEESt21piecewise_construct_tSt5tupleIJDpT_EES9_IJDpT0_EE
FNDA:346,_ZNSt4pairIK7QStringiEC2IJRS1_EJLm0EEJRKiEJLm0EEEERSt5tupleIJDpT_EERS7_IJDpT1_EESt12_Index_tupleIJXspT0_EEESG_IJXspT2_EEE
FNDA:12,_ZNSt4pairIKP6PlayeriEC2IJRS2_EJLm0EEJRKiEJLm0EEEERSt5tupleIJDpT_EERS8_IJDpT1_EESt12_Index_tupleIJXspT0_EEESH_IJXspT2_EEE
FNDA:346,_ZNSt10_Head_baseILm0ERK7QStringLb0EE7_M_headERS3_
FNDA:12,_ZNSt10_Head_baseILm0ERKP6PlayerLb0EE7_M_headERS4_
FNDA:358,_ZNSt10_Head_baseILm0ERKiLb0EE7_M_headERS2_
FNDA:346,_ZNSt11_Tuple_implILm0EJRK7QStringEE7_M_headERS3_
FNDA:12,_ZNSt11_Tuple_implILm0EJRKP6PlayerEE7_M_headERS4_
FNDA:358,_ZNSt11_Tuple_implILm0EJRKiEE7_M_headERS2_
FNDA:346,_ZNSt11_Tuple_implILm0EJRK7QStringEEC2ES2_
FNDA:12,_ZNSt11_Tuple_implILm0EJRKP6PlayerEEC2ES3_
FNDA:358,_ZNSt11_Tuple_implILm0EJRKiEEC2ES1_
FNDA:346,_ZNSt11_Tuple_implILm0EJRK7QStringEEC2EOS3_
FNDA:12,_ZNSt11_Tuple_implILm0EJRKP6PlayerEEC2EOS4_
FNDA:358,_ZNSt11_Tuple_implILm0EJRKiEEC2EOS2_
FNDA:346,_ZNSt5tupleIJRK7QStringEEC2ILb1ELb1EEES2_
FNDA:12,_ZNSt5tupleIJRKP6PlayerEEC2ILb1ELb1EEES3_
FNDA:358,_ZNSt5tupleIJRKiEEC2ILb1ELb1EEES1_
FNDA:346,_ZNSt5tupleIJRK7QStringEEC2EOS3_
FNDA:12,_ZNSt5tupleIJRKP6PlayerEEC2EOS4_
FNDA:358,_ZNSt5tupleIJRKiEEC2EOS2_
FNF:34
FNH:34
DA:193,716
DA:194,716
DA:234,716
DA:497,716
DA:507,716
DA:508,716
DA:509,716
DA:527,716
DA:529,716
DA:530,716
DA:874,716
DA:876,716
DA:903,716
DA:1787,716
DA:1788,716
DA:1803,716
DA:1804,716
DA:2013,716
DA:2014,716
DA:2252,358
DA:2257,358
DA:2258,358
DA:2264,358
DA:2267,358
DA:2268,358
DA:2269,358
LF:26
LH:26
end_of_record
TN:
SF:/usr/include/c++/13/utility
FN:97,100,_ZSt8exchangeIP15QTypedArrayDataI7QStringEDnET_RS4_OT0_
FN:97,100,_ZSt8exchangeIP15QTypedArrayDataIDsEDnET_RS3_OT0_
FN:97,100,_ZSt8exchangeIP15QTypedArrayDataISt4pairI7QStringiEEDnET_RS6_OT0_
FN:97,100,_ZSt8exchangeIP15QTypedArrayDataIcEDnET_RS3_OT0_
FN:97,100,_ZSt8exchangeIP7QStringDnET_RS2_OT0_
FN:97,100,_ZSt8exchangeIPDsDnET_RS1_OT0_
FN:97,100,_ZSt8exchangeIPSt4pairI7QStringiEDnET_RS4_OT0_
FN:97,100,_ZSt8exchangeIPcDnET_RS1_OT0_
FN:97,100,_ZSt8exchangeIxiET_RS0_OT0_
FNDA:0,_ZSt8exchangeIP15QTypedArrayDataI7QStringEDnET_RS4_OT0_
FNDA:187,_ZSt8exchangeIP15QTypedArrayDataIDsEDnET_RS3_OT0_
FNDA:3,_ZSt8exchangeIP15QTypedArrayDataISt4pairI7QStringiEEDnET_RS6_OT0_
FNDA:10,_ZSt8exchangeIP15QTypedArrayDataIcEDnET_RS3_OT0_
FNDA:0,_ZSt8exchangeIP7QStringDnET_RS2_OT0_
FNDA:187,_ZSt8exchangeIPDsDnET_RS1_OT0_
FNDA:3,_ZSt8exchangeIPSt4pairI7QStringiEDnET_RS4_OT0_
FNDA:10,_ZSt8exchangeIPcDnET_RS1_OT0_
FNDA:200,_ZSt8exchangeIxiET_RS0_OT0_
FNF:9
FNH:7
DA:97,600
DA:100,600
LF:2
LH:2
end_of_record
TN:
SF:/usr/include/x86_64-linux-gnu/c++/13/bits/c++config.h
FN:540,551,_ZSt23__is_constant_evaluatedv
FNDA:5171,_ZSt23__is_constant_evaluatedv
FNF:1
FNH:1
DA:540,5171
DA:547,5171
LF:2
LH:2
end_of_record
