TN:
SF:/home/jovan/Documents/VS-2/SketchIt/SketchIt/server/game.cpp
FN:108,122,_ZN4Game20broadcastProfilePicsEv
FN:123,129,_ZN4Game7endGameEv
FN:132,176,_ZN4Game8nextTurnEv
FN:178,191,_ZN4Game12formatScoresEv
FN:19,21,_ZN4GameD0Ev
FN:19,21,_ZN4GameD2Ev
FN:193,203,_ZN4Game12updateScoresEv
FN:204,237,_ZN4Game16removeFromScoresEPK6Playeri
FN:23,29,_ZN4Game9startGameEv
FN:239,248,_ZN4Game14onWordSelectedERK7QString
FN:250,258,_ZN4Game19newPlayerRoundReadyEv
FN:260,282,_ZN4Game7endTurnEv
FN:284,303,_ZN4Game16startHangmanGameEv
FN:305,313,_ZN4Game16revealNextLetterEv
FN:31,54,_ZN4Game11handleGuessERK7QString
FN:57,67,_ZN4Game21sendPlayerScoreUpdateEP6Player
FN:6,17,_ZN4GameC2EP7ManagerP7QObject
FN:70,89,_ZN4Game14broadcastToAllERK7QStringP6Player
FN:92,106,_ZN4Game15broadcastSignalERK7QString
FNDA:0,_ZN4Game20broadcastProfilePicsEv
FNDA:0,_ZN4Game7endGameEv
FNDA:0,_ZN4Game8nextTurnEv
FNDA:0,_ZN4Game12formatScoresEv
FNDA:0,_ZN4GameD0Ev
FNDA:0,_ZN4GameD2Ev
FNDA:0,_ZN4Game12updateScoresEv
FNDA:0,_ZN4Game16removeFromScoresEPK6Playeri
FNDA:0,_ZN4Game9startGameEv
FNDA:0,_ZN4Game14onWordSelectedERK7QString
FNDA:0,_ZN4Game19newPlayerRoundReadyEv
FNDA:0,_ZN4Game7endTurnEv
FNDA:0,_ZN4Game16startHangmanGameEv
FNDA:0,_ZN4Game16revealNextLetterEv
FNDA:0,_ZN4Game11handleGuessERK7QString
FNDA:0,_ZN4Game21sendPlayerScoreUpdateEP6Player
FNDA:0,_ZN4GameC2EP7ManagerP7QObject
FNDA:0,_ZN4Game14broadcastToAllERK7QStringP6Player
FNDA:0,_ZN4Game15broadcastSignalERK7QString
FNF:19
FNH:0
DA:6,0
DA:7,0
DA:9,0
DA:10,0
DA:12,0
DA:13,0
DA:14,0
DA:15,0
DA:17,0
DA:19,0
DA:21,0
DA:23,0
DA:25,0
DA:26,0
DA:28,0
DA:29,0
DA:31,0
DA:33,0
DA:34,0
DA:35,0
DA:36,0
DA:37,0
DA:38,0
DA:39,0
DA:41,0
DA:43,0
DA:45,0
DA:47,0
DA:48,0
DA:49,0
DA:50,0
DA:54,0
DA:57,0
DA:59,0
DA:60,0
DA:61,0
DA:63,0
DA:64,0
DA:66,0
DA:67,0
DA:70,0
DA:72,0
DA:74,0
DA:76,0
DA:77,0
DA:78,0
DA:80,0
DA:81,0
DA:84,0
DA:89,0
DA:92,0
DA:94,0
DA:96,0
DA:97,0
DA:100,0
DA:101,0
DA:104,0
DA:106,0
DA:108,0
DA:110,0
DA:112,0
DA:113,0
DA:114,0
DA:115,0
DA:116,0
DA:118,0
DA:119,0
DA:121,0
DA:122,0
DA:123,0
DA:124,0
DA:125,0
DA:127,0
DA:129,0
DA:132,0
DA:135,0
DA:136,0
DA:139,0
DA:142,0
DA:144,0
DA:145,0
DA:147,0
DA:149,0
DA:152,0
DA:154,0
DA:155,0
DA:157,0
DA:158,0
DA:159,0
DA:163,0
DA:165,0
DA:166,0
DA:167,0
DA:169,0
DA:170,0
DA:173,0
DA:174,0
DA:176,0
DA:178,0
DA:179,0
DA:180,0
DA:181,0
DA:182,0
DA:183,0
DA:185,0
DA:186,0
DA:190,0
DA:191,0
DA:193,0
DA:195,0
DA:196,0
DA:197,0
DA:198,0
DA:199,0
DA:200,0
DA:203,0
DA:204,0
DA:206,0
DA:208,0
DA:209,0
DA:212,0
DA:213,0
DA:214,0
DA:216,0
DA:220,0
DA:221,0
DA:224,0
DA:226,0
DA:227,0
DA:228,0
DA:231,0
DA:232,0
DA:233,0
DA:239,0
DA:241,0
DA:242,0
DA:243,0
DA:244,0
DA:246,0
DA:247,0
DA:248,0
DA:250,0
DA:252,0
DA:253,0
DA:255,0
DA:256,0
DA:258,0
DA:260,0
DA:264,0
DA:265,0
DA:266,0
DA:267,0
DA:270,0
DA:271,0
DA:272,0
DA:275,0
DA:276,0
DA:277,0
DA:279,0
DA:281,0
DA:282,0
DA:284,0
DA:285,0
DA:286,0
DA:287,0
DA:290,0
DA:291,0
DA:292,0
DA:294,0
DA:295,0
DA:296,0
DA:299,0
DA:300,0
DA:301,0
DA:303,0
DA:305,0
DA:306,0
DA:307,0
DA:308,0
DA:309,0
DA:311,0
DA:313,0
LF:182
LH:0
end_of_record
TN:
SF:/home/jovan/Documents/VS-2/SketchIt/SketchIt/server/hangman.cpp
FN:25,32,_ZN7Hangman16revealNextLetterEv
FN:34,36,_ZNK7Hangman15getRevealedWordB5cxx11Ev
FN:38,40,_ZNK7Hangman10isCompleteEv
FN:6,23,_ZN7HangmanC2ERKNSt7__cxx1112basic_stringIcSt11char_traitsIcESaIcEEEiP7QObject
FNDA:4,_ZN7Hangman16revealNextLetterEv
FNDA:4,_ZNK7Hangman15getRevealedWordB5cxx11Ev
FNDA:3,_ZNK7Hangman10isCompleteEv
FNDA:4,_ZN7HangmanC2ERKNSt7__cxx1112basic_stringIcSt11char_traitsIcESaIcEEEiP7QObject
FNF:4
FNH:4
DA:6,4
DA:7,12
DA:10,10
DA:11,7
DA:16,3
DA:17,3
DA:19,3
DA:20,3
DA:21,3
DA:23,4
DA:25,4
DA:26,4
DA:27,4
DA:28,4
DA:29,4
DA:32,4
DA:34,4
DA:35,4
DA:38,3
DA:39,3
LF:20
LH:20
end_of_record
TN:
SF:/home/jovan/Documents/VS-2/SketchIt/SketchIt/server/leaderboard.cpp
FN:103,122,_ZN11Leaderboard27ensureLeaderboardFileExistsEv
FN:13,51,_ZN11Leaderboard17updateLeaderboardER4QMapIP6PlayeriE
FN:5,10,_ZN11LeaderboardC2EP7QObject
FN:53,64,_ZN11Leaderboard21getLeaderboardResultsEv
FN:59,61,_ZZN11Leaderboard21getLeaderboardResultsEvENKUlRKSt4pairI7QStringiES4_E_clES4_S4_
FN:66,90,_ZN11Leaderboard14importFromJsonEv
FN:92,101,_ZN11Leaderboard15getUserDataPathEv
FNDA:15,_ZN11Leaderboard27ensureLeaderboardFileExistsEv
FNDA:2,_ZN11Leaderboard17updateLeaderboardER4QMapIP6PlayeriE
FNDA:15,_ZN11LeaderboardC2EP7QObject
FNDA:3,_ZN11Leaderboard21getLeaderboardResultsEv
FNDA:383,_ZZN11Leaderboard21getLeaderboardResultsEvENKUlRKSt4pairI7QStringiES4_E_clES4_S4_
FNDA:15,_ZN11Leaderboard14importFromJsonEv
FNDA:15,_ZN11Leaderboard15getUserDataPathEv
FNF:7
FNH:7
DA:5,15
DA:6,15
DA:8,15
DA:9,15
DA:10,15
DA:13,2
DA:15,4
DA:17,2
DA:18,2
DA:19,2
DA:21,1
DA:25,1
DA:27,2
DA:29,2
DA:30,2
DA:32,49
DA:34,47
DA:35,47
DA:36,47
DA:37,47
DA:38,47
DA:40,2
DA:42,2
DA:43,2
DA:45,0
DA:46,0
DA:48,2
DA:49,2
DA:51,2
DA:53,3
DA:55,3
DA:56,73
DA:57,70
DA:59,3
DA:60,383
DA:63,6
DA:64,3
DA:66,15
DA:68,15
DA:69,15
DA:70,0
DA:73,15
DA:74,15
DA:75,15
DA:77,15
DA:78,0
DA:81,15
DA:82,15
DA:84,361
DA:85,346
DA:86,346
DA:87,346
DA:88,346
DA:89,346
DA:90,15
DA:92,15
DA:94,15
DA:95,15
DA:96,15
DA:98,0
DA:100,30
DA:101,15
DA:103,15
DA:105,15
DA:106,15
DA:108,3
DA:109,3
DA:111,0
DA:112,0
DA:115,3
DA:116,3
DA:118,0
DA:119,0
DA:121,3
DA:122,15
LF:75
LH:66
end_of_record
TN:
SF:/home/jovan/Documents/VS-2/SketchIt/SketchIt/server/manager.cpp
FN:118,137,_ZN7Manager16newPlayerIsReadyEv
FN:139,150,_ZN7Manager11onGameEndedE7QString
FN:152,166,_ZN7Manager20onPlayerConfirmedEndEv
FN:168,173,_ZN7Manager12onRoundEndedEv
FN:17,26,_ZN7Manager14getLeaderboardEv
FN:28,31,_ZN7Manager17updateLeaderbaordER4QMapIP6PlayeriE
FN:33,50,_ZN7Manager9addPlayerEP6Player
FN:4,7,_ZN7ManagerC2Ev
FN:51,59,_ZN7Manager15getPlayerByNickE7QString
FN:61,64,_ZN7Manager13gameIsRunningEv
FN:66,72,_ZN7Manager19onPassDrawingUpdateERK10QByteArray
FN:74,77,_ZN7Manager17onMessageReceivedERK7QStringP6Player
FN:79,82,_ZN7Manager14onWordSelectedERK7QString
FN:84,87,_ZNK7Manager13getAllPlayersEv
FN:89,92,_ZN7Manager15numberOfPlayersEv
FN:9,15,_ZN7ManagerD0Ev
FN:9,15,_ZN7ManagerD2Ev
FN:94,116,_ZN7Manager20onPlayerDisconnectedEP6Player
FNDA:0,_ZN7Manager16newPlayerIsReadyEv
FNDA:0,_ZN7Manager11onGameEndedE7QString
FNDA:0,_ZN7Manager20onPlayerConfirmedEndEv
FNDA:0,_ZN7Manager12onRoundEndedEv
FNDA:0,_ZN7Manager14getLeaderboardEv
FNDA:0,_ZN7Manager17updateLeaderbaordER4QMapIP6PlayeriE
FNDA:4,_ZN7Manager9addPlayerEP6Player
FNDA:5,_ZN7ManagerC2Ev
FNDA:2,_ZN7Manager15getPlayerByNickE7QString
FNDA:1,_ZN7Manager13gameIsRunningEv
FNDA:0,_ZN7Manager19onPassDrawingUpdateERK10QByteArray
FNDA:0,_ZN7Manager17onMessageReceivedERK7QStringP6Player
FNDA:0,_ZN7Manager14onWordSelectedERK7QString
FNDA:1,_ZNK7Manager13getAllPlayersEv
FNDA:2,_ZN7Manager15numberOfPlayersEv
FNDA:0,_ZN7ManagerD0Ev
FNDA:5,_ZN7ManagerD2Ev
FNDA:0,_ZN7Manager20onPlayerDisconnectedEP6Player
FNF:18
FNH:7
DA:4,5
DA:7,5
DA:9,5
DA:11,9
DA:13,4
DA:15,5
DA:17,0
DA:19,0
DA:20,0
DA:21,0
DA:23,0
DA:24,0
DA:25,0
DA:26,0
DA:28,0
DA:30,0
DA:31,0
DA:33,4
DA:35,4
DA:36,4
DA:37,4
DA:39,9
DA:40,5
DA:41,5
DA:42,5
DA:43,5
DA:44,5
DA:46,5
DA:48,5
DA:49,5
DA:50,4
DA:51,2
DA:52,3
DA:53,2
DA:54,1
DA:57,1
DA:61,1
DA:63,1
DA:66,0
DA:67,0
DA:68,0
DA:69,0
DA:72,0
DA:74,0
DA:76,0
DA:77,0
DA:79,0
DA:81,0
DA:82,0
DA:84,1
DA:86,1
DA:89,2
DA:91,2
DA:94,0
DA:97,0
DA:98,0
DA:100,0
DA:104,0
DA:106,0
DA:108,0
DA:110,0
DA:113,0
DA:114,0
DA:116,0
DA:118,0
DA:120,0
DA:121,0
DA:123,0
DA:124,0
DA:126,0
DA:127,0
DA:128,0
DA:130,0
DA:132,0
DA:134,0
DA:137,0
DA:139,0
DA:141,0
DA:142,0
DA:143,0
DA:146,0
DA:147,0
DA:148,0
DA:149,0
DA:150,0
DA:152,0
DA:153,0
DA:155,0
DA:156,0
DA:157,0
DA:158,0
DA:161,0
DA:162,0
DA:164,0
DA:166,0
DA:168,0
DA:169,0
DA:170,0
DA:173,0
LF:99
LH:31
end_of_record
TN:
SF:/home/jovan/Documents/VS-2/SketchIt/SketchIt/server/player.cpp
FN:10,24,_ZN6Player3runEv
FN:157,172,_ZN6Player10sendSignalE10QByteArray
FN:174,186,_ZN6Player17sendDrawingUpdateERK10QByteArray
FN:188,190,_ZN6Player11setNicknameERK7QString
FN:192,194,_ZNK6Player11getNicknameEv
FN:196,200,_ZN6Player14onDisconnectedEv
FN:202,205,_ZN6Player15onErrorOccurredEN15QAbstractSocket11SocketErrorE
FN:207,218,_ZN6PlayerD0Ev
FN:207,218,_ZN6PlayerD2Ev
FN:30,60,_ZN6Player11onReadyReadEv
FN:4,8,_ZN6PlayerC2ExP7QObject
FN:61,76,_ZN6Player11sendMessageERK10QByteArray
FN:78,85,_ZN6Player13setProfilePicERK10QByteArray
FN:87,156,_ZN6Player14processMessageE11MessageTypeRK10QByteArray
FNDA:0,_ZN6Player3runEv
FNDA:5,_ZN6Player10sendSignalE10QByteArray
FNDA:0,_ZN6Player17sendDrawingUpdateERK10QByteArray
FNDA:16,_ZN6Player11setNicknameERK7QString
FNDA:9,_ZNK6Player11getNicknameEv
FNDA:0,_ZN6Player14onDisconnectedEv
FNDA:0,_ZN6Player15onErrorOccurredEN15QAbstractSocket11SocketErrorE
FNDA:16,_ZN6PlayerD0Ev
FNDA:16,_ZN6PlayerD2Ev
FNDA:0,_ZN6Player11onReadyReadEv
FNDA:16,_ZN6PlayerC2ExP7QObject
FNDA:0,_ZN6Player11sendMessageERK10QByteArray
FNDA:0,_ZN6Player13setProfilePicERK10QByteArray
FNDA:0,_ZN6Player14processMessageE11MessageTypeRK10QByteArray
FNF:14
FNH:6
DA:4,16
DA:5,16
DA:7,16
DA:8,16
DA:10,0
DA:12,0
DA:13,0
DA:15,0
DA:16,0
DA:17,0
DA:18,0
DA:19,0
DA:20,0
DA:23,0
DA:30,0
DA:32,0
DA:34,0
DA:35,0
DA:36,0
DA:38,0
DA:40,0
DA:41,0
DA:44,0
DA:45,0
DA:46,0
DA:47,0
DA:49,0
DA:51,0
DA:52,0
DA:53,0
DA:54,0
DA:55,0
DA:60,0
DA:61,0
DA:63,0
DA:64,0
DA:65,0
DA:67,0
DA:68,0
DA:69,0
DA:71,0
DA:72,0
DA:73,0
DA:74,0
DA:76,0
DA:78,0
DA:79,0
DA:80,0
DA:81,0
DA:83,0
DA:85,0
DA:87,0
DA:88,0
DA:89,0
DA:90,0
DA:91,0
DA:93,0
DA:95,0
DA:96,0
DA:98,0
DA:99,0
DA:100,0
DA:101,0
DA:102,0
DA:104,0
DA:106,0
DA:107,0
DA:109,0
DA:111,0
DA:112,0
DA:114,0
DA:115,0
DA:116,0
DA:117,0
DA:118,0
DA:119,0
DA:121,0
DA:122,0
DA:123,0
DA:124,0
DA:125,0
DA:126,0
DA:127,0
DA:129,0
DA:130,0
DA:132,0
DA:134,0
DA:135,0
DA:136,0
DA:138,0
DA:139,0
DA:140,0
DA:142,0
DA:144,0
DA:145,0
DA:147,0
DA:149,0
DA:150,0
DA:152,0
DA:154,0
DA:156,0
DA:157,5
DA:158,5
DA:159,0
DA:160,0
DA:162,0
DA:163,0
DA:164,0
DA:166,0
DA:167,0
DA:168,0
DA:169,5
DA:170,5
DA:172,5
DA:174,0
DA:176,0
DA:177,0
DA:179,0
DA:180,0
DA:182,0
DA:184,0
DA:185,0
DA:186,0
DA:188,16
DA:189,16
DA:190,16
DA:192,9
DA:193,9
DA:196,0
DA:198,0
DA:199,0
DA:200,0
DA:202,0
DA:204,0
DA:205,0
DA:207,32
DA:209,16
DA:211,0
DA:212,0
DA:214,16
DA:216,16
DA:218,32
LF:142
LH:19
end_of_record
TN:
SF:/home/jovan/Documents/VS-2/SketchIt/SketchIt/server/points.cpp
FN:12,21,_ZN6Points10initializeEP6Player
FN:22,25,_ZN6Points11erasePlayerEP6Player
FN:27,38,_ZN6Points15newCorrectGuessEP6Playeri
FN:3,10,_ZN6PointsC2E5QListIP6PlayerE
FN:40,43,_ZN6Points15getRoundResultsEv
FN:45,48,_ZN6Points17newRevealedLetterEv
FNDA:4,_ZN6Points10initializeEP6Player
FNDA:2,_ZN6Points11erasePlayerEP6Player
FNDA:4,_ZN6Points15newCorrectGuessEP6Playeri
FNDA:6,_ZN6PointsC2E5QListIP6PlayerE
FNDA:6,_ZN6Points15getRoundResultsEv
FNDA:3,_ZN6Points17newRevealedLetterEv
FNF:6
FNH:6
DA:3,6
DA:5,16
DA:7,10
DA:10,6
DA:12,4
DA:14,4
DA:15,4
DA:16,4
DA:18,12
DA:19,8
DA:21,4
DA:22,2
DA:24,2
DA:27,4
DA:29,4
DA:30,4
DA:31,4
DA:32,4
DA:34,4
DA:36,4
DA:37,4
DA:38,4
DA:40,6
DA:42,6
DA:45,3
DA:47,3
LF:26
LH:26
end_of_record
TN:
SF:/home/jovan/Documents/VS-2/SketchIt/SketchIt/server/words.cpp
FN:30,45,_ZN5Words9pickWordsEi
FN:4,28,_ZN5WordsC2EP7QObject
FNDA:3,_ZN5Words9pickWordsEi
FNDA:3,_ZN5WordsC2EP7QObject
FNF:2
FNH:2
DA:4,3
DA:5,3
DA:7,3
DA:8,3
DA:10,0
DA:13,3
DA:14,699
DA:16,696
DA:17,696
DA:19,696
DA:21,696
DA:22,3
DA:24,3
DA:26,0
DA:28,3
DA:30,3
DA:32,3
DA:33,3
DA:35,21
DA:37,18
DA:38,18
DA:40,18
DA:41,18
DA:44,6
DA:45,3
LF:25
LH:23
end_of_record
